#
# There is insufficient memory for the Java Runtime Environment to continue.
# Native memory allocation (malloc) failed to allocate 1597392 bytes for Chunk::new
# Possible reasons:
#   The system is out of physical RAM or swap space
#   The process is running with CompressedOops enabled, and the Java Heap may be blocking the growth of the native heap
# Possible solutions:
#   Reduce memory load on the system
#   Increase physical memory or swap space
#   Check if swap backing store is full
#   Decrease Java heap size (-Xmx/-Xms)
#   Decrease number of Java threads
#   Decrease Java thread stack sizes (-Xss)
#   Set larger code cache with -XX:ReservedCodeCacheSize=
#   JVM is running with Unscaled Compressed Oops mode in which the Java heap is
#     placed in the first 4GB address space. The Java Heap base address is the
#     maximum limit for the native heap growth. Please use -XX:HeapBaseMinAddress
#     to set the Java Heap base and to place the Java Heap above 4GB virtual address.
# This output file may be truncated or incomplete.
#
#  Out of Memory Error (arena.cpp:189), pid=29600, tid=19340
#
# JRE version: Java(TM) SE Runtime Environment (17.0.11+7) (build 17.0.11+7-LTS-207)
# Java VM: Java HotSpot(TM) 64-Bit Server VM (17.0.11+7-LTS-207, mixed mode, sharing, tiered, compressed oops, compressed class ptrs, g1 gc, windows-amd64)
# No core dump will be written. Minidumps are not enabled by default on client versions of Windows
#

---------------  S U M M A R Y ------------

Command Line: --add-opens=java.base/java.util=ALL-UNNAMED --add-opens=java.base/java.lang=ALL-UNNAMED --add-opens=java.base/java.lang.invoke=ALL-UNNAMED --add-opens=java.prefs/java.util.prefs=ALL-UNNAMED --add-opens=java.base/java.nio.charset=ALL-UNNAMED --add-opens=java.base/java.net=ALL-UNNAMED --add-opens=java.base/java.util.concurrent.atomic=ALL-UNNAMED -XX:MaxMetaspaceSize=384m -XX:+HeapDumpOnOutOfMemoryError -Xms256m -Xmx512m -Dfile.encoding=x-windows-949 -Duser.country=KR -Duser.language=ko -Duser.variant -javaagent:C:\Users\√÷¡ÿ«ı\.gradle\wrapper\dists\gradle-8.8-bin\dl7vupf4psengwqhwktix4v1\gradle-8.8\lib\agents\gradle-instrumentation-agent-8.8.jar org.gradle.launcher.daemon.bootstrap.GradleDaemon 8.8

Host: 12th Gen Intel(R) Core(TM) i5-12450H, 12 cores, 15G,  Windows 11 , 64 bit Build 22621 (10.0.22621.3672)
Time: Tue Jul 16 17:26:16 2024  Windows 11 , 64 bit Build 22621 (10.0.22621.3672) elapsed time: 50.369356 seconds (0d 0h 0m 50s)

---------------  T H R E A D  ---------------

Current thread (0x000002392bfd5970):  JavaThread "C2 CompilerThread0" daemon [_thread_in_native, id=19340, stack(0x000000a1e8f00000,0x000000a1e9000000)]


Current CompileTask:
C2:  50369 2694   !   4       java.net.URLClassLoader::findClass (47 bytes)

Stack: [0x000000a1e8f00000,0x000000a1e9000000]
Native frames: (J=compiled Java code, j=interpreted, Vv=VM code, C=native code)
V  [jvm.dll+0x679cca]
V  [jvm.dll+0x7da13d]
V  [jvm.dll+0x7dba83]
V  [jvm.dll+0x7dc0f3]
V  [jvm.dll+0x2449af]
V  [jvm.dll+0xab83b]
V  [jvm.dll+0xabe1c]
V  [jvm.dll+0x3615ae]
V  [jvm.dll+0x1b9fca]
V  [jvm.dll+0x216337]
V  [jvm.dll+0x21560f]
V  [jvm.dll+0x1a2040]
V  [jvm.dll+0x225a2b]
V  [jvm.dll+0x223bcb]
V  [jvm.dll+0x7903ec]
V  [jvm.dll+0x78a85a]
V  [jvm.dll+0x678bb5]
C  [ucrtbase.dll+0x29333]
C  [KERNEL32.DLL+0x1257d]
C  [ntdll.dll+0x5af28]


---------------  P R O C E S S  ---------------

Threads class SMR info:
_java_thread_list=0x00000239487d3740, length=30, elements={
0x000002390f2d1a80, 0x000002392bfae7a0, 0x000002392bfb0630, 0x000002392bfcf6b0,
0x000002392bfd0530, 0x000002392bfd2100, 0x000002392bfd4bd0, 0x000002392bfd5970,
0x000002392bfd6830, 0x000002392bfd7230, 0x000002392c179f00, 0x000002392c263a10,
0x000002392cc32e80, 0x000002394628f400, 0x00000239464bf740, 0x000002392c0cf6a0,
0x0000023946457030, 0x0000023946b58450, 0x00000239462cd480, 0x000002392c291750,
0x000002392c290d30, 0x000002392c291240, 0x000002392c292170, 0x000002392c290820,
0x0000023946d7f0a0, 0x0000023946d7ffd0, 0x0000023946d86510, 0x0000023946d850d0,
0x0000023946d83270, 0x0000023946d7f5b0
}

Java Threads: ( => current thread )
  0x000002390f2d1a80 JavaThread "main" [_thread_blocked, id=12512, stack(0x000000a1e8200000,0x000000a1e8300000)]
  0x000002392bfae7a0 JavaThread "Reference Handler" daemon [_thread_blocked, id=22436, stack(0x000000a1e8900000,0x000000a1e8a00000)]
  0x000002392bfb0630 JavaThread "Finalizer" daemon [_thread_blocked, id=19520, stack(0x000000a1e8a00000,0x000000a1e8b00000)]
  0x000002392bfcf6b0 JavaThread "Signal Dispatcher" daemon [_thread_blocked, id=19624, stack(0x000000a1e8b00000,0x000000a1e8c00000)]
  0x000002392bfd0530 JavaThread "Attach Listener" daemon [_thread_blocked, id=20720, stack(0x000000a1e8c00000,0x000000a1e8d00000)]
  0x000002392bfd2100 JavaThread "Service Thread" daemon [_thread_blocked, id=28228, stack(0x000000a1e8d00000,0x000000a1e8e00000)]
  0x000002392bfd4bd0 JavaThread "Monitor Deflation Thread" daemon [_thread_blocked, id=17612, stack(0x000000a1e8e00000,0x000000a1e8f00000)]
=>0x000002392bfd5970 JavaThread "C2 CompilerThread0" daemon [_thread_in_native, id=19340, stack(0x000000a1e8f00000,0x000000a1e9000000)]
  0x000002392bfd6830 JavaThread "C1 CompilerThread0" daemon [_thread_blocked, id=27984, stack(0x000000a1e9000000,0x000000a1e9100000)]
  0x000002392bfd7230 JavaThread "Sweeper thread" daemon [_thread_blocked, id=33096, stack(0x000000a1e9100000,0x000000a1e9200000)]
  0x000002392c179f00 JavaThread "Common-Cleaner" daemon [_thread_blocked, id=11892, stack(0x000000a1e9200000,0x000000a1e9300000)]
  0x000002392c263a10 JavaThread "Notification Thread" daemon [_thread_blocked, id=23212, stack(0x000000a1e9300000,0x000000a1e9400000)]
  0x000002392cc32e80 JavaThread "Daemon health stats" [_thread_blocked, id=10588, stack(0x000000a1e9a00000,0x000000a1e9b00000)]
  0x000002394628f400 JavaThread "Incoming local TCP Connector on port 60718" [_thread_in_native, id=32956, stack(0x000000a1e9b00000,0x000000a1e9c00000)]
  0x00000239464bf740 JavaThread "Daemon periodic checks" [_thread_blocked, id=33692, stack(0x000000a1e9c00000,0x000000a1e9d00000)]
  0x000002392c0cf6a0 JavaThread "Daemon" [_thread_blocked, id=18940, stack(0x000000a1e9d00000,0x000000a1e9e00000)]
  0x0000023946457030 JavaThread "Handler for socket connection from /127.0.0.1:60718 to /127.0.0.1:60719" [_thread_in_native, id=31000, stack(0x000000a1e9e00000,0x000000a1e9f00000)]
  0x0000023946b58450 JavaThread "Cancel handler" [_thread_blocked, id=35592, stack(0x000000a1e9f00000,0x000000a1ea000000)]
  0x00000239462cd480 JavaThread "Daemon worker" [_thread_blocked, id=24732, stack(0x000000a1ea000000,0x000000a1ea100000)]
  0x000002392c291750 JavaThread "Asynchronous log dispatcher for DefaultDaemonConnection: socket connection from /127.0.0.1:60718 to /127.0.0.1:60719" [_thread_blocked, id=35080, stack(0x000000a1ea100000,0x000000a1ea200000)]
  0x000002392c290d30 JavaThread "Stdin handler" [_thread_blocked, id=27252, stack(0x000000a1ea200000,0x000000a1ea300000)]
  0x000002392c291240 JavaThread "Daemon client event forwarder" [_thread_blocked, id=26468, stack(0x000000a1ea300000,0x000000a1ea400000)]
  0x000002392c292170 JavaThread "Cache worker for journal cache (C:\Users\ÏµúÏ§ÄÌòÅ\.gradle\caches\journal-1)" [_thread_blocked, id=23440, stack(0x000000a1ea400000,0x000000a1ea500000)]
  0x000002392c290820 JavaThread "File lock request listener" [_thread_in_native, id=30584, stack(0x000000a1ea500000,0x000000a1ea600000)]
  0x0000023946d7f0a0 JavaThread "File lock release action executor" [_thread_blocked, id=36000, stack(0x000000a1ea600000,0x000000a1ea700000)]
  0x0000023946d7ffd0 JavaThread "Cache worker for file hash cache (C:\Users\ÏµúÏ§ÄÌòÅ\.gradle\caches\8.8\fileHashes)" [_thread_blocked, id=36008, stack(0x000000a1ea700000,0x000000a1ea800000)]
  0x0000023946d86510 JavaThread "File lock release action executor Thread 2" [_thread_blocked, id=36012, stack(0x000000a1ea800000,0x000000a1ea900000)]
  0x0000023946d850d0 JavaThread "Cache worker for file hash cache (C:\Users\ÏµúÏ§ÄÌòÅ\Downloads\Spring_boot_prac-main\OpenBankingAPI\.gradle\8.8\fileHashes)" [_thread_blocked, id=36200, stack(0x000000a1ea900000,0x000000a1eaa00000)]
  0x0000023946d83270 JavaThread "File watcher server" daemon [_thread_in_native, id=36244, stack(0x000000a1eaa00000,0x000000a1eab00000)]
  0x0000023946d7f5b0 JavaThread "File watcher consumer" daemon [_thread_blocked, id=36256, stack(0x000000a1eab00000,0x000000a1eac00000)]

Other Threads:
  0x000002392bfa83f0 VMThread "VM Thread" [stack: 0x000000a1e8800000,0x000000a1e8900000] [id=24296]
  0x000002390f2d2810 WatcherThread [stack: 0x000000a1e9400000,0x000000a1e9500000] [id=6560]
  0x000002390f301f00 GCTaskThread "GC Thread#0" [stack: 0x000000a1e8300000,0x000000a1e8400000] [id=34556]
  0x000002392c29b900 GCTaskThread "GC Thread#1" [stack: 0x000000a1e9500000,0x000000a1e9600000] [id=28664]
  0x000002392c31e680 GCTaskThread "GC Thread#2" [stack: 0x000000a1e9600000,0x000000a1e9700000] [id=18056]
  0x000002392c7f4930 GCTaskThread "GC Thread#3" [stack: 0x000000a1e9700000,0x000000a1e9800000] [id=14032]
  0x000002392c7f4bf0 GCTaskThread "GC Thread#4" [stack: 0x000000a1e9800000,0x000000a1e9900000] [id=26136]
  0x000002392c2229c0 GCTaskThread "GC Thread#5" [stack: 0x000000a1e9900000,0x000000a1e9a00000] [id=27056]
  0x0000023946c21cb0 GCTaskThread "GC Thread#6" [stack: 0x000000a1eac00000,0x000000a1ead00000] [id=36276]
  0x0000023946c21f70 GCTaskThread "GC Thread#7" [stack: 0x000000a1ead00000,0x000000a1eae00000] [id=36280]
  0x0000023947eb9920 GCTaskThread "GC Thread#8" [stack: 0x000000a1eae00000,0x000000a1eaf00000] [id=36284]
  0x0000023947eb88a0 GCTaskThread "GC Thread#9" [stack: 0x000000a1eaf00000,0x000000a1eb000000] [id=36288]
  0x000002390f307e60 ConcurrentGCThread "G1 Main Marker" [stack: 0x000000a1e8400000,0x000000a1e8500000] [id=20288]
  0x000002390f308870 ConcurrentGCThread "G1 Conc#0" [stack: 0x000000a1e8500000,0x000000a1e8600000] [id=19904]
  0x000002390f39e590 ConcurrentGCThread "G1 Refine#0" [stack: 0x000000a1e8600000,0x000000a1e8700000] [id=24632]
  0x000002392be70130 ConcurrentGCThread "G1 Service" [stack: 0x000000a1e8700000,0x000000a1e8800000] [id=9636]

Threads with active compile tasks:
C2 CompilerThread0    50838 2694   !   4       java.net.URLClassLoader::findClass (47 bytes)
C1 CompilerThread0    50841 2855   !   3       java.lang.invoke.MethodHandles$Lookup$ClassFile::newInstance (370 bytes)

VM state: at safepoint (normal execution)

VM Mutex/Monitor currently owned by a thread:  ([mutex/lock_event])
[0x000002390f2cb7b0] Metaspace_lock - owner thread: 0x000002392bfa83f0
[0x000002390f2ce080] Threads_lock - owner thread: 0x000002392bfa83f0
[0x000002390f2ccdf0] Heap_lock - owner thread: 0x000002392bfd6830
[0x000002390f2cc7c0] MethodData_lock - owner thread: 0x000002392bfd6830

Heap address: 0x00000000e0000000, size: 512 MB, Compressed Oops mode: 32-bit

CDS archive(s) mapped at: [0x000002392d000000-0x000002392dbd0000-0x000002392dbd0000), size 12386304, SharedBaseAddress: 0x000002392d000000, ArchiveRelocationMode: 1.
Compressed class space mapped at: 0x000002392e000000-0x0000023942000000, reserved size: 335544320
Narrow klass base: 0x000002392d000000, Narrow klass shift: 0, Narrow klass range: 0x100000000

GC Precious Log:
 CPUs: 12 total, 12 available
 Memory: 16076M
 Large Page Support: Disabled
 NUMA Support: Disabled
 Compressed Oops: Enabled (32-bit)
 Heap Region Size: 1M
 Heap Min Capacity: 256M
 Heap Initial Capacity: 256M
 Heap Max Capacity: 512M
 Pre-touch: Disabled
 Parallel Workers: 10
 Concurrent Workers: 3
 Concurrent Refinement Workers: 10
 Periodic GC: Disabled

Heap:
 garbage-first heap   total 262144K, used 24295K [0x00000000e0000000, 0x0000000100000000)
  region size 1024K, 13 young (13312K), 13 survivors (13312K)
 Metaspace       used 21151K, committed 21504K, reserved 393216K
  class space    used 3110K, committed 3328K, reserved 327680K

Heap Regions: E=young(eden), S=young(survivor), O=old, HS=humongous(starts), HC=humongous(continues), CS=collection set, F=free, OA=open archive, CA=closed archive, TAMS=top-at-mark-start (previous, next)
|   0|0x00000000e0000000, 0x00000000e0100000, 0x00000000e0100000|100%| O|  |TAMS 0x00000000e0000000, 0x00000000e0100000| Untracked 
|   1|0x00000000e0100000, 0x00000000e0200000, 0x00000000e0200000|100%| O|  |TAMS 0x00000000e0100000, 0x00000000e0200000| Untracked 
|   2|0x00000000e0200000, 0x00000000e0300000, 0x00000000e0300000|100%| O|  |TAMS 0x00000000e0200000, 0x00000000e0300000| Untracked 
|   3|0x00000000e0300000, 0x00000000e0400000, 0x00000000e0400000|100%|HS|  |TAMS 0x00000000e0300000, 0x00000000e0400000| Complete 
|   4|0x00000000e0400000, 0x00000000e0500000, 0x00000000e0500000|100%|HC|  |TAMS 0x00000000e0400000, 0x00000000e0500000| Complete 
|   5|0x00000000e0500000, 0x00000000e0600000, 0x00000000e0600000|100%|HC|  |TAMS 0x00000000e0500000, 0x00000000e0600000| Complete 
|   6|0x00000000e0600000, 0x00000000e0700000, 0x00000000e0700000|100%|HC|  |TAMS 0x00000000e0600000, 0x00000000e0700000| Complete 
|   7|0x00000000e0700000, 0x00000000e0800000, 0x00000000e0800000|100%| O|  |TAMS 0x00000000e0700000, 0x00000000e0800000| Untracked 
|   8|0x00000000e0800000, 0x00000000e0900000, 0x00000000e0900000|100%| O|  |TAMS 0x00000000e0800000, 0x00000000e0900000| Untracked 
|   9|0x00000000e0900000, 0x00000000e09bde00, 0x00000000e0a00000| 74%| O|  |TAMS 0x00000000e0900000, 0x00000000e09bde00| Untracked 
|  10|0x00000000e0a00000, 0x00000000e0b00000, 0x00000000e0b00000|100%|HS|  |TAMS 0x00000000e0a00000, 0x00000000e0b00000| Complete 
|  11|0x00000000e0b00000, 0x00000000e0b00000, 0x00000000e0c00000|  0%| F|  |TAMS 0x00000000e0b00000, 0x00000000e0b00000| Untracked 
|  12|0x00000000e0c00000, 0x00000000e0c00000, 0x00000000e0d00000|  0%| F|  |TAMS 0x00000000e0c00000, 0x00000000e0c00000| Untracked 
|  13|0x00000000e0d00000, 0x00000000e0d00000, 0x00000000e0e00000|  0%| F|  |TAMS 0x00000000e0d00000, 0x00000000e0d00000| Untracked 
|  14|0x00000000e0e00000, 0x00000000e0e00000, 0x00000000e0f00000|  0%| F|  |TAMS 0x00000000e0e00000, 0x00000000e0e00000| Untracked 
|  15|0x00000000e0f00000, 0x00000000e0f00000, 0x00000000e1000000|  0%| F|  |TAMS 0x00000000e0f00000, 0x00000000e0f00000| Untracked 
|  16|0x00000000e1000000, 0x00000000e1000000, 0x00000000e1100000|  0%| F|  |TAMS 0x00000000e1000000, 0x00000000e1000000| Untracked 
|  17|0x00000000e1100000, 0x00000000e1100000, 0x00000000e1200000|  0%| F|  |TAMS 0x00000000e1100000, 0x00000000e1100000| Untracked 
|  18|0x00000000e1200000, 0x00000000e1200000, 0x00000000e1300000|  0%| F|  |TAMS 0x00000000e1200000, 0x00000000e1200000| Untracked 
|  19|0x00000000e1300000, 0x00000000e1300000, 0x00000000e1400000|  0%| F|  |TAMS 0x00000000e1300000, 0x00000000e1300000| Untracked 
|  20|0x00000000e1400000, 0x00000000e1400000, 0x00000000e1500000|  0%| F|  |TAMS 0x00000000e1400000, 0x00000000e1400000| Untracked 
|  21|0x00000000e1500000, 0x00000000e1500000, 0x00000000e1600000|  0%| F|  |TAMS 0x00000000e1500000, 0x00000000e1500000| Untracked 
|  22|0x00000000e1600000, 0x00000000e1600000, 0x00000000e1700000|  0%| F|  |TAMS 0x00000000e1600000, 0x00000000e1600000| Untracked 
|  23|0x00000000e1700000, 0x00000000e1700000, 0x00000000e1800000|  0%| F|  |TAMS 0x00000000e1700000, 0x00000000e1700000| Untracked 
|  24|0x00000000e1800000, 0x00000000e1800000, 0x00000000e1900000|  0%| F|  |TAMS 0x00000000e1800000, 0x00000000e1800000| Untracked 
|  25|0x00000000e1900000, 0x00000000e1900000, 0x00000000e1a00000|  0%| F|  |TAMS 0x00000000e1900000, 0x00000000e1900000| Untracked 
|  26|0x00000000e1a00000, 0x00000000e1a00000, 0x00000000e1b00000|  0%| F|  |TAMS 0x00000000e1a00000, 0x00000000e1a00000| Untracked 
|  27|0x00000000e1b00000, 0x00000000e1b00000, 0x00000000e1c00000|  0%| F|  |TAMS 0x00000000e1b00000, 0x00000000e1b00000| Untracked 
|  28|0x00000000e1c00000, 0x00000000e1c00000, 0x00000000e1d00000|  0%| F|  |TAMS 0x00000000e1c00000, 0x00000000e1c00000| Untracked 
|  29|0x00000000e1d00000, 0x00000000e1d00000, 0x00000000e1e00000|  0%| F|  |TAMS 0x00000000e1d00000, 0x00000000e1d00000| Untracked 
|  30|0x00000000e1e00000, 0x00000000e1e00000, 0x00000000e1f00000|  0%| F|  |TAMS 0x00000000e1e00000, 0x00000000e1e00000| Untracked 
|  31|0x00000000e1f00000, 0x00000000e1f00000, 0x00000000e2000000|  0%| F|  |TAMS 0x00000000e1f00000, 0x00000000e1f00000| Untracked 
|  32|0x00000000e2000000, 0x00000000e2000000, 0x00000000e2100000|  0%| F|  |TAMS 0x00000000e2000000, 0x00000000e2000000| Untracked 
|  33|0x00000000e2100000, 0x00000000e2100000, 0x00000000e2200000|  0%| F|  |TAMS 0x00000000e2100000, 0x00000000e2100000| Untracked 
|  34|0x00000000e2200000, 0x00000000e2200000, 0x00000000e2300000|  0%| F|  |TAMS 0x00000000e2200000, 0x00000000e2200000| Untracked 
|  35|0x00000000e2300000, 0x00000000e2300000, 0x00000000e2400000|  0%| F|  |TAMS 0x00000000e2300000, 0x00000000e2300000| Untracked 
|  36|0x00000000e2400000, 0x00000000e2400000, 0x00000000e2500000|  0%| F|  |TAMS 0x00000000e2400000, 0x00000000e2400000| Untracked 
|  37|0x00000000e2500000, 0x00000000e2500000, 0x00000000e2600000|  0%| F|  |TAMS 0x00000000e2500000, 0x00000000e2500000| Untracked 
|  38|0x00000000e2600000, 0x00000000e2600000, 0x00000000e2700000|  0%| F|  |TAMS 0x00000000e2600000, 0x00000000e2600000| Untracked 
|  39|0x00000000e2700000, 0x00000000e2700000, 0x00000000e2800000|  0%| F|  |TAMS 0x00000000e2700000, 0x00000000e2700000| Untracked 
|  40|0x00000000e2800000, 0x00000000e2800000, 0x00000000e2900000|  0%| F|  |TAMS 0x00000000e2800000, 0x00000000e2800000| Untracked 
|  41|0x00000000e2900000, 0x00000000e2900000, 0x00000000e2a00000|  0%| F|  |TAMS 0x00000000e2900000, 0x00000000e2900000| Untracked 
|  42|0x00000000e2a00000, 0x00000000e2a00000, 0x00000000e2b00000|  0%| F|  |TAMS 0x00000000e2a00000, 0x00000000e2a00000| Untracked 
|  43|0x00000000e2b00000, 0x00000000e2b00000, 0x00000000e2c00000|  0%| F|  |TAMS 0x00000000e2b00000, 0x00000000e2b00000| Untracked 
|  44|0x00000000e2c00000, 0x00000000e2c00000, 0x00000000e2d00000|  0%| F|  |TAMS 0x00000000e2c00000, 0x00000000e2c00000| Untracked 
|  45|0x00000000e2d00000, 0x00000000e2d00000, 0x00000000e2e00000|  0%| F|  |TAMS 0x00000000e2d00000, 0x00000000e2d00000| Untracked 
|  46|0x00000000e2e00000, 0x00000000e2e00000, 0x00000000e2f00000|  0%| F|  |TAMS 0x00000000e2e00000, 0x00000000e2e00000| Untracked 
|  47|0x00000000e2f00000, 0x00000000e2f00000, 0x00000000e3000000|  0%| F|  |TAMS 0x00000000e2f00000, 0x00000000e2f00000| Untracked 
|  48|0x00000000e3000000, 0x00000000e3000000, 0x00000000e3100000|  0%| F|  |TAMS 0x00000000e3000000, 0x00000000e3000000| Untracked 
|  49|0x00000000e3100000, 0x00000000e3100000, 0x00000000e3200000|  0%| F|  |TAMS 0x00000000e3100000, 0x00000000e3100000| Untracked 
|  50|0x00000000e3200000, 0x00000000e3200000, 0x00000000e3300000|  0%| F|  |TAMS 0x00000000e3200000, 0x00000000e3200000| Untracked 
|  51|0x00000000e3300000, 0x00000000e3300000, 0x00000000e3400000|  0%| F|  |TAMS 0x00000000e3300000, 0x00000000e3300000| Untracked 
|  52|0x00000000e3400000, 0x00000000e3400000, 0x00000000e3500000|  0%| F|  |TAMS 0x00000000e3400000, 0x00000000e3400000| Untracked 
|  53|0x00000000e3500000, 0x00000000e3500000, 0x00000000e3600000|  0%| F|  |TAMS 0x00000000e3500000, 0x00000000e3500000| Untracked 
|  54|0x00000000e3600000, 0x00000000e3600000, 0x00000000e3700000|  0%| F|  |TAMS 0x00000000e3600000, 0x00000000e3600000| Untracked 
|  55|0x00000000e3700000, 0x00000000e3700000, 0x00000000e3800000|  0%| F|  |TAMS 0x00000000e3700000, 0x00000000e3700000| Untracked 
|  56|0x00000000e3800000, 0x00000000e3800000, 0x00000000e3900000|  0%| F|  |TAMS 0x00000000e3800000, 0x00000000e3800000| Untracked 
|  57|0x00000000e3900000, 0x00000000e3900000, 0x00000000e3a00000|  0%| F|  |TAMS 0x00000000e3900000, 0x00000000e3900000| Untracked 
|  58|0x00000000e3a00000, 0x00000000e3a00000, 0x00000000e3b00000|  0%| F|  |TAMS 0x00000000e3a00000, 0x00000000e3a00000| Untracked 
|  59|0x00000000e3b00000, 0x00000000e3b00000, 0x00000000e3c00000|  0%| F|  |TAMS 0x00000000e3b00000, 0x00000000e3b00000| Untracked 
|  60|0x00000000e3c00000, 0x00000000e3c00000, 0x00000000e3d00000|  0%| F|  |TAMS 0x00000000e3c00000, 0x00000000e3c00000| Untracked 
|  61|0x00000000e3d00000, 0x00000000e3d00000, 0x00000000e3e00000|  0%| F|  |TAMS 0x00000000e3d00000, 0x00000000e3d00000| Untracked 
|  62|0x00000000e3e00000, 0x00000000e3e00000, 0x00000000e3f00000|  0%| F|  |TAMS 0x00000000e3e00000, 0x00000000e3e00000| Untracked 
|  63|0x00000000e3f00000, 0x00000000e3f00000, 0x00000000e4000000|  0%| F|  |TAMS 0x00000000e3f00000, 0x00000000e3f00000| Untracked 
|  64|0x00000000e4000000, 0x00000000e4000000, 0x00000000e4100000|  0%| F|  |TAMS 0x00000000e4000000, 0x00000000e4000000| Untracked 
|  65|0x00000000e4100000, 0x00000000e4100000, 0x00000000e4200000|  0%| F|  |TAMS 0x00000000e4100000, 0x00000000e4100000| Untracked 
|  66|0x00000000e4200000, 0x00000000e4200000, 0x00000000e4300000|  0%| F|  |TAMS 0x00000000e4200000, 0x00000000e4200000| Untracked 
|  67|0x00000000e4300000, 0x00000000e4300000, 0x00000000e4400000|  0%| F|  |TAMS 0x00000000e4300000, 0x00000000e4300000| Untracked 
|  68|0x00000000e4400000, 0x00000000e4400000, 0x00000000e4500000|  0%| F|  |TAMS 0x00000000e4400000, 0x00000000e4400000| Untracked 
|  69|0x00000000e4500000, 0x00000000e4500000, 0x00000000e4600000|  0%| F|  |TAMS 0x00000000e4500000, 0x00000000e4500000| Untracked 
|  70|0x00000000e4600000, 0x00000000e4600000, 0x00000000e4700000|  0%| F|  |TAMS 0x00000000e4600000, 0x00000000e4600000| Untracked 
|  71|0x00000000e4700000, 0x00000000e4700000, 0x00000000e4800000|  0%| F|  |TAMS 0x00000000e4700000, 0x00000000e4700000| Untracked 
|  72|0x00000000e4800000, 0x00000000e4800000, 0x00000000e4900000|  0%| F|  |TAMS 0x00000000e4800000, 0x00000000e4800000| Untracked 
|  73|0x00000000e4900000, 0x00000000e4900000, 0x00000000e4a00000|  0%| F|  |TAMS 0x00000000e4900000, 0x00000000e4900000| Untracked 
|  74|0x00000000e4a00000, 0x00000000e4a00000, 0x00000000e4b00000|  0%| F|  |TAMS 0x00000000e4a00000, 0x00000000e4a00000| Untracked 
|  75|0x00000000e4b00000, 0x00000000e4b00000, 0x00000000e4c00000|  0%| F|  |TAMS 0x00000000e4b00000, 0x00000000e4b00000| Untracked 
|  76|0x00000000e4c00000, 0x00000000e4c00000, 0x00000000e4d00000|  0%| F|  |TAMS 0x00000000e4c00000, 0x00000000e4c00000| Untracked 
|  77|0x00000000e4d00000, 0x00000000e4d00000, 0x00000000e4e00000|  0%| F|  |TAMS 0x00000000e4d00000, 0x00000000e4d00000| Untracked 
|  78|0x00000000e4e00000, 0x00000000e4e00000, 0x00000000e4f00000|  0%| F|  |TAMS 0x00000000e4e00000, 0x00000000e4e00000| Untracked 
|  79|0x00000000e4f00000, 0x00000000e4f00000, 0x00000000e5000000|  0%| F|  |TAMS 0x00000000e4f00000, 0x00000000e4f00000| Untracked 
|  80|0x00000000e5000000, 0x00000000e5000000, 0x00000000e5100000|  0%| F|  |TAMS 0x00000000e5000000, 0x00000000e5000000| Untracked 
|  81|0x00000000e5100000, 0x00000000e5100000, 0x00000000e5200000|  0%| F|  |TAMS 0x00000000e5100000, 0x00000000e5100000| Untracked 
|  82|0x00000000e5200000, 0x00000000e5200000, 0x00000000e5300000|  0%| F|  |TAMS 0x00000000e5200000, 0x00000000e5200000| Untracked 
|  83|0x00000000e5300000, 0x00000000e5300000, 0x00000000e5400000|  0%| F|  |TAMS 0x00000000e5300000, 0x00000000e5300000| Untracked 
|  84|0x00000000e5400000, 0x00000000e5400000, 0x00000000e5500000|  0%| F|  |TAMS 0x00000000e5400000, 0x00000000e5400000| Untracked 
|  85|0x00000000e5500000, 0x00000000e5500000, 0x00000000e5600000|  0%| F|  |TAMS 0x00000000e5500000, 0x00000000e5500000| Untracked 
|  86|0x00000000e5600000, 0x00000000e5600000, 0x00000000e5700000|  0%| F|  |TAMS 0x00000000e5600000, 0x00000000e5600000| Untracked 
|  87|0x00000000e5700000, 0x00000000e5700000, 0x00000000e5800000|  0%| F|  |TAMS 0x00000000e5700000, 0x00000000e5700000| Untracked 
|  88|0x00000000e5800000, 0x00000000e5800000, 0x00000000e5900000|  0%| F|  |TAMS 0x00000000e5800000, 0x00000000e5800000| Untracked 
|  89|0x00000000e5900000, 0x00000000e5900000, 0x00000000e5a00000|  0%| F|  |TAMS 0x00000000e5900000, 0x00000000e5900000| Untracked 
|  90|0x00000000e5a00000, 0x00000000e5a00000, 0x00000000e5b00000|  0%| F|  |TAMS 0x00000000e5a00000, 0x00000000e5a00000| Untracked 
|  91|0x00000000e5b00000, 0x00000000e5b00000, 0x00000000e5c00000|  0%| F|  |TAMS 0x00000000e5b00000, 0x00000000e5b00000| Untracked 
|  92|0x00000000e5c00000, 0x00000000e5c00000, 0x00000000e5d00000|  0%| F|  |TAMS 0x00000000e5c00000, 0x00000000e5c00000| Untracked 
|  93|0x00000000e5d00000, 0x00000000e5d00000, 0x00000000e5e00000|  0%| F|  |TAMS 0x00000000e5d00000, 0x00000000e5d00000| Untracked 
|  94|0x00000000e5e00000, 0x00000000e5e00000, 0x00000000e5f00000|  0%| F|  |TAMS 0x00000000e5e00000, 0x00000000e5e00000| Untracked 
|  95|0x00000000e5f00000, 0x00000000e5f00000, 0x00000000e6000000|  0%| F|  |TAMS 0x00000000e5f00000, 0x00000000e5f00000| Untracked 
|  96|0x00000000e6000000, 0x00000000e6000000, 0x00000000e6100000|  0%| F|  |TAMS 0x00000000e6000000, 0x00000000e6000000| Untracked 
|  97|0x00000000e6100000, 0x00000000e6100000, 0x00000000e6200000|  0%| F|  |TAMS 0x00000000e6100000, 0x00000000e6100000| Untracked 
|  98|0x00000000e6200000, 0x00000000e6200000, 0x00000000e6300000|  0%| F|  |TAMS 0x00000000e6200000, 0x00000000e6200000| Untracked 
|  99|0x00000000e6300000, 0x00000000e6300000, 0x00000000e6400000|  0%| F|  |TAMS 0x00000000e6300000, 0x00000000e6300000| Untracked 
| 100|0x00000000e6400000, 0x00000000e6400000, 0x00000000e6500000|  0%| F|  |TAMS 0x00000000e6400000, 0x00000000e6400000| Untracked 
| 101|0x00000000e6500000, 0x00000000e6500000, 0x00000000e6600000|  0%| F|  |TAMS 0x00000000e6500000, 0x00000000e6500000| Untracked 
| 102|0x00000000e6600000, 0x00000000e6600000, 0x00000000e6700000|  0%| F|  |TAMS 0x00000000e6600000, 0x00000000e6600000| Untracked 
| 103|0x00000000e6700000, 0x00000000e6700000, 0x00000000e6800000|  0%| F|  |TAMS 0x00000000e6700000, 0x00000000e6700000| Untracked 
| 104|0x00000000e6800000, 0x00000000e6800000, 0x00000000e6900000|  0%| F|  |TAMS 0x00000000e6800000, 0x00000000e6800000| Untracked 
| 105|0x00000000e6900000, 0x00000000e6900000, 0x00000000e6a00000|  0%| F|  |TAMS 0x00000000e6900000, 0x00000000e6900000| Untracked 
| 106|0x00000000e6a00000, 0x00000000e6a00000, 0x00000000e6b00000|  0%| F|  |TAMS 0x00000000e6a00000, 0x00000000e6a00000| Untracked 
| 107|0x00000000e6b00000, 0x00000000e6b00000, 0x00000000e6c00000|  0%| F|  |TAMS 0x00000000e6b00000, 0x00000000e6b00000| Untracked 
| 108|0x00000000e6c00000, 0x00000000e6c00000, 0x00000000e6d00000|  0%| F|  |TAMS 0x00000000e6c00000, 0x00000000e6c00000| Untracked 
| 109|0x00000000e6d00000, 0x00000000e6d00000, 0x00000000e6e00000|  0%| F|  |TAMS 0x00000000e6d00000, 0x00000000e6d00000| Untracked 
| 110|0x00000000e6e00000, 0x00000000e6e00000, 0x00000000e6f00000|  0%| F|  |TAMS 0x00000000e6e00000, 0x00000000e6e00000| Untracked 
| 111|0x00000000e6f00000, 0x00000000e6f00000, 0x00000000e7000000|  0%| F|  |TAMS 0x00000000e6f00000, 0x00000000e6f00000| Untracked 
| 112|0x00000000e7000000, 0x00000000e7000000, 0x00000000e7100000|  0%| F|  |TAMS 0x00000000e7000000, 0x00000000e7000000| Untracked 
| 113|0x00000000e7100000, 0x00000000e7100000, 0x00000000e7200000|  0%| F|  |TAMS 0x00000000e7100000, 0x00000000e7100000| Untracked 
| 114|0x00000000e7200000, 0x00000000e7200000, 0x00000000e7300000|  0%| F|  |TAMS 0x00000000e7200000, 0x00000000e7200000| Untracked 
| 115|0x00000000e7300000, 0x00000000e7300000, 0x00000000e7400000|  0%| F|  |TAMS 0x00000000e7300000, 0x00000000e7300000| Untracked 
| 116|0x00000000e7400000, 0x00000000e7400000, 0x00000000e7500000|  0%| F|  |TAMS 0x00000000e7400000, 0x00000000e7400000| Untracked 
| 117|0x00000000e7500000, 0x00000000e7500000, 0x00000000e7600000|  0%| F|  |TAMS 0x00000000e7500000, 0x00000000e7500000| Untracked 
| 118|0x00000000e7600000, 0x00000000e7600000, 0x00000000e7700000|  0%| F|  |TAMS 0x00000000e7600000, 0x00000000e7600000| Untracked 
| 119|0x00000000e7700000, 0x00000000e7700000, 0x00000000e7800000|  0%| F|  |TAMS 0x00000000e7700000, 0x00000000e7700000| Untracked 
| 120|0x00000000e7800000, 0x00000000e7800000, 0x00000000e7900000|  0%| F|  |TAMS 0x00000000e7800000, 0x00000000e7800000| Untracked 
| 121|0x00000000e7900000, 0x00000000e7900000, 0x00000000e7a00000|  0%| F|  |TAMS 0x00000000e7900000, 0x00000000e7900000| Untracked 
| 122|0x00000000e7a00000, 0x00000000e7a00000, 0x00000000e7b00000|  0%| F|  |TAMS 0x00000000e7a00000, 0x00000000e7a00000| Untracked 
| 123|0x00000000e7b00000, 0x00000000e7b00000, 0x00000000e7c00000|  0%| F|  |TAMS 0x00000000e7b00000, 0x00000000e7b00000| Untracked 
| 124|0x00000000e7c00000, 0x00000000e7c00000, 0x00000000e7d00000|  0%| F|  |TAMS 0x00000000e7c00000, 0x00000000e7c00000| Untracked 
| 125|0x00000000e7d00000, 0x00000000e7d00000, 0x00000000e7e00000|  0%| F|  |TAMS 0x00000000e7d00000, 0x00000000e7d00000| Untracked 
| 126|0x00000000e7e00000, 0x00000000e7efbfe8, 0x00000000e7f00000| 98%| S|CS|TAMS 0x00000000e7e00000, 0x00000000e7e00000| Complete 
| 127|0x00000000e7f00000, 0x00000000e8000000, 0x00000000e8000000|100%| S|CS|TAMS 0x00000000e7f00000, 0x00000000e7f00000| Complete 
| 128|0x00000000e8000000, 0x00000000e8100000, 0x00000000e8100000|100%| S|CS|TAMS 0x00000000e8000000, 0x00000000e8000000| Complete 
| 129|0x00000000e8100000, 0x00000000e8200000, 0x00000000e8200000|100%| S|CS|TAMS 0x00000000e8100000, 0x00000000e8100000| Complete 
| 130|0x00000000e8200000, 0x00000000e8300000, 0x00000000e8300000|100%| S|CS|TAMS 0x00000000e8200000, 0x00000000e8200000| Complete 
| 131|0x00000000e8300000, 0x00000000e8400000, 0x00000000e8400000|100%| S|CS|TAMS 0x00000000e8300000, 0x00000000e8300000| Complete 
| 132|0x00000000e8400000, 0x00000000e8500000, 0x00000000e8500000|100%| S|CS|TAMS 0x00000000e8400000, 0x00000000e8400000| Complete 
| 133|0x00000000e8500000, 0x00000000e8600000, 0x00000000e8600000|100%| S|CS|TAMS 0x00000000e8500000, 0x00000000e8500000| Complete 
| 134|0x00000000e8600000, 0x00000000e8700000, 0x00000000e8700000|100%| S|CS|TAMS 0x00000000e8600000, 0x00000000e8600000| Complete 
| 135|0x00000000e8700000, 0x00000000e8800000, 0x00000000e8800000|100%| S|CS|TAMS 0x00000000e8700000, 0x00000000e8700000| Complete 
| 136|0x00000000e8800000, 0x00000000e8900000, 0x00000000e8900000|100%| S|CS|TAMS 0x00000000e8800000, 0x00000000e8800000| Complete 
| 137|0x00000000e8900000, 0x00000000e8a00000, 0x00000000e8a00000|100%| S|CS|TAMS 0x00000000e8900000, 0x00000000e8900000| Complete 
| 138|0x00000000e8a00000, 0x00000000e8b00000, 0x00000000e8b00000|100%| S|CS|TAMS 0x00000000e8a00000, 0x00000000e8a00000| Complete 
| 139|0x00000000e8b00000, 0x00000000e8b00000, 0x00000000e8c00000|  0%| F|  |TAMS 0x00000000e8b00000, 0x00000000e8b00000| Untracked 
| 140|0x00000000e8c00000, 0x00000000e8c00000, 0x00000000e8d00000|  0%| F|  |TAMS 0x00000000e8c00000, 0x00000000e8c00000| Untracked 
| 141|0x00000000e8d00000, 0x00000000e8d00000, 0x00000000e8e00000|  0%| F|  |TAMS 0x00000000e8d00000, 0x00000000e8d00000| Untracked 
| 142|0x00000000e8e00000, 0x00000000e8e00000, 0x00000000e8f00000|  0%| F|  |TAMS 0x00000000e8e00000, 0x00000000e8e00000| Untracked 
| 143|0x00000000e8f00000, 0x00000000e8f00000, 0x00000000e9000000|  0%| F|  |TAMS 0x00000000e8f00000, 0x00000000e8f00000| Untracked 
| 144|0x00000000e9000000, 0x00000000e9000000, 0x00000000e9100000|  0%| F|  |TAMS 0x00000000e9000000, 0x00000000e9000000| Untracked 
| 145|0x00000000e9100000, 0x00000000e9100000, 0x00000000e9200000|  0%| F|  |TAMS 0x00000000e9100000, 0x00000000e9100000| Untracked 
| 146|0x00000000e9200000, 0x00000000e9200000, 0x00000000e9300000|  0%| F|  |TAMS 0x00000000e9200000, 0x00000000e9200000| Untracked 
| 147|0x00000000e9300000, 0x00000000e9300000, 0x00000000e9400000|  0%| F|  |TAMS 0x00000000e9300000, 0x00000000e9300000| Untracked 
| 148|0x00000000e9400000, 0x00000000e9400000, 0x00000000e9500000|  0%| F|  |TAMS 0x00000000e9400000, 0x00000000e9400000| Untracked 
| 149|0x00000000e9500000, 0x00000000e9500000, 0x00000000e9600000|  0%| F|  |TAMS 0x00000000e9500000, 0x00000000e9500000| Untracked 
| 150|0x00000000e9600000, 0x00000000e9600000, 0x00000000e9700000|  0%| F|  |TAMS 0x00000000e9600000, 0x00000000e9600000| Untracked 
| 151|0x00000000e9700000, 0x00000000e9700000, 0x00000000e9800000|  0%| F|  |TAMS 0x00000000e9700000, 0x00000000e9700000| Untracked 
| 152|0x00000000e9800000, 0x00000000e9800000, 0x00000000e9900000|  0%| F|  |TAMS 0x00000000e9800000, 0x00000000e9800000| Untracked 
| 153|0x00000000e9900000, 0x00000000e9900000, 0x00000000e9a00000|  0%| F|  |TAMS 0x00000000e9900000, 0x00000000e9900000| Untracked 
| 154|0x00000000e9a00000, 0x00000000e9a00000, 0x00000000e9b00000|  0%| F|  |TAMS 0x00000000e9a00000, 0x00000000e9a00000| Untracked 
| 155|0x00000000e9b00000, 0x00000000e9b00000, 0x00000000e9c00000|  0%| F|  |TAMS 0x00000000e9b00000, 0x00000000e9b00000| Untracked 
| 156|0x00000000e9c00000, 0x00000000e9c00000, 0x00000000e9d00000|  0%| F|  |TAMS 0x00000000e9c00000, 0x00000000e9c00000| Untracked 
| 157|0x00000000e9d00000, 0x00000000e9d00000, 0x00000000e9e00000|  0%| F|  |TAMS 0x00000000e9d00000, 0x00000000e9d00000| Untracked 
| 158|0x00000000e9e00000, 0x00000000e9e00000, 0x00000000e9f00000|  0%| F|  |TAMS 0x00000000e9e00000, 0x00000000e9e00000| Untracked 
| 159|0x00000000e9f00000, 0x00000000e9f00000, 0x00000000ea000000|  0%| F|  |TAMS 0x00000000e9f00000, 0x00000000e9f00000| Untracked 
| 160|0x00000000ea000000, 0x00000000ea000000, 0x00000000ea100000|  0%| F|  |TAMS 0x00000000ea000000, 0x00000000ea000000| Untracked 
| 161|0x00000000ea100000, 0x00000000ea100000, 0x00000000ea200000|  0%| F|  |TAMS 0x00000000ea100000, 0x00000000ea100000| Untracked 
| 162|0x00000000ea200000, 0x00000000ea200000, 0x00000000ea300000|  0%| F|  |TAMS 0x00000000ea200000, 0x00000000ea200000| Untracked 
| 163|0x00000000ea300000, 0x00000000ea300000, 0x00000000ea400000|  0%| F|  |TAMS 0x00000000ea300000, 0x00000000ea300000| Untracked 
| 164|0x00000000ea400000, 0x00000000ea400000, 0x00000000ea500000|  0%| F|  |TAMS 0x00000000ea400000, 0x00000000ea400000| Untracked 
| 165|0x00000000ea500000, 0x00000000ea500000, 0x00000000ea600000|  0%| F|  |TAMS 0x00000000ea500000, 0x00000000ea500000| Untracked 
| 166|0x00000000ea600000, 0x00000000ea600000, 0x00000000ea700000|  0%| F|  |TAMS 0x00000000ea600000, 0x00000000ea600000| Untracked 
| 167|0x00000000ea700000, 0x00000000ea700000, 0x00000000ea800000|  0%| F|  |TAMS 0x00000000ea700000, 0x00000000ea700000| Untracked 
| 168|0x00000000ea800000, 0x00000000ea800000, 0x00000000ea900000|  0%| F|  |TAMS 0x00000000ea800000, 0x00000000ea800000| Untracked 
| 169|0x00000000ea900000, 0x00000000ea900000, 0x00000000eaa00000|  0%| F|  |TAMS 0x00000000ea900000, 0x00000000ea900000| Untracked 
| 170|0x00000000eaa00000, 0x00000000eaa00000, 0x00000000eab00000|  0%| F|  |TAMS 0x00000000eaa00000, 0x00000000eaa00000| Untracked 
| 171|0x00000000eab00000, 0x00000000eab00000, 0x00000000eac00000|  0%| F|  |TAMS 0x00000000eab00000, 0x00000000eab00000| Untracked 
| 172|0x00000000eac00000, 0x00000000eac00000, 0x00000000ead00000|  0%| F|  |TAMS 0x00000000eac00000, 0x00000000eac00000| Untracked 
| 173|0x00000000ead00000, 0x00000000ead00000, 0x00000000eae00000|  0%| F|  |TAMS 0x00000000ead00000, 0x00000000ead00000| Untracked 
| 174|0x00000000eae00000, 0x00000000eae00000, 0x00000000eaf00000|  0%| F|  |TAMS 0x00000000eae00000, 0x00000000eae00000| Untracked 
| 175|0x00000000eaf00000, 0x00000000eaf00000, 0x00000000eb000000|  0%| F|  |TAMS 0x00000000eaf00000, 0x00000000eaf00000| Untracked 
| 176|0x00000000eb000000, 0x00000000eb000000, 0x00000000eb100000|  0%| F|  |TAMS 0x00000000eb000000, 0x00000000eb000000| Untracked 
| 177|0x00000000eb100000, 0x00000000eb100000, 0x00000000eb200000|  0%| F|  |TAMS 0x00000000eb100000, 0x00000000eb100000| Untracked 
| 178|0x00000000eb200000, 0x00000000eb200000, 0x00000000eb300000|  0%| F|  |TAMS 0x00000000eb200000, 0x00000000eb200000| Untracked 
| 179|0x00000000eb300000, 0x00000000eb300000, 0x00000000eb400000|  0%| F|  |TAMS 0x00000000eb300000, 0x00000000eb300000| Untracked 
| 180|0x00000000eb400000, 0x00000000eb400000, 0x00000000eb500000|  0%| F|  |TAMS 0x00000000eb400000, 0x00000000eb400000| Untracked 
| 181|0x00000000eb500000, 0x00000000eb500000, 0x00000000eb600000|  0%| F|  |TAMS 0x00000000eb500000, 0x00000000eb500000| Untracked 
| 182|0x00000000eb600000, 0x00000000eb600000, 0x00000000eb700000|  0%| F|  |TAMS 0x00000000eb600000, 0x00000000eb600000| Untracked 
| 183|0x00000000eb700000, 0x00000000eb700000, 0x00000000eb800000|  0%| F|  |TAMS 0x00000000eb700000, 0x00000000eb700000| Untracked 
| 184|0x00000000eb800000, 0x00000000eb800000, 0x00000000eb900000|  0%| F|  |TAMS 0x00000000eb800000, 0x00000000eb800000| Untracked 
| 185|0x00000000eb900000, 0x00000000eb900000, 0x00000000eba00000|  0%| F|  |TAMS 0x00000000eb900000, 0x00000000eb900000| Untracked 
| 186|0x00000000eba00000, 0x00000000eba00000, 0x00000000ebb00000|  0%| F|  |TAMS 0x00000000eba00000, 0x00000000eba00000| Untracked 
| 187|0x00000000ebb00000, 0x00000000ebb00000, 0x00000000ebc00000|  0%| F|  |TAMS 0x00000000ebb00000, 0x00000000ebb00000| Untracked 
| 188|0x00000000ebc00000, 0x00000000ebc00000, 0x00000000ebd00000|  0%| F|  |TAMS 0x00000000ebc00000, 0x00000000ebc00000| Untracked 
| 189|0x00000000ebd00000, 0x00000000ebd00000, 0x00000000ebe00000|  0%| F|  |TAMS 0x00000000ebd00000, 0x00000000ebd00000| Untracked 
| 190|0x00000000ebe00000, 0x00000000ebe00000, 0x00000000ebf00000|  0%| F|  |TAMS 0x00000000ebe00000, 0x00000000ebe00000| Untracked 
| 191|0x00000000ebf00000, 0x00000000ebf00000, 0x00000000ec000000|  0%| F|  |TAMS 0x00000000ebf00000, 0x00000000ebf00000| Untracked 
| 192|0x00000000ec000000, 0x00000000ec000000, 0x00000000ec100000|  0%| F|  |TAMS 0x00000000ec000000, 0x00000000ec000000| Untracked 
| 193|0x00000000ec100000, 0x00000000ec100000, 0x00000000ec200000|  0%| F|  |TAMS 0x00000000ec100000, 0x00000000ec100000| Untracked 
| 194|0x00000000ec200000, 0x00000000ec200000, 0x00000000ec300000|  0%| F|  |TAMS 0x00000000ec200000, 0x00000000ec200000| Untracked 
| 195|0x00000000ec300000, 0x00000000ec300000, 0x00000000ec400000|  0%| F|  |TAMS 0x00000000ec300000, 0x00000000ec300000| Untracked 
| 196|0x00000000ec400000, 0x00000000ec400000, 0x00000000ec500000|  0%| F|  |TAMS 0x00000000ec400000, 0x00000000ec400000| Untracked 
| 197|0x00000000ec500000, 0x00000000ec500000, 0x00000000ec600000|  0%| F|  |TAMS 0x00000000ec500000, 0x00000000ec500000| Untracked 
| 198|0x00000000ec600000, 0x00000000ec600000, 0x00000000ec700000|  0%| F|  |TAMS 0x00000000ec600000, 0x00000000ec600000| Untracked 
| 199|0x00000000ec700000, 0x00000000ec700000, 0x00000000ec800000|  0%| F|  |TAMS 0x00000000ec700000, 0x00000000ec700000| Untracked 
| 200|0x00000000ec800000, 0x00000000ec800000, 0x00000000ec900000|  0%| F|  |TAMS 0x00000000ec800000, 0x00000000ec800000| Untracked 
| 201|0x00000000ec900000, 0x00000000ec900000, 0x00000000eca00000|  0%| F|  |TAMS 0x00000000ec900000, 0x00000000ec900000| Untracked 
| 202|0x00000000eca00000, 0x00000000eca00000, 0x00000000ecb00000|  0%| F|  |TAMS 0x00000000eca00000, 0x00000000eca00000| Untracked 
| 203|0x00000000ecb00000, 0x00000000ecb00000, 0x00000000ecc00000|  0%| F|  |TAMS 0x00000000ecb00000, 0x00000000ecb00000| Untracked 
| 204|0x00000000ecc00000, 0x00000000ecc00000, 0x00000000ecd00000|  0%| F|  |TAMS 0x00000000ecc00000, 0x00000000ecc00000| Untracked 
| 205|0x00000000ecd00000, 0x00000000ecd00000, 0x00000000ece00000|  0%| F|  |TAMS 0x00000000ecd00000, 0x00000000ecd00000| Untracked 
| 206|0x00000000ece00000, 0x00000000ece00000, 0x00000000ecf00000|  0%| F|  |TAMS 0x00000000ece00000, 0x00000000ece00000| Untracked 
| 207|0x00000000ecf00000, 0x00000000ecf00000, 0x00000000ed000000|  0%| F|  |TAMS 0x00000000ecf00000, 0x00000000ecf00000| Untracked 
| 208|0x00000000ed000000, 0x00000000ed000000, 0x00000000ed100000|  0%| F|  |TAMS 0x00000000ed000000, 0x00000000ed000000| Untracked 
| 209|0x00000000ed100000, 0x00000000ed100000, 0x00000000ed200000|  0%| F|  |TAMS 0x00000000ed100000, 0x00000000ed100000| Untracked 
| 210|0x00000000ed200000, 0x00000000ed200000, 0x00000000ed300000|  0%| F|  |TAMS 0x00000000ed200000, 0x00000000ed200000| Untracked 
| 211|0x00000000ed300000, 0x00000000ed300000, 0x00000000ed400000|  0%| F|  |TAMS 0x00000000ed300000, 0x00000000ed300000| Untracked 
| 212|0x00000000ed400000, 0x00000000ed400000, 0x00000000ed500000|  0%| F|  |TAMS 0x00000000ed400000, 0x00000000ed400000| Untracked 
| 213|0x00000000ed500000, 0x00000000ed500000, 0x00000000ed600000|  0%| F|  |TAMS 0x00000000ed500000, 0x00000000ed500000| Untracked 
| 214|0x00000000ed600000, 0x00000000ed600000, 0x00000000ed700000|  0%| F|  |TAMS 0x00000000ed600000, 0x00000000ed600000| Untracked 
| 215|0x00000000ed700000, 0x00000000ed700000, 0x00000000ed800000|  0%| F|  |TAMS 0x00000000ed700000, 0x00000000ed700000| Untracked 
| 216|0x00000000ed800000, 0x00000000ed800000, 0x00000000ed900000|  0%| F|  |TAMS 0x00000000ed800000, 0x00000000ed800000| Untracked 
| 217|0x00000000ed900000, 0x00000000ed900000, 0x00000000eda00000|  0%| F|  |TAMS 0x00000000ed900000, 0x00000000ed900000| Untracked 
| 218|0x00000000eda00000, 0x00000000eda00000, 0x00000000edb00000|  0%| F|  |TAMS 0x00000000eda00000, 0x00000000eda00000| Untracked 
| 219|0x00000000edb00000, 0x00000000edb00000, 0x00000000edc00000|  0%| F|  |TAMS 0x00000000edb00000, 0x00000000edb00000| Untracked 
| 220|0x00000000edc00000, 0x00000000edc00000, 0x00000000edd00000|  0%| F|  |TAMS 0x00000000edc00000, 0x00000000edc00000| Untracked 
| 221|0x00000000edd00000, 0x00000000edd00000, 0x00000000ede00000|  0%| F|  |TAMS 0x00000000edd00000, 0x00000000edd00000| Untracked 
| 222|0x00000000ede00000, 0x00000000ede00000, 0x00000000edf00000|  0%| F|  |TAMS 0x00000000ede00000, 0x00000000ede00000| Untracked 
| 223|0x00000000edf00000, 0x00000000edf00000, 0x00000000ee000000|  0%| F|  |TAMS 0x00000000edf00000, 0x00000000edf00000| Untracked 
| 224|0x00000000ee000000, 0x00000000ee000000, 0x00000000ee100000|  0%| F|  |TAMS 0x00000000ee000000, 0x00000000ee000000| Untracked 
| 225|0x00000000ee100000, 0x00000000ee100000, 0x00000000ee200000|  0%| F|  |TAMS 0x00000000ee100000, 0x00000000ee100000| Untracked 
| 226|0x00000000ee200000, 0x00000000ee200000, 0x00000000ee300000|  0%| F|  |TAMS 0x00000000ee200000, 0x00000000ee200000| Untracked 
| 227|0x00000000ee300000, 0x00000000ee300000, 0x00000000ee400000|  0%| F|  |TAMS 0x00000000ee300000, 0x00000000ee300000| Untracked 
| 228|0x00000000ee400000, 0x00000000ee400000, 0x00000000ee500000|  0%| F|  |TAMS 0x00000000ee400000, 0x00000000ee400000| Untracked 
| 229|0x00000000ee500000, 0x00000000ee500000, 0x00000000ee600000|  0%| F|  |TAMS 0x00000000ee500000, 0x00000000ee500000| Untracked 
| 230|0x00000000ee600000, 0x00000000ee600000, 0x00000000ee700000|  0%| F|  |TAMS 0x00000000ee600000, 0x00000000ee600000| Untracked 
| 231|0x00000000ee700000, 0x00000000ee700000, 0x00000000ee800000|  0%| F|  |TAMS 0x00000000ee700000, 0x00000000ee700000| Untracked 
| 232|0x00000000ee800000, 0x00000000ee800000, 0x00000000ee900000|  0%| F|  |TAMS 0x00000000ee800000, 0x00000000ee800000| Untracked 
| 233|0x00000000ee900000, 0x00000000ee900000, 0x00000000eea00000|  0%| F|  |TAMS 0x00000000ee900000, 0x00000000ee900000| Untracked 
| 234|0x00000000eea00000, 0x00000000eea00000, 0x00000000eeb00000|  0%| F|  |TAMS 0x00000000eea00000, 0x00000000eea00000| Untracked 
| 235|0x00000000eeb00000, 0x00000000eeb00000, 0x00000000eec00000|  0%| F|  |TAMS 0x00000000eeb00000, 0x00000000eeb00000| Untracked 
| 236|0x00000000eec00000, 0x00000000eec00000, 0x00000000eed00000|  0%| F|  |TAMS 0x00000000eec00000, 0x00000000eec00000| Untracked 
| 237|0x00000000eed00000, 0x00000000eed00000, 0x00000000eee00000|  0%| F|  |TAMS 0x00000000eed00000, 0x00000000eed00000| Untracked 
| 238|0x00000000eee00000, 0x00000000eee00000, 0x00000000eef00000|  0%| F|  |TAMS 0x00000000eee00000, 0x00000000eee00000| Untracked 
| 239|0x00000000eef00000, 0x00000000eef00000, 0x00000000ef000000|  0%| F|  |TAMS 0x00000000eef00000, 0x00000000eef00000| Untracked 
| 240|0x00000000ef000000, 0x00000000ef000000, 0x00000000ef100000|  0%| F|  |TAMS 0x00000000ef000000, 0x00000000ef000000| Untracked 
| 241|0x00000000ef100000, 0x00000000ef100000, 0x00000000ef200000|  0%| F|  |TAMS 0x00000000ef100000, 0x00000000ef100000| Untracked 
| 242|0x00000000ef200000, 0x00000000ef200000, 0x00000000ef300000|  0%| F|  |TAMS 0x00000000ef200000, 0x00000000ef200000| Untracked 
| 243|0x00000000ef300000, 0x00000000ef300000, 0x00000000ef400000|  0%| F|  |TAMS 0x00000000ef300000, 0x00000000ef300000| Untracked 
| 244|0x00000000ef400000, 0x00000000ef400000, 0x00000000ef500000|  0%| F|  |TAMS 0x00000000ef400000, 0x00000000ef400000| Untracked 
| 245|0x00000000ef500000, 0x00000000ef500000, 0x00000000ef600000|  0%| F|  |TAMS 0x00000000ef500000, 0x00000000ef500000| Untracked 
| 246|0x00000000ef600000, 0x00000000ef600000, 0x00000000ef700000|  0%| F|  |TAMS 0x00000000ef600000, 0x00000000ef600000| Untracked 
| 247|0x00000000ef700000, 0x00000000ef700000, 0x00000000ef800000|  0%| F|  |TAMS 0x00000000ef700000, 0x00000000ef700000| Untracked 
| 248|0x00000000ef800000, 0x00000000ef800000, 0x00000000ef900000|  0%| F|  |TAMS 0x00000000ef800000, 0x00000000ef800000| Untracked 
| 249|0x00000000ef900000, 0x00000000ef900000, 0x00000000efa00000|  0%| F|  |TAMS 0x00000000ef900000, 0x00000000ef900000| Untracked 
| 250|0x00000000efa00000, 0x00000000efa00000, 0x00000000efb00000|  0%| F|  |TAMS 0x00000000efa00000, 0x00000000efa00000| Untracked 
| 251|0x00000000efb00000, 0x00000000efb00000, 0x00000000efc00000|  0%| F|  |TAMS 0x00000000efb00000, 0x00000000efb00000| Untracked 
| 252|0x00000000efc00000, 0x00000000efc00000, 0x00000000efd00000|  0%| F|  |TAMS 0x00000000efc00000, 0x00000000efc00000| Untracked 
| 253|0x00000000efd00000, 0x00000000efd00000, 0x00000000efe00000|  0%| F|  |TAMS 0x00000000efd00000, 0x00000000efd00000| Untracked 
| 254|0x00000000efe00000, 0x00000000efe00000, 0x00000000eff00000|  0%| F|  |TAMS 0x00000000efe00000, 0x00000000efe00000| Untracked 
| 255|0x00000000eff00000, 0x00000000eff00000, 0x00000000f0000000|  0%| F|  |TAMS 0x00000000eff00000, 0x00000000eff00000| Untracked 

Card table byte_map: [0x0000023928110000,0x0000023928210000] _byte_map_base: 0x0000023927a10000

Marking Bits (Prev, Next): (CMBitMap*) 0x000002390f303530, (CMBitMap*) 0x000002390f303570
 Prev Bits: [0x0000023928310000, 0x0000023928b10000)
 Next Bits: [0x0000023928b10000, 0x0000023929310000)

Polling page: 0x000002390f3a0000

Metaspace:

Usage:
  Non-class:     17.62 MB used.
      Class:      3.04 MB used.
       Both:     20.66 MB used.

Virtual space:
  Non-class space:       64.00 MB reserved,      17.75 MB ( 28%) committed,  1 nodes.
      Class space:      320.00 MB reserved,       3.25 MB (  1%) committed,  1 nodes.
             Both:      384.00 MB reserved,      21.00 MB (  5%) committed. 

Chunk freelists:
   Non-Class:  14.22 MB
       Class:  12.81 MB
        Both:  27.03 MB

MaxMetaspaceSize: 384.00 MB
CompressedClassSpaceSize: 320.00 MB
Initial GC threshold: 21.00 MB
Current GC threshold: 21.31 MB
CDS: on
MetaspaceReclaimPolicy: balanced
 - commit_granule_bytes: 65536.
 - commit_granule_words: 8192.
 - virtual_space_node_default_size: 8388608.
 - enlarge_chunks_in_place: 1.
 - new_chunks_are_fully_committed: 0.
 - uncommit_free_chunks: 1.
 - use_allocation_guard: 0.
 - handle_deallocations: 1.


Internal statistics:

num_allocs_failed_limit: 3.
num_arena_births: 242.
num_arena_deaths: 0.
num_vsnodes_births: 2.
num_vsnodes_deaths: 0.
num_space_committed: 336.
num_space_uncommitted: 0.
num_chunks_returned_to_freelist: 3.
num_chunks_taken_from_freelist: 1004.
num_chunk_merges: 0.
num_chunk_splits: 661.
num_chunks_enlarged: 475.
num_inconsistent_stats: 0.

CodeHeap 'non-profiled nmethods': size=120000Kb used=1442Kb max_used=1442Kb free=118558Kb
 bounds [0x000002391fe60000, 0x00000239200d0000, 0x0000023927390000]
CodeHeap 'profiled nmethods': size=120000Kb used=5751Kb max_used=5751Kb free=114248Kb
 bounds [0x0000023918390000, 0x0000023918930000, 0x000002391f8c0000]
CodeHeap 'non-nmethods': size=5760Kb used=1239Kb max_used=1281Kb free=4520Kb
 bounds [0x000002391f8c0000, 0x000002391fb30000, 0x000002391fe60000]
 total_blobs=3382 nmethods=2835 adapters=459
 compilation: enabled
              stopped_count=0, restarted_count=0
 full_count=0

Compilation events (20 events):
Event: 50.125 Thread 0x000002392bfd6830 2824       3       org.objectweb.asm.MethodVisitor::visitMethodInsn (80 bytes)
Event: 50.126 Thread 0x000002392bfd6830 nmethod 2824 0x000002391891e310 code [0x000002391891e4e0, 0x000002391891e9c8]
Event: 50.126 Thread 0x000002392bfd6830 2825       3       org.objectweb.asm.MethodWriter::visitMethodInsn (191 bytes)
Event: 50.127 Thread 0x000002392bfd6830 nmethod 2825 0x000002391891eb10 code [0x000002391891ed40, 0x000002391891f548]
Event: 50.127 Thread 0x000002392bfd6830 2827       3       org.objectweb.asm.Type::appendDescriptor (90 bytes)
Event: 50.128 Thread 0x000002392bfd6830 nmethod 2827 0x000002391891f890 code [0x000002391891faa0, 0x000002391891ffc8]
Event: 50.128 Thread 0x000002392bfd6830 2829       3       java.lang.WeakPairMap$Pair$Weak::second (8 bytes)
Event: 50.128 Thread 0x000002392bfd6830 nmethod 2829 0x0000023918920210 code [0x00000239189203a0, 0x0000023918920578]
Event: 50.128 Thread 0x000002392bfd6830 2830       3       java.lang.reflect.ProxyGenerator$ProxyMethod::emitIconstInsn (75 bytes)
Event: 50.129 Thread 0x000002392bfd6830 nmethod 2830 0x0000023918920610 code [0x0000023918920840, 0x0000023918921118]
Event: 50.136 Thread 0x000002392bfd6830 2831       3       java.lang.reflect.Constructor::acquireConstructorAccessor (44 bytes)
Event: 50.137 Thread 0x000002392bfd6830 nmethod 2831 0x0000023918921390 code [0x0000023918921580, 0x0000023918921a78]
Event: 50.173 Thread 0x000002392bfd6830 2832       3       java.util.concurrent.locks.AbstractQueuedSynchronizer$Node::setStatusRelaxed (12 bytes)
Event: 50.173 Thread 0x000002392bfd6830 nmethod 2832 0x0000023918921c10 code [0x0000023918921da0, 0x0000023918921eb8]
Event: 50.192 Thread 0x000002392bfd6830 2833       3       java.lang.reflect.ProxyGenerator$ProxyMethod::codeClassForName (26 bytes)
Event: 50.192 Thread 0x000002392bfd6830 nmethod 2833 0x0000023918921f90 code [0x0000023918922160, 0x0000023918922528]
Event: 50.193 Thread 0x000002392bfd6830 2835       3       java.lang.PublicMethods$MethodList::filter (104 bytes)
Event: 50.195 Thread 0x000002392bfd6830 nmethod 2835 0x0000023918922690 code [0x00000239189228c0, 0x0000023918923338]
Event: 50.195 Thread 0x000002392bfd6830 2834       3       java.lang.Class::getMethodsRecursive (99 bytes)
Event: 50.196 Thread 0x000002392bfd6830 nmethod 2834 0x0000023918923810 code [0x0000023918923a40, 0x0000023918923fe8]

GC Heap History (6 events):
Event: 14.760 GC heap before
{Heap before GC invocations=0 (full 0):
 garbage-first heap   total 262144K, used 22528K [0x00000000e0000000, 0x0000000100000000)
  region size 1024K, 23 young (23552K), 0 survivors (0K)
 Metaspace       used 1159K, committed 1280K, reserved 393216K
  class space    used 87K, committed 128K, reserved 327680K
}
Event: 14.775 GC heap after
{Heap after GC invocations=1 (full 0):
 garbage-first heap   total 262144K, used 5204K [0x00000000e0000000, 0x0000000100000000)
  region size 1024K, 3 young (3072K), 3 survivors (3072K)
 Metaspace       used 1159K, committed 1280K, reserved 393216K
  class space    used 87K, committed 128K, reserved 327680K
}
Event: 22.699 GC heap before
{Heap before GC invocations=1 (full 0):
 garbage-first heap   total 262144K, used 38996K [0x00000000e0000000, 0x0000000100000000)
  region size 1024K, 32 young (32768K), 3 survivors (3072K)
 Metaspace       used 4108K, committed 4288K, reserved 393216K
  class space    used 510K, committed 640K, reserved 327680K
}
Event: 22.707 GC heap after
{Heap after GC invocations=2 (full 0):
 garbage-first heap   total 262144K, used 12096K [0x00000000e0000000, 0x0000000100000000)
  region size 1024K, 3 young (3072K), 3 survivors (3072K)
 Metaspace       used 4108K, committed 4288K, reserved 393216K
  class space    used 510K, committed 640K, reserved 327680K
}
Event: 30.722 GC heap before
{Heap before GC invocations=2 (full 0):
 garbage-first heap   total 262144K, used 56128K [0x00000000e0000000, 0x0000000100000000)
  region size 1024K, 44 young (45056K), 3 survivors (3072K)
 Metaspace       used 4215K, committed 4416K, reserved 393216K
  class space    used 513K, committed 640K, reserved 327680K
}
Event: 30.729 GC heap after
{Heap after GC invocations=3 (full 0):
 garbage-first heap   total 262144K, used 17143K [0x00000000e0000000, 0x0000000100000000)
  region size 1024K, 6 young (6144K), 6 survivors (6144K)
 Metaspace       used 4215K, committed 4416K, reserved 393216K
  class space    used 513K, committed 640K, reserved 327680K
}

Deoptimization events (20 events):
Event: 47.416 Thread 0x00000239462cd480 DEOPT PACKING pc=0x000002391ff2314c sp=0x000000a1ea0fcf80
Event: 47.416 Thread 0x00000239462cd480 DEOPT UNPACKING pc=0x000002391f9123a3 sp=0x000000a1ea0fce18 mode 2
Event: 48.221 Thread 0x00000239462cd480 DEOPT PACKING pc=0x000002391875d7c9 sp=0x000000a1ea0fbda0
Event: 48.221 Thread 0x00000239462cd480 DEOPT UNPACKING pc=0x000002391f912b43 sp=0x000000a1ea0fb2b0 mode 0
Event: 48.521 Thread 0x00000239462cd480 DEOPT PACKING pc=0x000002391875d7ea sp=0x000000a1ea0fba50
Event: 48.522 Thread 0x00000239462cd480 DEOPT UNPACKING pc=0x000002391f912b43 sp=0x000000a1ea0faf60 mode 0
Event: 48.537 Thread 0x00000239462cd480 DEOPT PACKING pc=0x000002391875d7c9 sp=0x000000a1ea0fa250
Event: 48.537 Thread 0x00000239462cd480 DEOPT UNPACKING pc=0x000002391f912b43 sp=0x000000a1ea0f9760 mode 0
Event: 49.334 Thread 0x00000239462cd480 Uncommon trap: trap_request=0xffffff45 fr.pc=0x000002391fef18c4 relative=0x00000000000000a4
Event: 49.334 Thread 0x00000239462cd480 Uncommon trap: reason=unstable_if action=reinterpret pc=0x000002391fef18c4 method=java.lang.String$CaseInsensitiveComparator.compare(Ljava/lang/String;Ljava/lang/String;)I @ 28 c2
Event: 49.334 Thread 0x00000239462cd480 DEOPT PACKING pc=0x000002391fef18c4 sp=0x000000a1ea0fbcb0
Event: 49.334 Thread 0x00000239462cd480 DEOPT UNPACKING pc=0x000002391f9123a3 sp=0x000000a1ea0fbc20 mode 2
Event: 49.756 Thread 0x00000239462cd480 Uncommon trap: trap_request=0xffffff6e fr.pc=0x000002391ff30b30 relative=0x0000000000000310
Event: 49.756 Thread 0x00000239462cd480 Uncommon trap: reason=loop_limit_check action=maybe_recompile pc=0x000002391ff30b30 method=java.lang.StringUTF16.indexOfLatin1Unsafe([BI[BII)I @ 120 c2
Event: 49.756 Thread 0x00000239462cd480 DEOPT PACKING pc=0x000002391ff30b30 sp=0x000000a1ea0f8560
Event: 49.756 Thread 0x00000239462cd480 DEOPT UNPACKING pc=0x000002391f9123a3 sp=0x000000a1ea0f84c0 mode 2
Event: 50.167 Thread 0x00000239462cd480 DEOPT PACKING pc=0x00000239186f3008 sp=0x000000a1ea0f5bc0
Event: 50.167 Thread 0x00000239462cd480 DEOPT UNPACKING pc=0x000002391f912b43 sp=0x000000a1ea0f50c8 mode 0
Event: 50.339 Thread 0x00000239462cd480 DEOPT PACKING pc=0x0000023918477fbd sp=0x000000a1ea0fba00
Event: 50.339 Thread 0x00000239462cd480 DEOPT UNPACKING pc=0x000002391f912b43 sp=0x000000a1ea0fae98 mode 0

Classes unloaded (0 events):
No events

Classes redefined (0 events):
No events

Internal exceptions (20 events):
Event: 44.293 Thread 0x00000239462cd480 Exception <a 'java/lang/NoSuchMethodError'{0x00000000ec7a4f40}: 'void java.lang.invoke.DirectMethodHandle$Holder.invokeStaticInit(java.lang.Object)'> (0x00000000ec7a4f40) 
thrown [s\open\src\hotspot\share\interpreter\linkResolver.cpp, line 759]
Event: 44.361 Thread 0x00000239462cd480 Exception <a 'java/lang/NoSuchMethodError'{0x00000000ec663148}: 'java.lang.Object java.lang.invoke.DirectMethodHandle$Holder.newInvokeSpecial(java.lang.Object, java.lang.Object, java.lang.Object, int)'> (0x00000000ec663148) 
thrown [s\open\src\hotspot\share\interpreter\linkResolver.cpp, line 759]
Event: 44.362 Thread 0x00000239462cd480 Exception <a 'java/lang/NoSuchMethodError'{0x00000000ec667a78}: 'java.lang.Object java.lang.invoke.DirectMethodHandle$Holder.invokeSpecial(java.lang.Object, java.lang.Object, java.lang.Object, java.lang.Object, int)'> (0x00000000ec667a78) 
thrown [s\open\src\hotspot\share\interpreter\linkResolver.cpp, line 759]
Event: 44.363 Thread 0x00000239462cd480 Exception <a 'java/lang/NoSuchMethodError'{0x00000000ec66bb90}: 'java.lang.Object java.lang.invoke.Invokers$Holder.linkToTargetMethod(java.lang.Object, java.lang.Object, int, java.lang.Object)'> (0x00000000ec66bb90) 
thrown [s\open\src\hotspot\share\interpreter\linkResolver.cpp, line 759]
Event: 47.213 Thread 0x00000239462cd480 Exception <a 'java/lang/NoSuchMethodError'{0x00000000ec0b82c0}: 'int java.lang.invoke.DirectMethodHandle$Holder.invokeVirtual(java.lang.Object, java.lang.Object, java.lang.Object)'> (0x00000000ec0b82c0) 
thrown [s\open\src\hotspot\share\interpreter\linkResolver.cpp, line 759]
Event: 47.258 Thread 0x00000239462cd480 Exception <a 'java/lang/NoSuchMethodError'{0x00000000ebfd2278}: 'int java.lang.invoke.DirectMethodHandle$Holder.invokeSpecialIFC(java.lang.Object, java.lang.Object, java.lang.Object, java.lang.Object)'> (0x00000000ebfd2278) 
thrown [s\open\src\hotspot\share\interpreter\linkResolver.cpp, line 759]
Event: 47.262 Thread 0x00000239462cd480 Exception <a 'java/lang/NoSuchMethodError'{0x00000000ebfe10e8}: 'java.lang.Object java.lang.invoke.DirectMethodHandle$Holder.invokeInterface(java.lang.Object, java.lang.Object, java.lang.Object)'> (0x00000000ebfe10e8) 
thrown [s\open\src\hotspot\share\interpreter\linkResolver.cpp, line 759]
Event: 47.263 Thread 0x00000239462cd480 Exception <a 'java/lang/IncompatibleClassChangeError'{0x00000000ebfe4d00}: Found class java.lang.Object, but interface was expected> (0x00000000ebfe4d00) 
thrown [s\open\src\hotspot\share\interpreter\linkResolver.cpp, line 826]
Event: 47.362 Thread 0x00000239462cd480 Exception <a 'java/lang/NoSuchMethodError'{0x00000000ebdf2a48}: 'int java.lang.invoke.DirectMethodHandle$Holder.invokeStatic(java.lang.Object, java.lang.Object, java.lang.Object, java.lang.Object)'> (0x00000000ebdf2a48) 
thrown [s\open\src\hotspot\share\interpreter\linkResolver.cpp, line 759]
Event: 47.363 Thread 0x00000239462cd480 Exception <a 'java/lang/NoSuchMethodError'{0x00000000ebdf6670}: 'java.lang.Object java.lang.invoke.Invokers$Holder.invokeExact_MT(java.lang.Object, java.lang.Object, java.lang.Object, java.lang.Object, java.lang.Object, java.lang.Object)'> (0x00000000ebdf6670) 
thrown [s\open\src\hotspot\share\interpreter\linkResolver.cpp, line 759]
Event: 47.527 Thread 0x00000239462cd480 Exception <a 'java/lang/IncompatibleClassChangeError'{0x00000000ebadf870}: Found class java.lang.Object, but interface was expected> (0x00000000ebadf870) 
thrown [s\open\src\hotspot\share\interpreter\linkResolver.cpp, line 826]
Event: 49.408 Thread 0x00000239462cd480 Exception <a 'java/lang/NoSuchMethodError'{0x00000000ea158860}: 'java.lang.Object java.lang.invoke.DirectMethodHandle$Holder.invokeVirtual(java.lang.Object, java.lang.Object, java.lang.Object, java.lang.Object)'> (0x00000000ea158860) 
thrown [s\open\src\hotspot\share\interpreter\linkResolver.cpp, line 759]
Event: 49.487 Thread 0x00000239462cd480 Exception <a 'java/lang/NoSuchMethodError'{0x00000000ea0cab58}: 'java.lang.Object java.lang.invoke.DirectMethodHandle$Holder.newInvokeSpecial(java.lang.Object, java.lang.Object, java.lang.Object, java.lang.Object, java.lang.Object, java.lang.Object, java.lang.Object)'> (0x00000000ea0cab58) 
thrown [s\open\src\hotspot\share\interpreter\linkResolver.cpp, line 759]
Event: 49.488 Thread 0x00000239462cd480 Exception <a 'java/lang/NoSuchMethodError'{0x00000000ea0cf828}: 'java.lang.Object java.lang.invoke.Invokers$Holder.linkToTargetMethod(java.lang.Object, java.lang.Object, java.lang.Object, java.lang.Object, java.lang.Object, java.lang.Object, java.lang.Object)'> (0x00000000ea0cf828) 
thrown [s\open\src\hotspot\share\interpreter\linkResolver.cpp, line 759]
Event: 49.576 Thread 0x00000239462cd480 Exception <a 'java/lang/NoSuchMethodError'{0x00000000e9e429c0}: 'java.lang.Object java.lang.invoke.DirectMethodHandle$Holder.invokeVirtual(java.lang.Object, java.lang.Object, java.lang.Object, java.lang.Object, java.lang.Object, java.lang.Object, java.lang.Object, java.lang.Object, java.lang.Object, java.lang.Object, java.lang.Object, java.lang.Object, java.lang.Object, java.lang.Object, java.lang.Object, java.lang.Object, java.lang.Object, java.lang.Object, java.lang.Object, java.lang.Object, java.lang.Ob
Event: 49.961 Thread 0x00000239462cd480 Exception <a 'java/lang/NoSuchMethodError'{0x00000000e95ac240}: 'java.lang.Object java.lang.invoke.DirectMethodHandle$Holder.invokeStaticInit(java.lang.Object, java.lang.Object, java.lang.Object, java.lang.Object)'> (0x00000000e95ac240) 
thrown [s\open\src\hotspot\share\interpreter\linkResolver.cpp, line 759]
Event: 49.991 Thread 0x00000239462cd480 Exception <a 'java/lang/NoSuchMethodError'{0x00000000e94af510}: 'java.lang.Object java.lang.invoke.DirectMethodHandle$Holder.newInvokeSpecial(java.lang.Object, java.lang.Object, java.lang.Object, java.lang.Object, java.lang.Object, java.lang.Object, java.lang.Object, java.lang.Object)'> (0x00000000e94af510) 
thrown [s\open\src\hotspot\share\interpreter\linkResolver.cpp, line 759]
Event: 49.992 Thread 0x00000239462cd480 Exception <a 'java/lang/NoSuchMethodError'{0x00000000e94b4f18}: 'java.lang.Object java.lang.invoke.DirectMethodHandle$Holder.invokeSpecial(java.lang.Object, java.lang.Object, java.lang.Object, java.lang.Object, java.lang.Object, java.lang.Object, java.lang.Object, java.lang.Object, java.lang.Object)'> (0x00000000e94b4f18) 
thrown [s\open\src\hotspot\share\interpreter\linkResolver.cpp, line 759]
Event: 49.992 Thread 0x00000239462cd480 Exception <a 'java/lang/NoSuchMethodError'{0x00000000e94ba2c8}: 'java.lang.Object java.lang.invoke.Invokers$Holder.linkToTargetMethod(java.lang.Object, java.lang.Object, java.lang.Object, java.lang.Object, java.lang.Object, java.lang.Object, java.lang.Object, java.lang.Object)'> (0x00000000e94ba2c8) 
thrown [s\open\src\hotspot\share\interpreter\linkResolver.cpp, line 759]
Event: 50.008 Thread 0x00000239462cd480 Exception <a 'java/lang/NoSuchMethodError'{0x00000000e930b1b0}: 'void java.lang.invoke.DirectMethodHandle$Holder.invokeStatic(java.lang.Object, java.lang.Object, java.lang.Object, java.lang.Object)'> (0x00000000e930b1b0) 
thrown [s\open\src\hotspot\share\interpreter\linkResolver.cpp, line 759]

VM Operations (20 events):
Event: 43.864 Executing VM operation: HandshakeAllThreads
Event: 43.864 Executing VM operation: HandshakeAllThreads done
Event: 44.871 Executing VM operation: Cleanup
Event: 44.872 Executing VM operation: Cleanup done
Event: 45.878 Executing VM operation: Cleanup
Event: 45.878 Executing VM operation: Cleanup done
Event: 46.888 Executing VM operation: Cleanup
Event: 46.888 Executing VM operation: Cleanup done
Event: 46.998 Executing VM operation: HandshakeAllThreads
Event: 46.998 Executing VM operation: HandshakeAllThreads done
Event: 46.999 Executing VM operation: HandshakeAllThreads
Event: 46.999 Executing VM operation: HandshakeAllThreads done
Event: 47.501 Executing VM operation: HandshakeAllThreads
Event: 47.502 Executing VM operation: HandshakeAllThreads done
Event: 47.503 Executing VM operation: HandshakeAllThreads
Event: 47.503 Executing VM operation: HandshakeAllThreads done
Event: 49.112 Executing VM operation: Cleanup
Event: 49.171 Executing VM operation: Cleanup done
Event: 50.173 Executing VM operation: Cleanup
Event: 50.174 Executing VM operation: Cleanup done

Events (20 events):
Event: 48.721 loading class java/io/ObjectStreamConstants
Event: 48.721 loading class java/io/ObjectStreamConstants done
Event: 48.721 loading class java/io/ObjectInputStream done
Event: 48.723 loading class java/io/ObjectOutputStream
Event: 48.723 loading class java/io/ObjectOutput
Event: 48.723 loading class java/io/ObjectOutput done
Event: 48.724 loading class java/io/ObjectOutputStream done
Event: 49.380 loading class javax/xml/parsers/ParserConfigurationException
Event: 49.380 loading class javax/xml/parsers/ParserConfigurationException done
Event: 49.380 loading class org/xml/sax/SAXException
Event: 49.380 loading class org/xml/sax/SAXException done
Event: 49.380 loading class javax/xml/xpath/XPathExpressionException
Event: 49.380 loading class javax/xml/xpath/XPathException
Event: 49.380 loading class javax/xml/xpath/XPathException done
Event: 49.380 loading class javax/xml/xpath/XPathExpressionException done
Event: 49.381 loading class org/xml/sax/ErrorHandler
Event: 49.381 loading class org/xml/sax/ErrorHandler done
Event: 49.873 Thread 0x0000023946d850d0 Thread added: 0x0000023946d850d0
Event: 50.289 loading class java/util/function/UnaryOperator
Event: 50.289 loading class java/util/function/UnaryOperator done


Dynamic libraries:
0x00007ff6944e0000 - 0x00007ff6944f0000 	C:\Program Files\Java\jdk-17\bin\java.exe
0x00007ffc1a970000 - 0x00007ffc1ab87000 	C:\Windows\SYSTEM32\ntdll.dll
0x00007ffc19f00000 - 0x00007ffc19fc4000 	C:\Windows\System32\KERNEL32.DLL
0x00007ffc18110000 - 0x00007ffc184bd000 	C:\Windows\System32\KERNELBASE.dll
0x00007ffc17fc0000 - 0x00007ffc180d1000 	C:\Windows\System32\ucrtbase.dll
0x00007ffc0b0c0000 - 0x00007ffc0b0db000 	C:\Program Files\Java\jdk-17\bin\VCRUNTIME140.dll
0x00007ffc0ca40000 - 0x00007ffc0ca59000 	C:\Program Files\Java\jdk-17\bin\jli.dll
0x00007ffc19fe0000 - 0x00007ffc1a092000 	C:\Windows\System32\ADVAPI32.dll
0x00007ffc19890000 - 0x00007ffc19937000 	C:\Windows\System32\msvcrt.dll
0x00007ffc19240000 - 0x00007ffc192e9000 	C:\Windows\System32\sechost.dll
0x00007ffc180e0000 - 0x00007ffc18108000 	C:\Windows\System32\bcrypt.dll
0x00007ffc1a790000 - 0x00007ffc1a8a4000 	C:\Windows\System32\RPCRT4.dll
0x00007ffc19310000 - 0x00007ffc194be000 	C:\Windows\System32\USER32.dll
0x00007ffc18680000 - 0x00007ffc186a6000 	C:\Windows\System32\win32u.dll
0x00007ffc186d0000 - 0x00007ffc186f9000 	C:\Windows\System32\GDI32.dll
0x00007ffc184c0000 - 0x00007ffc185d9000 	C:\Windows\System32\gdi32full.dll
0x00007ffc185e0000 - 0x00007ffc1867a000 	C:\Windows\System32\msvcp_win.dll
0x00007ffbf9f40000 - 0x00007ffbfa1d3000 	C:\Windows\WinSxS\amd64_microsoft.windows.common-controls_6595b64144ccf1df_6.0.22621.3672_none_2713b9d173822955\COMCTL32.dll
0x00007ffc0b180000 - 0x00007ffc0b18a000 	C:\Windows\SYSTEM32\VERSION.dll
0x00007ffc1a700000 - 0x00007ffc1a731000 	C:\Windows\System32\IMM32.DLL
0x00007ffc0f5f0000 - 0x00007ffc0f5fc000 	C:\Program Files\Java\jdk-17\bin\vcruntime140_1.dll
0x00007ffbf85f0000 - 0x00007ffbf867e000 	C:\Program Files\Java\jdk-17\bin\msvcp140.dll
0x00007ffbcf810000 - 0x00007ffbd03f0000 	C:\Program Files\Java\jdk-17\bin\server\jvm.dll
0x00007ffc19fd0000 - 0x00007ffc19fd8000 	C:\Windows\System32\PSAPI.DLL
0x00007ffbe2f20000 - 0x00007ffbe2f29000 	C:\Windows\SYSTEM32\WSOCK32.dll
0x00007ffc191c0000 - 0x00007ffc19231000 	C:\Windows\System32\WS2_32.dll
0x00007ffc0ea30000 - 0x00007ffc0ea64000 	C:\Windows\SYSTEM32\WINMM.dll
0x00007ffc16dc0000 - 0x00007ffc16dd8000 	C:\Windows\SYSTEM32\kernel.appcore.dll
0x00007ffc0ec50000 - 0x00007ffc0ec5a000 	C:\Program Files\Java\jdk-17\bin\jimage.dll
0x00007ffc15550000 - 0x00007ffc15782000 	C:\Windows\SYSTEM32\DBGHELP.DLL
0x00007ffc1a0c0000 - 0x00007ffc1a448000 	C:\Windows\System32\combase.dll
0x00007ffc19940000 - 0x00007ffc19a17000 	C:\Windows\System32\OLEAUT32.dll
0x00007ffc0cfa0000 - 0x00007ffc0cfd2000 	C:\Windows\SYSTEM32\dbgcore.DLL
0x00007ffc17f40000 - 0x00007ffc17fbb000 	C:\Windows\System32\bcryptPrimitives.dll
0x00007ffc0bf80000 - 0x00007ffc0bf8e000 	C:\Program Files\Java\jdk-17\bin\instrument.dll
0x00007ffbfb810000 - 0x00007ffbfb835000 	C:\Program Files\Java\jdk-17\bin\java.dll
0x00007ffbee5c0000 - 0x00007ffbee697000 	C:\Program Files\Java\jdk-17\bin\jsvml.dll
0x00007ffc18960000 - 0x00007ffc191bf000 	C:\Windows\System32\SHELL32.dll
0x00007ffc15c00000 - 0x00007ffc164fc000 	C:\Windows\SYSTEM32\windows.storage.dll
0x00007ffc15ac0000 - 0x00007ffc15bff000 	C:\Windows\SYSTEM32\wintypes.dll
0x00007ffc18860000 - 0x00007ffc18954000 	C:\Windows\System32\SHCORE.dll
0x00007ffc1a6a0000 - 0x00007ffc1a6fe000 	C:\Windows\System32\shlwapi.dll
0x00007ffc17bd0000 - 0x00007ffc17bf1000 	C:\Windows\SYSTEM32\profapi.dll
0x00007ffbfcb50000 - 0x00007ffbfcb68000 	C:\Program Files\Java\jdk-17\bin\zip.dll
0x00007ffbfbac0000 - 0x00007ffbfbad9000 	C:\Program Files\Java\jdk-17\bin\net.dll
0x00007ffc10c20000 - 0x00007ffc10d56000 	C:\Windows\SYSTEM32\WINHTTP.dll
0x00007ffc17230000 - 0x00007ffc17299000 	C:\Windows\system32\mswsock.dll
0x00007ffbfb790000 - 0x00007ffbfb7a6000 	C:\Program Files\Java\jdk-17\bin\nio.dll
0x00007ffc0b230000 - 0x00007ffc0b240000 	C:\Program Files\Java\jdk-17\bin\verify.dll
0x00007ffc0ad60000 - 0x00007ffc0ad87000 	C:\Users\√÷¡ÿ«ı\.gradle\native\c067742578af261105cb4f569cf0c3c89f3d7b1fecec35dd04571415982c5e48\windows-amd64\native-platform.dll
0x00007ffbe7e20000 - 0x00007ffbe7f64000 	C:\Users\√÷¡ÿ«ı\.gradle\native\100fb08df4bc3b14c8652ba06237920a3bd2aa13389f12d3474272988ae205f9\windows-amd64\native-platform-file-events.dll
0x00007ffc0eb40000 - 0x00007ffc0eb4a000 	C:\Program Files\Java\jdk-17\bin\management.dll
0x00007ffc0b4a0000 - 0x00007ffc0b4ab000 	C:\Program Files\Java\jdk-17\bin\management_ext.dll
0x00007ffc17490000 - 0x00007ffc174ab000 	C:\Windows\SYSTEM32\CRYPTSP.dll
0x00007ffc16d20000 - 0x00007ffc16d55000 	C:\Windows\system32\rsaenh.dll
0x00007ffc17330000 - 0x00007ffc17358000 	C:\Windows\SYSTEM32\USERENV.dll
0x00007ffc174b0000 - 0x00007ffc174bc000 	C:\Windows\SYSTEM32\CRYPTBASE.dll
0x00007ffc167d0000 - 0x00007ffc167fd000 	C:\Windows\SYSTEM32\IPHLPAPI.DLL
0x00007ffc1a690000 - 0x00007ffc1a699000 	C:\Windows\System32\NSI.dll
0x00007ffc10b00000 - 0x00007ffc10b19000 	C:\Windows\SYSTEM32\dhcpcsvc6.DLL
0x00007ffc10ae0000 - 0x00007ffc10aff000 	C:\Windows\SYSTEM32\dhcpcsvc.DLL
0x00007ffc16800000 - 0x00007ffc168f8000 	C:\Windows\SYSTEM32\DNSAPI.dll
0x00007ffc0b240000 - 0x00007ffc0b24e000 	C:\Program Files\Java\jdk-17\bin\sunmscapi.dll
0x00007ffc17ca0000 - 0x00007ffc17e07000 	C:\Windows\System32\CRYPT32.dll
0x00007ffc17630000 - 0x00007ffc1765e000 	C:\Windows\SYSTEM32\ncrypt.dll
0x00007ffc175f0000 - 0x00007ffc17627000 	C:\Windows\SYSTEM32\NTASN1.dll
0x00007ffbf6000000 - 0x00007ffbf6008000 	C:\Windows\system32\wshunix.dll

dbghelp: loaded successfully - version: 4.0.5 - missing functions: none
symbol engine: initialized successfully - sym options: 0x614 - pdb path: .;C:\Program Files\Java\jdk-17\bin;C:\Windows\SYSTEM32;C:\Windows\WinSxS\amd64_microsoft.windows.common-controls_6595b64144ccf1df_6.0.22621.3672_none_2713b9d173822955;C:\Program Files\Java\jdk-17\bin\server;C:\Users\√÷¡ÿ«ı\.gradle\native\c067742578af261105cb4f569cf0c3c89f3d7b1fecec35dd04571415982c5e48\windows-am;C:\Users\√÷¡ÿ«ı\.gradle\native\c067742578af261105cb4f569cf0c3c89f3d7b1fecec35dd04571415982c5e48\windows-amd64;C:\Users\√÷¡ÿ«ı\.gradle\native\100fb08df4bc3b14c8652ba06237920a3bd2aa13389f12d3474272988ae205f9\wind;C:\Users\√÷¡ÿ«ı\.gradle\native\100fb08df4bc3b14c8652ba06237920a3bd2aa13389f12d3474272988ae205f9\w;C:\Users\√÷¡ÿ«ı\.gradle\native\100fb08df4bc3b14c8652ba06237920a3bd2aa13389f12d3474272988ae205f;C:\Users\√÷¡ÿ«ı\.gradle\native\100fb08df4bc3b14c8652ba06237920a3bd2aa13389f12d3474272988ae2;C:\Users\√÷¡ÿ«ı\.gradle\native\100fb08df4bc3b14c8652ba06237920a3bd2aa13389f12d3474272988

VM Arguments:
jvm_args: --add-opens=java.base/java.util=ALL-UNNAMED --add-opens=java.base/java.lang=ALL-UNNAMED --add-opens=java.base/java.lang.invoke=ALL-UNNAMED --add-opens=java.prefs/java.util.prefs=ALL-UNNAMED --add-opens=java.base/java.nio.charset=ALL-UNNAMED --add-opens=java.base/java.net=ALL-UNNAMED --add-opens=java.base/java.util.concurrent.atomic=ALL-UNNAMED -XX:MaxMetaspaceSize=384m -XX:+HeapDumpOnOutOfMemoryError -Xms256m -Xmx512m -Dfile.encoding=x-windows-949 -Duser.country=KR -Duser.language=ko -Duser.variant -javaagent:C:\Users\√÷¡ÿ«ı\.gradle\wrapper\dists\gradle-8.8-bin\dl7vupf4psengwqhwktix4v1\gradle-8.8\lib\agents\gradle-instrumentation-agent-8.8.jar 
java_command: org.gradle.launcher.daemon.bootstrap.GradleDaemon 8.8
java_class_path (initial): C:\Users\√÷¡ÿ«ı\.gradle\wrapper\dists\gradle-8.8-bin\dl7vupf4psengwqhwktix4v1\gradle-8.8\lib\gradle-launcher-8.8.jar
Launcher Type: SUN_STANDARD

[Global flags]
     intx CICompilerCount                          = 4                                         {product} {ergonomic}
   size_t CompressedClassSpaceSize                 = 335544320                                 {product} {ergonomic}
     uint ConcGCThreads                            = 3                                         {product} {ergonomic}
     uint G1ConcRefinementThreads                  = 10                                        {product} {ergonomic}
   size_t G1HeapRegionSize                         = 1048576                                   {product} {ergonomic}
    uintx GCDrainStackTargetSize                   = 64                                        {product} {ergonomic}
     bool HeapDumpOnOutOfMemoryError               = true                                   {manageable} {command line}
   size_t InitialHeapSize                          = 268435456                                 {product} {command line}
   size_t MarkStackSize                            = 4194304                                   {product} {ergonomic}
   size_t MaxHeapSize                              = 536870912                                 {product} {command line}
   size_t MaxMetaspaceSize                         = 402653184                                 {product} {command line}
   size_t MaxNewSize                               = 321912832                                 {product} {ergonomic}
   size_t MinHeapDeltaBytes                        = 1048576                                   {product} {ergonomic}
   size_t MinHeapSize                              = 268435456                                 {product} {command line}
    uintx NonNMethodCodeHeapSize                   = 5839372                                {pd product} {ergonomic}
    uintx NonProfiledCodeHeapSize                  = 122909434                              {pd product} {ergonomic}
    uintx ProfiledCodeHeapSize                     = 122909434                              {pd product} {ergonomic}
    uintx ReservedCodeCacheSize                    = 251658240                              {pd product} {ergonomic}
     bool SegmentedCodeCache                       = true                                      {product} {ergonomic}
   size_t SoftMaxHeapSize                          = 536870912                              {manageable} {ergonomic}
     bool UseCompressedClassPointers               = true                           {product lp64_product} {ergonomic}
     bool UseCompressedOops                        = true                           {product lp64_product} {ergonomic}
     bool UseG1GC                                  = true                                      {product} {ergonomic}
     bool UseLargePagesIndividualAllocation        = false                                  {pd product} {ergonomic}

Logging:
Log output configuration:
 #0: stdout all=warning uptime,level,tags
 #1: stderr all=off uptime,level,tags

Environment Variables:
JAVA_HOME=C:\Program Files\Java\jdk-17
PATH=%JAVA_HOME\lib;C:\Program Files\Common Files\Oracle\Java\javapath;C:\Program Files (x86)\VMware\VMware Player\bin\;C:\Windows\system32;C:\Windows;C:\Windows\System32\Wbem;C:\Windows\System32\WindowsPowerShell\v1.0\;C:\Windows\System32\OpenSSH\;C:\Program Files\Bandizip\;C:\Program Files\Git\cmd;C:\Users\√÷¡ÿ«ı\AppData\Local\Microsoft\WindowsApps;C:\Users\√÷¡ÿ«ı\AppData\Local\Programs\Microsoft VS Code\bin;C:\Program Files\JetBrains\IntelliJ IDEA 2024.1.3\bin;
USERNAME=√÷¡ÿ«ı
OS=Windows_NT
PROCESSOR_IDENTIFIER=Intel64 Family 6 Model 154 Stepping 3, GenuineIntel



---------------  S Y S T E M  ---------------

OS:
 Windows 11 , 64 bit Build 22621 (10.0.22621.3672)
OS uptime: 5 days 11:39 hours

CPU: total 12 (initial active 12) (6 cores per cpu, 2 threads per core) family 6 model 154 stepping 3 microcode 0x429, cx8, cmov, fxsr, ht, mmx, 3dnowpref, sse, sse2, sse3, ssse3, sse4.1, sse4.2, popcnt, lzcnt, tsc, tscinvbit, avx, avx2, aes, erms, clmul, bmi1, bmi2, adx, sha, fma, vzeroupper, clflush, clflushopt, clwb

Memory: 4k page, system-wide physical 16076M (15M free)
TotalPageFile size 46487M (AvailPageFile size 2M)
current process WorkingSet (physical memory assigned to process): 252M, peak: 252M
current process commit charge ("private bytes"): 425M, peak: 426M

vm_info: Java HotSpot(TM) 64-Bit Server VM (17.0.11+7-LTS-207) for windows-amd64 JRE (17.0.11+7-LTS-207), built on Mar 11 2024 19:01:50 by "mach5one" with MS VC++ 17.6 (VS2022)

END.
