#
# There is insufficient memory for the Java Runtime Environment to continue.
# Native memory allocation (malloc) failed to allocate 1138096 bytes for Chunk::new
# Possible reasons:
#   The system is out of physical RAM or swap space
#   The process is running with CompressedOops enabled, and the Java Heap may be blocking the growth of the native heap
# Possible solutions:
#   Reduce memory load on the system
#   Increase physical memory or swap space
#   Check if swap backing store is full
#   Decrease Java heap size (-Xmx/-Xms)
#   Decrease number of Java threads
#   Decrease Java thread stack sizes (-Xss)
#   Set larger code cache with -XX:ReservedCodeCacheSize=
#   JVM is running with Unscaled Compressed Oops mode in which the Java heap is
#     placed in the first 4GB address space. The Java Heap base address is the
#     maximum limit for the native heap growth. Please use -XX:HeapBaseMinAddress
#     to set the Java Heap base and to place the Java Heap above 4GB virtual address.
# This output file may be truncated or incomplete.
#
#  Out of Memory Error (arena.cpp:189), pid=29092, tid=26544
#
# JRE version: Java(TM) SE Runtime Environment (17.0.11+7) (build 17.0.11+7-LTS-207)
# Java VM: Java HotSpot(TM) 64-Bit Server VM (17.0.11+7-LTS-207, mixed mode, sharing, tiered, compressed oops, compressed class ptrs, g1 gc, windows-amd64)
# No core dump will be written. Minidumps are not enabled by default on client versions of Windows
#

---------------  S U M M A R Y ------------

Command Line: --add-opens=java.base/java.util=ALL-UNNAMED --add-opens=java.base/java.lang=ALL-UNNAMED --add-opens=java.base/java.lang.invoke=ALL-UNNAMED --add-opens=java.prefs/java.util.prefs=ALL-UNNAMED --add-opens=java.base/java.nio.charset=ALL-UNNAMED --add-opens=java.base/java.net=ALL-UNNAMED --add-opens=java.base/java.util.concurrent.atomic=ALL-UNNAMED -XX:MaxMetaspaceSize=384m -XX:+HeapDumpOnOutOfMemoryError -Xms256m -Xmx512m -Dfile.encoding=x-windows-949 -Duser.country=KR -Duser.language=ko -Duser.variant -javaagent:C:\Users\√÷¡ÿ«ı\.gradle\wrapper\dists\gradle-8.8-bin\dl7vupf4psengwqhwktix4v1\gradle-8.8\lib\agents\gradle-instrumentation-agent-8.8.jar org.gradle.launcher.daemon.bootstrap.GradleDaemon 8.8

Host: 12th Gen Intel(R) Core(TM) i5-12450H, 12 cores, 15G,  Windows 11 , 64 bit Build 22621 (10.0.22621.3672)
Time: Tue Jul 16 17:26:15 2024  Windows 11 , 64 bit Build 22621 (10.0.22621.3672) elapsed time: 121.311066 seconds (0d 0h 2m 1s)

---------------  T H R E A D  ---------------

Current thread (0x000001d1cfb51f30):  JavaThread "C2 CompilerThread0" daemon [_thread_in_native, id=26544, stack(0x000000176f500000,0x000000176f600000)]


Current CompileTask:
C2: 121311 4494       4       javax.management.ObjectName::construct (1135 bytes)

Stack: [0x000000176f500000,0x000000176f600000]
Native frames: (J=compiled Java code, j=interpreted, Vv=VM code, C=native code)
V  [jvm.dll+0x679cca]
V  [jvm.dll+0x7da13d]
V  [jvm.dll+0x7dba83]
V  [jvm.dll+0x7dc0f3]
V  [jvm.dll+0x2449af]
V  [jvm.dll+0xab83b]
V  [jvm.dll+0xabe1c]
V  [jvm.dll+0x36155f]
V  [jvm.dll+0x1b9dda]
V  [jvm.dll+0x216337]
V  [jvm.dll+0x21560f]
V  [jvm.dll+0x1a2040]
V  [jvm.dll+0x225a2b]
V  [jvm.dll+0x223bcb]
V  [jvm.dll+0x7903ec]
V  [jvm.dll+0x78a85a]
V  [jvm.dll+0x678bb5]
C  [ucrtbase.dll+0x29333]
C  [KERNEL32.DLL+0x1257d]
C  [ntdll.dll+0x5af28]


---------------  P R O C E S S  ---------------

Threads class SMR info:
_java_thread_list=0x000001d1eb1552c0, length=37, elements={
0x000001d1b2e92600, 0x000001d1cfb21990, 0x000001d1cfb23620, 0x000001d1cfb41540,
0x000001d1cfb421c0, 0x000001d1cfb43b90, 0x000001d1cfb47a50, 0x000001d1cfb51f30,
0x000001d1cfb528f0, 0x000001d1cfb83980, 0x000001d1e90b08c0, 0x000001d1e9195c30,
0x000001d1e9e65b30, 0x000001d1e9ef5d00, 0x000001d1e902fad0, 0x000001d1e9172f30,
0x000001d1e902b020, 0x000001d1e9e72050, 0x000001d1e90e6810, 0x000001d1e93da200,
0x000001d1e93da710, 0x000001d1e93dc570, 0x000001d1e93db130, 0x000001d1e93db640,
0x000001d1e93dbb50, 0x000001d1e93dca80, 0x000001d1e93dc060, 0x000001d1e93d92d0,
0x000001d1e93d97e0, 0x000001d1e93d9cf0, 0x000001d1eb4b6a70, 0x000001d1eb4b4700,
0x000001d1eb4b6f80, 0x000001d1eb4b4c10, 0x000001d1eb4b5120, 0x000001d1eb4b32c0,
0x000001d1eb4b3ce0
}

Java Threads: ( => current thread )
  0x000001d1b2e92600 JavaThread "main" [_thread_blocked, id=30416, stack(0x000000176e800000,0x000000176e900000)]
  0x000001d1cfb21990 JavaThread "Reference Handler" daemon [_thread_blocked, id=28732, stack(0x000000176ef00000,0x000000176f000000)]
  0x000001d1cfb23620 JavaThread "Finalizer" daemon [_thread_blocked, id=33700, stack(0x000000176f000000,0x000000176f100000)]
  0x000001d1cfb41540 JavaThread "Signal Dispatcher" daemon [_thread_blocked, id=6660, stack(0x000000176f100000,0x000000176f200000)]
  0x000001d1cfb421c0 JavaThread "Attach Listener" daemon [_thread_blocked, id=15728, stack(0x000000176f200000,0x000000176f300000)]
  0x000001d1cfb43b90 JavaThread "Service Thread" daemon [_thread_blocked, id=35660, stack(0x000000176f300000,0x000000176f400000)]
  0x000001d1cfb47a50 JavaThread "Monitor Deflation Thread" daemon [_thread_blocked, id=18696, stack(0x000000176f400000,0x000000176f500000)]
=>0x000001d1cfb51f30 JavaThread "C2 CompilerThread0" daemon [_thread_in_native, id=26544, stack(0x000000176f500000,0x000000176f600000)]
  0x000001d1cfb528f0 JavaThread "C1 CompilerThread0" daemon [_thread_blocked, id=13308, stack(0x000000176f600000,0x000000176f700000)]
  0x000001d1cfb83980 JavaThread "Sweeper thread" daemon [_thread_blocked, id=16652, stack(0x000000176f700000,0x000000176f800000)]
  0x000001d1e90b08c0 JavaThread "Common-Cleaner" daemon [_thread_blocked, id=14004, stack(0x000000176f800000,0x000000176f900000)]
  0x000001d1e9195c30 JavaThread "Notification Thread" daemon [_thread_blocked, id=33944, stack(0x000000176f900000,0x000000176fa00000)]
  0x000001d1e9e65b30 JavaThread "Daemon health stats" [_thread_blocked, id=3396, stack(0x0000001770000000,0x0000001770100000)]
  0x000001d1e9ef5d00 JavaThread "Incoming local TCP Connector on port 60611" [_thread_in_native, id=25316, stack(0x0000001770100000,0x0000001770200000)]
  0x000001d1e902fad0 JavaThread "Daemon periodic checks" [_thread_blocked, id=22828, stack(0x0000001770200000,0x0000001770300000)]
  0x000001d1e9172f30 JavaThread "Daemon" [_thread_blocked, id=32824, stack(0x0000001770300000,0x0000001770400000)]
  0x000001d1e902b020 JavaThread "Handler for socket connection from /127.0.0.1:60611 to /127.0.0.1:60618" [_thread_in_native, id=28356, stack(0x0000001770400000,0x0000001770500000)]
  0x000001d1e9e72050 JavaThread "Cancel handler" [_thread_blocked, id=11204, stack(0x0000001770500000,0x0000001770600000)]
  0x000001d1e90e6810 JavaThread "Daemon worker" [_thread_blocked, id=26720, stack(0x0000001770600000,0x0000001770700000)]
  0x000001d1e93da200 JavaThread "Asynchronous log dispatcher for DefaultDaemonConnection: socket connection from /127.0.0.1:60611 to /127.0.0.1:60618" [_thread_blocked, id=9752, stack(0x0000001770700000,0x0000001770800000)]
  0x000001d1e93da710 JavaThread "Stdin handler" [_thread_blocked, id=32756, stack(0x0000001770800000,0x0000001770900000)]
  0x000001d1e93dc570 JavaThread "Daemon client event forwarder" [_thread_blocked, id=34040, stack(0x0000001770900000,0x0000001770a00000)]
  0x000001d1e93db130 JavaThread "Cache worker for journal cache (C:\Users\ÏµúÏ§ÄÌòÅ\.gradle\caches\journal-1)" [_thread_blocked, id=9596, stack(0x0000001770a00000,0x0000001770b00000)]
  0x000001d1e93db640 JavaThread "File lock request listener" [_thread_in_native, id=4156, stack(0x0000001770b00000,0x0000001770c00000)]
  0x000001d1e93dbb50 JavaThread "File lock release action executor" [_thread_blocked, id=25932, stack(0x0000001770c00000,0x0000001770d00000)]
  0x000001d1e93dca80 JavaThread "Cache worker for file hash cache (C:\Users\ÏµúÏ§ÄÌòÅ\.gradle\caches\8.8\fileHashes)" [_thread_blocked, id=22656, stack(0x0000001770d00000,0x0000001770e00000)]
  0x000001d1e93dc060 JavaThread "Cache worker for file hash cache (C:\Users\ÏµúÏ§ÄÌòÅ\Downloads\Spring_boot_prac-main\F4\.gradle\8.8\fileHashes)" [_thread_blocked, id=35476, stack(0x0000001770f00000,0x0000001771000000)]
  0x000001d1e93d92d0 JavaThread "File watcher server" daemon [_thread_in_native, id=30000, stack(0x0000001770e00000,0x0000001770f00000)]
  0x000001d1e93d97e0 JavaThread "File watcher consumer" daemon [_thread_blocked, id=26268, stack(0x0000001771000000,0x0000001771100000)]
  0x000001d1e93d9cf0 JavaThread "Cache worker for checksums cache (C:\Users\ÏµúÏ§ÄÌòÅ\Downloads\Spring_boot_prac-main\F4\.gradle\8.8\checksums)" [_thread_blocked, id=26736, stack(0x0000001771700000,0x0000001771800000)]
  0x000001d1eb4b6a70 JavaThread "Cache worker for file content cache (C:\Users\ÏµúÏ§ÄÌòÅ\.gradle\caches\8.8\fileContent)" [_thread_blocked, id=5360, stack(0x0000001771800000,0x0000001771900000)]
  0x000001d1eb4b4700 JavaThread "Cache worker for cache directory md-rule (C:\Users\ÏµúÏ§ÄÌòÅ\.gradle\caches\8.8\md-rule)" [_thread_blocked, id=34064, stack(0x0000001771a00000,0x0000001771b00000)]
  0x000001d1eb4b6f80 JavaThread "Cache worker for cache directory md-supplier (C:\Users\ÏµúÏ§ÄÌòÅ\.gradle\caches\8.8\md-supplier)" [_thread_blocked, id=30160, stack(0x0000001771900000,0x0000001771a00000)]
  0x000001d1eb4b4c10 JavaThread "jar transforms" [_thread_blocked, id=24860, stack(0x0000001771b00000,0x0000001771c00000)]
  0x000001d1eb4b5120 JavaThread "jar transforms Thread 2" [_thread_blocked, id=13512, stack(0x0000001771c00000,0x0000001771d00000)]
  0x000001d1eb4b32c0 JavaThread "jar transforms Thread 3" [_thread_blocked, id=26844, stack(0x000000176e500000,0x000000176e600000)]
  0x000001d1eb4b3ce0 JavaThread "jar transforms Thread 4" [_thread_blocked, id=25996, stack(0x000000176e600000,0x000000176e700000)]

Other Threads:
  0x000001d1cfb1be80 VMThread "VM Thread" [stack: 0x000000176ee00000,0x000000176ef00000] [id=15380]
  0x000001d1b2e95040 WatcherThread [stack: 0x000000176fa00000,0x000000176fb00000] [id=8440]
  0x000001d1b2ec2560 GCTaskThread "GC Thread#0" [stack: 0x000000176e900000,0x000000176ea00000] [id=35664]
  0x000001d1e94673e0 GCTaskThread "GC Thread#1" [stack: 0x000000176fb00000,0x000000176fc00000] [id=9804]
  0x000001d1e95977b0 GCTaskThread "GC Thread#2" [stack: 0x000000176fc00000,0x000000176fd00000] [id=11076]
  0x000001d1e9597a70 GCTaskThread "GC Thread#3" [stack: 0x000000176fd00000,0x000000176fe00000] [id=32720]
  0x000001d1e9597d30 GCTaskThread "GC Thread#4" [stack: 0x000000176fe00000,0x000000176ff00000] [id=2800]
  0x000001d1e9597ff0 GCTaskThread "GC Thread#5" [stack: 0x000000176ff00000,0x0000001770000000] [id=23512]
  0x000001d1eb2566d0 GCTaskThread "GC Thread#6" [stack: 0x0000001771100000,0x0000001771200000] [id=18664]
  0x000001d1ebbb8050 GCTaskThread "GC Thread#7" [stack: 0x0000001771200000,0x0000001771300000] [id=17204]
  0x000001d1ebbb8310 GCTaskThread "GC Thread#8" [stack: 0x0000001771300000,0x0000001771400000] [id=34648]
  0x000001d1ebbb85d0 GCTaskThread "GC Thread#9" [stack: 0x0000001771400000,0x0000001771500000] [id=35368]
  0x000001d1b2ec83c0 ConcurrentGCThread "G1 Main Marker" [stack: 0x000000176ea00000,0x000000176eb00000] [id=32380]
  0x000001d1b2ec8cd0 ConcurrentGCThread "G1 Conc#0" [stack: 0x000000176eb00000,0x000000176ec00000] [id=6328]
  0x000001d1eb2e8040 ConcurrentGCThread "G1 Conc#1" [stack: 0x0000001771500000,0x0000001771600000] [id=34116]
  0x000001d1eb7340f0 ConcurrentGCThread "G1 Conc#2" [stack: 0x0000001771600000,0x0000001771700000] [id=33824]
  0x000001d1b2f5e8f0 ConcurrentGCThread "G1 Refine#0" [stack: 0x000000176ec00000,0x000000176ed00000] [id=25712]
  0x000001d1cf9e0380 ConcurrentGCThread "G1 Service" [stack: 0x000000176ed00000,0x000000176ee00000] [id=26216]

Threads with active compile tasks:
C2 CompilerThread0   121643 4494       4       javax.management.ObjectName::construct (1135 bytes)

VM state: not at safepoint (normal execution)

VM Mutex/Monitor currently owned by a thread: None

Heap address: 0x00000000e0000000, size: 512 MB, Compressed Oops mode: 32-bit

CDS archive(s) mapped at: [0x000001d1d0000000-0x000001d1d0bd0000-0x000001d1d0bd0000), size 12386304, SharedBaseAddress: 0x000001d1d0000000, ArchiveRelocationMode: 1.
Compressed class space mapped at: 0x000001d1d1000000-0x000001d1e5000000, reserved size: 335544320
Narrow klass base: 0x000001d1d0000000, Narrow klass shift: 0, Narrow klass range: 0x100000000

GC Precious Log:
 CPUs: 12 total, 12 available
 Memory: 16076M
 Large Page Support: Disabled
 NUMA Support: Disabled
 Compressed Oops: Enabled (32-bit)
 Heap Region Size: 1M
 Heap Min Capacity: 256M
 Heap Initial Capacity: 256M
 Heap Max Capacity: 512M
 Pre-touch: Disabled
 Parallel Workers: 10
 Concurrent Workers: 3
 Concurrent Refinement Workers: 10
 Periodic GC: Disabled

Heap:
 garbage-first heap   total 262144K, used 148157K [0x00000000e0000000, 0x0000000100000000)
  region size 1024K, 131 young (134144K), 13 survivors (13312K)
 Metaspace       used 35213K, committed 35648K, reserved 393216K
  class space    used 4870K, committed 5056K, reserved 327680K

Heap Regions: E=young(eden), S=young(survivor), O=old, HS=humongous(starts), HC=humongous(continues), CS=collection set, F=free, OA=open archive, CA=closed archive, TAMS=top-at-mark-start (previous, next)
|   0|0x00000000e0000000, 0x00000000e0100000, 0x00000000e0100000|100%| O|  |TAMS 0x00000000e0100000, 0x00000000e0000000| Untracked 
|   1|0x00000000e0100000, 0x00000000e0200000, 0x00000000e0200000|100%| O|  |TAMS 0x00000000e0200000, 0x00000000e0100000| Untracked 
|   2|0x00000000e0200000, 0x00000000e0300000, 0x00000000e0300000|100%| O|  |TAMS 0x00000000e0300000, 0x00000000e0200000| Untracked 
|   3|0x00000000e0300000, 0x00000000e0400000, 0x00000000e0400000|100%|HS|  |TAMS 0x00000000e0400000, 0x00000000e0300000| Complete 
|   4|0x00000000e0400000, 0x00000000e0500000, 0x00000000e0500000|100%|HC|  |TAMS 0x00000000e0500000, 0x00000000e0400000| Complete 
|   5|0x00000000e0500000, 0x00000000e0600000, 0x00000000e0600000|100%|HC|  |TAMS 0x00000000e0600000, 0x00000000e0500000| Complete 
|   6|0x00000000e0600000, 0x00000000e0700000, 0x00000000e0700000|100%|HC|  |TAMS 0x00000000e0700000, 0x00000000e0600000| Complete 
|   7|0x00000000e0700000, 0x00000000e0800000, 0x00000000e0800000|100%| O|  |TAMS 0x00000000e0800000, 0x00000000e0700000| Untracked 
|   8|0x00000000e0800000, 0x00000000e0900000, 0x00000000e0900000|100%| O|  |TAMS 0x00000000e0900000, 0x00000000e0800000| Complete 
|   9|0x00000000e0900000, 0x00000000e09cac00, 0x00000000e0a00000| 79%| O|  |TAMS 0x00000000e09cac00, 0x00000000e0900000| Untracked 
|  10|0x00000000e0a00000, 0x00000000e0b00000, 0x00000000e0b00000|100%|HS|  |TAMS 0x00000000e0b00000, 0x00000000e0a00000| Complete 
|  11|0x00000000e0b00000, 0x00000000e0c00000, 0x00000000e0c00000|100%|HS|  |TAMS 0x00000000e0b00000, 0x00000000e0b00000| Complete 
|  12|0x00000000e0c00000, 0x00000000e0d00000, 0x00000000e0d00000|100%|HS|  |TAMS 0x00000000e0c00000, 0x00000000e0c00000| Complete 
|  13|0x00000000e0d00000, 0x00000000e0e00000, 0x00000000e0e00000|100%|HC|  |TAMS 0x00000000e0d00000, 0x00000000e0d00000| Complete 
|  14|0x00000000e0e00000, 0x00000000e0f00000, 0x00000000e0f00000|100%|HS|  |TAMS 0x00000000e0e00000, 0x00000000e0e00000| Complete 
|  15|0x00000000e0f00000, 0x00000000e1000000, 0x00000000e1000000|100%|HC|  |TAMS 0x00000000e0f00000, 0x00000000e0f00000| Complete 
|  16|0x00000000e1000000, 0x00000000e1000000, 0x00000000e1100000|  0%| F|  |TAMS 0x00000000e1000000, 0x00000000e1000000| Untracked 
|  17|0x00000000e1100000, 0x00000000e1100000, 0x00000000e1200000|  0%| F|  |TAMS 0x00000000e1100000, 0x00000000e1100000| Untracked 
|  18|0x00000000e1200000, 0x00000000e1200000, 0x00000000e1300000|  0%| F|  |TAMS 0x00000000e1200000, 0x00000000e1200000| Untracked 
|  19|0x00000000e1300000, 0x00000000e1300000, 0x00000000e1400000|  0%| F|  |TAMS 0x00000000e1300000, 0x00000000e1300000| Untracked 
|  20|0x00000000e1400000, 0x00000000e1400000, 0x00000000e1500000|  0%| F|  |TAMS 0x00000000e1400000, 0x00000000e1400000| Untracked 
|  21|0x00000000e1500000, 0x00000000e1500000, 0x00000000e1600000|  0%| F|  |TAMS 0x00000000e1500000, 0x00000000e1500000| Untracked 
|  22|0x00000000e1600000, 0x00000000e1600000, 0x00000000e1700000|  0%| F|  |TAMS 0x00000000e1600000, 0x00000000e1600000| Untracked 
|  23|0x00000000e1700000, 0x00000000e1700000, 0x00000000e1800000|  0%| F|  |TAMS 0x00000000e1700000, 0x00000000e1700000| Untracked 
|  24|0x00000000e1800000, 0x00000000e1800000, 0x00000000e1900000|  0%| F|  |TAMS 0x00000000e1800000, 0x00000000e1800000| Untracked 
|  25|0x00000000e1900000, 0x00000000e1900000, 0x00000000e1a00000|  0%| F|  |TAMS 0x00000000e1900000, 0x00000000e1900000| Untracked 
|  26|0x00000000e1a00000, 0x00000000e1a00000, 0x00000000e1b00000|  0%| F|  |TAMS 0x00000000e1a00000, 0x00000000e1a00000| Untracked 
|  27|0x00000000e1b00000, 0x00000000e1b00000, 0x00000000e1c00000|  0%| F|  |TAMS 0x00000000e1b00000, 0x00000000e1b00000| Untracked 
|  28|0x00000000e1c00000, 0x00000000e1c00000, 0x00000000e1d00000|  0%| F|  |TAMS 0x00000000e1c00000, 0x00000000e1c00000| Untracked 
|  29|0x00000000e1d00000, 0x00000000e1d00000, 0x00000000e1e00000|  0%| F|  |TAMS 0x00000000e1d00000, 0x00000000e1d00000| Untracked 
|  30|0x00000000e1e00000, 0x00000000e1e00000, 0x00000000e1f00000|  0%| F|  |TAMS 0x00000000e1e00000, 0x00000000e1e00000| Untracked 
|  31|0x00000000e1f00000, 0x00000000e1f00000, 0x00000000e2000000|  0%| F|  |TAMS 0x00000000e1f00000, 0x00000000e1f00000| Untracked 
|  32|0x00000000e2000000, 0x00000000e2000000, 0x00000000e2100000|  0%| F|  |TAMS 0x00000000e2000000, 0x00000000e2000000| Untracked 
|  33|0x00000000e2100000, 0x00000000e2100000, 0x00000000e2200000|  0%| F|  |TAMS 0x00000000e2100000, 0x00000000e2100000| Untracked 
|  34|0x00000000e2200000, 0x00000000e2200000, 0x00000000e2300000|  0%| F|  |TAMS 0x00000000e2200000, 0x00000000e2200000| Untracked 
|  35|0x00000000e2300000, 0x00000000e2300000, 0x00000000e2400000|  0%| F|  |TAMS 0x00000000e2300000, 0x00000000e2300000| Untracked 
|  36|0x00000000e2400000, 0x00000000e2400000, 0x00000000e2500000|  0%| F|  |TAMS 0x00000000e2400000, 0x00000000e2400000| Untracked 
|  37|0x00000000e2500000, 0x00000000e2500000, 0x00000000e2600000|  0%| F|  |TAMS 0x00000000e2500000, 0x00000000e2500000| Untracked 
|  38|0x00000000e2600000, 0x00000000e2600000, 0x00000000e2700000|  0%| F|  |TAMS 0x00000000e2600000, 0x00000000e2600000| Untracked 
|  39|0x00000000e2700000, 0x00000000e2700000, 0x00000000e2800000|  0%| F|  |TAMS 0x00000000e2700000, 0x00000000e2700000| Untracked 
|  40|0x00000000e2800000, 0x00000000e2800000, 0x00000000e2900000|  0%| F|  |TAMS 0x00000000e2800000, 0x00000000e2800000| Untracked 
|  41|0x00000000e2900000, 0x00000000e2900000, 0x00000000e2a00000|  0%| F|  |TAMS 0x00000000e2900000, 0x00000000e2900000| Untracked 
|  42|0x00000000e2a00000, 0x00000000e2a00000, 0x00000000e2b00000|  0%| F|  |TAMS 0x00000000e2a00000, 0x00000000e2a00000| Untracked 
|  43|0x00000000e2b00000, 0x00000000e2b00000, 0x00000000e2c00000|  0%| F|  |TAMS 0x00000000e2b00000, 0x00000000e2b00000| Untracked 
|  44|0x00000000e2c00000, 0x00000000e2c00000, 0x00000000e2d00000|  0%| F|  |TAMS 0x00000000e2c00000, 0x00000000e2c00000| Untracked 
|  45|0x00000000e2d00000, 0x00000000e2d00000, 0x00000000e2e00000|  0%| F|  |TAMS 0x00000000e2d00000, 0x00000000e2d00000| Untracked 
|  46|0x00000000e2e00000, 0x00000000e2e00000, 0x00000000e2f00000|  0%| F|  |TAMS 0x00000000e2e00000, 0x00000000e2e00000| Untracked 
|  47|0x00000000e2f00000, 0x00000000e2f00000, 0x00000000e3000000|  0%| F|  |TAMS 0x00000000e2f00000, 0x00000000e2f00000| Untracked 
|  48|0x00000000e3000000, 0x00000000e3000000, 0x00000000e3100000|  0%| F|  |TAMS 0x00000000e3000000, 0x00000000e3000000| Untracked 
|  49|0x00000000e3100000, 0x00000000e3100000, 0x00000000e3200000|  0%| F|  |TAMS 0x00000000e3100000, 0x00000000e3100000| Untracked 
|  50|0x00000000e3200000, 0x00000000e3200000, 0x00000000e3300000|  0%| F|  |TAMS 0x00000000e3200000, 0x00000000e3200000| Untracked 
|  51|0x00000000e3300000, 0x00000000e3300000, 0x00000000e3400000|  0%| F|  |TAMS 0x00000000e3300000, 0x00000000e3300000| Untracked 
|  52|0x00000000e3400000, 0x00000000e3400000, 0x00000000e3500000|  0%| F|  |TAMS 0x00000000e3400000, 0x00000000e3400000| Untracked 
|  53|0x00000000e3500000, 0x00000000e3500000, 0x00000000e3600000|  0%| F|  |TAMS 0x00000000e3500000, 0x00000000e3500000| Untracked 
|  54|0x00000000e3600000, 0x00000000e3600000, 0x00000000e3700000|  0%| F|  |TAMS 0x00000000e3600000, 0x00000000e3600000| Untracked 
|  55|0x00000000e3700000, 0x00000000e3700000, 0x00000000e3800000|  0%| F|  |TAMS 0x00000000e3700000, 0x00000000e3700000| Untracked 
|  56|0x00000000e3800000, 0x00000000e3800000, 0x00000000e3900000|  0%| F|  |TAMS 0x00000000e3800000, 0x00000000e3800000| Untracked 
|  57|0x00000000e3900000, 0x00000000e3900000, 0x00000000e3a00000|  0%| F|  |TAMS 0x00000000e3900000, 0x00000000e3900000| Untracked 
|  58|0x00000000e3a00000, 0x00000000e3a00000, 0x00000000e3b00000|  0%| F|  |TAMS 0x00000000e3a00000, 0x00000000e3a00000| Untracked 
|  59|0x00000000e3b00000, 0x00000000e3b00000, 0x00000000e3c00000|  0%| F|  |TAMS 0x00000000e3b00000, 0x00000000e3b00000| Untracked 
|  60|0x00000000e3c00000, 0x00000000e3c00000, 0x00000000e3d00000|  0%| F|  |TAMS 0x00000000e3c00000, 0x00000000e3c00000| Untracked 
|  61|0x00000000e3d00000, 0x00000000e3d00000, 0x00000000e3e00000|  0%| F|  |TAMS 0x00000000e3d00000, 0x00000000e3d00000| Untracked 
|  62|0x00000000e3e00000, 0x00000000e3e00000, 0x00000000e3f00000|  0%| F|  |TAMS 0x00000000e3e00000, 0x00000000e3e00000| Untracked 
|  63|0x00000000e3f00000, 0x00000000e3f00000, 0x00000000e4000000|  0%| F|  |TAMS 0x00000000e3f00000, 0x00000000e3f00000| Untracked 
|  64|0x00000000e4000000, 0x00000000e4000000, 0x00000000e4100000|  0%| F|  |TAMS 0x00000000e4000000, 0x00000000e4000000| Untracked 
|  65|0x00000000e4100000, 0x00000000e4100000, 0x00000000e4200000|  0%| F|  |TAMS 0x00000000e4100000, 0x00000000e4100000| Untracked 
|  66|0x00000000e4200000, 0x00000000e4200000, 0x00000000e4300000|  0%| F|  |TAMS 0x00000000e4200000, 0x00000000e4200000| Untracked 
|  67|0x00000000e4300000, 0x00000000e4300000, 0x00000000e4400000|  0%| F|  |TAMS 0x00000000e4300000, 0x00000000e4300000| Untracked 
|  68|0x00000000e4400000, 0x00000000e4400000, 0x00000000e4500000|  0%| F|  |TAMS 0x00000000e4400000, 0x00000000e4400000| Untracked 
|  69|0x00000000e4500000, 0x00000000e4500000, 0x00000000e4600000|  0%| F|  |TAMS 0x00000000e4500000, 0x00000000e4500000| Untracked 
|  70|0x00000000e4600000, 0x00000000e4600000, 0x00000000e4700000|  0%| F|  |TAMS 0x00000000e4600000, 0x00000000e4600000| Untracked 
|  71|0x00000000e4700000, 0x00000000e4700000, 0x00000000e4800000|  0%| F|  |TAMS 0x00000000e4700000, 0x00000000e4700000| Untracked 
|  72|0x00000000e4800000, 0x00000000e4800000, 0x00000000e4900000|  0%| F|  |TAMS 0x00000000e4800000, 0x00000000e4800000| Untracked 
|  73|0x00000000e4900000, 0x00000000e4900000, 0x00000000e4a00000|  0%| F|  |TAMS 0x00000000e4900000, 0x00000000e4900000| Untracked 
|  74|0x00000000e4a00000, 0x00000000e4a00000, 0x00000000e4b00000|  0%| F|  |TAMS 0x00000000e4a00000, 0x00000000e4a00000| Untracked 
|  75|0x00000000e4b00000, 0x00000000e4b00000, 0x00000000e4c00000|  0%| F|  |TAMS 0x00000000e4b00000, 0x00000000e4b00000| Untracked 
|  76|0x00000000e4c00000, 0x00000000e4c00000, 0x00000000e4d00000|  0%| F|  |TAMS 0x00000000e4c00000, 0x00000000e4c00000| Untracked 
|  77|0x00000000e4d00000, 0x00000000e4d00000, 0x00000000e4e00000|  0%| F|  |TAMS 0x00000000e4d00000, 0x00000000e4d00000| Untracked 
|  78|0x00000000e4e00000, 0x00000000e4e00000, 0x00000000e4f00000|  0%| F|  |TAMS 0x00000000e4e00000, 0x00000000e4e00000| Untracked 
|  79|0x00000000e4f00000, 0x00000000e4f00000, 0x00000000e5000000|  0%| F|  |TAMS 0x00000000e4f00000, 0x00000000e4f00000| Untracked 
|  80|0x00000000e5000000, 0x00000000e5000000, 0x00000000e5100000|  0%| F|  |TAMS 0x00000000e5000000, 0x00000000e5000000| Untracked 
|  81|0x00000000e5100000, 0x00000000e5100000, 0x00000000e5200000|  0%| F|  |TAMS 0x00000000e5100000, 0x00000000e5100000| Untracked 
|  82|0x00000000e5200000, 0x00000000e5200000, 0x00000000e5300000|  0%| F|  |TAMS 0x00000000e5200000, 0x00000000e5200000| Untracked 
|  83|0x00000000e5300000, 0x00000000e5300000, 0x00000000e5400000|  0%| F|  |TAMS 0x00000000e5300000, 0x00000000e5300000| Untracked 
|  84|0x00000000e5400000, 0x00000000e5400000, 0x00000000e5500000|  0%| F|  |TAMS 0x00000000e5400000, 0x00000000e5400000| Untracked 
|  85|0x00000000e5500000, 0x00000000e5500000, 0x00000000e5600000|  0%| F|  |TAMS 0x00000000e5500000, 0x00000000e5500000| Untracked 
|  86|0x00000000e5600000, 0x00000000e5600000, 0x00000000e5700000|  0%| F|  |TAMS 0x00000000e5600000, 0x00000000e5600000| Untracked 
|  87|0x00000000e5700000, 0x00000000e5700000, 0x00000000e5800000|  0%| F|  |TAMS 0x00000000e5700000, 0x00000000e5700000| Untracked 
|  88|0x00000000e5800000, 0x00000000e5800000, 0x00000000e5900000|  0%| F|  |TAMS 0x00000000e5800000, 0x00000000e5800000| Untracked 
|  89|0x00000000e5900000, 0x00000000e5900000, 0x00000000e5a00000|  0%| F|  |TAMS 0x00000000e5900000, 0x00000000e5900000| Untracked 
|  90|0x00000000e5a00000, 0x00000000e5a00000, 0x00000000e5b00000|  0%| F|  |TAMS 0x00000000e5a00000, 0x00000000e5a00000| Untracked 
|  91|0x00000000e5b00000, 0x00000000e5b00000, 0x00000000e5c00000|  0%| F|  |TAMS 0x00000000e5b00000, 0x00000000e5b00000| Untracked 
|  92|0x00000000e5c00000, 0x00000000e5c00000, 0x00000000e5d00000|  0%| F|  |TAMS 0x00000000e5c00000, 0x00000000e5c00000| Untracked 
|  93|0x00000000e5d00000, 0x00000000e5d00000, 0x00000000e5e00000|  0%| F|  |TAMS 0x00000000e5d00000, 0x00000000e5d00000| Untracked 
|  94|0x00000000e5e00000, 0x00000000e5e00000, 0x00000000e5f00000|  0%| F|  |TAMS 0x00000000e5e00000, 0x00000000e5e00000| Untracked 
|  95|0x00000000e5f00000, 0x00000000e5f00000, 0x00000000e6000000|  0%| F|  |TAMS 0x00000000e5f00000, 0x00000000e5f00000| Untracked 
|  96|0x00000000e6000000, 0x00000000e6000000, 0x00000000e6100000|  0%| F|  |TAMS 0x00000000e6000000, 0x00000000e6000000| Untracked 
|  97|0x00000000e6100000, 0x00000000e6100000, 0x00000000e6200000|  0%| F|  |TAMS 0x00000000e6100000, 0x00000000e6100000| Untracked 
|  98|0x00000000e6200000, 0x00000000e6200000, 0x00000000e6300000|  0%| F|  |TAMS 0x00000000e6200000, 0x00000000e6200000| Untracked 
|  99|0x00000000e6300000, 0x00000000e6300000, 0x00000000e6400000|  0%| F|  |TAMS 0x00000000e6300000, 0x00000000e6300000| Untracked 
| 100|0x00000000e6400000, 0x00000000e6400000, 0x00000000e6500000|  0%| F|  |TAMS 0x00000000e6400000, 0x00000000e6400000| Untracked 
| 101|0x00000000e6500000, 0x00000000e6500000, 0x00000000e6600000|  0%| F|  |TAMS 0x00000000e6500000, 0x00000000e6500000| Untracked 
| 102|0x00000000e6600000, 0x00000000e6600000, 0x00000000e6700000|  0%| F|  |TAMS 0x00000000e6600000, 0x00000000e6600000| Untracked 
| 103|0x00000000e6700000, 0x00000000e6700000, 0x00000000e6800000|  0%| F|  |TAMS 0x00000000e6700000, 0x00000000e6700000| Untracked 
| 104|0x00000000e6800000, 0x00000000e6800000, 0x00000000e6900000|  0%| F|  |TAMS 0x00000000e6800000, 0x00000000e6800000| Untracked 
| 105|0x00000000e6900000, 0x00000000e6900000, 0x00000000e6a00000|  0%| F|  |TAMS 0x00000000e6900000, 0x00000000e6900000| Untracked 
| 106|0x00000000e6a00000, 0x00000000e6a00000, 0x00000000e6b00000|  0%| F|  |TAMS 0x00000000e6a00000, 0x00000000e6a00000| Untracked 
| 107|0x00000000e6b00000, 0x00000000e6b00000, 0x00000000e6c00000|  0%| F|  |TAMS 0x00000000e6b00000, 0x00000000e6b00000| Untracked 
| 108|0x00000000e6c00000, 0x00000000e6c00000, 0x00000000e6d00000|  0%| F|  |TAMS 0x00000000e6c00000, 0x00000000e6c00000| Untracked 
| 109|0x00000000e6d00000, 0x00000000e6d00000, 0x00000000e6e00000|  0%| F|  |TAMS 0x00000000e6d00000, 0x00000000e6d00000| Untracked 
| 110|0x00000000e6e00000, 0x00000000e6e00000, 0x00000000e6f00000|  0%| F|  |TAMS 0x00000000e6e00000, 0x00000000e6e00000| Untracked 
| 111|0x00000000e6f00000, 0x00000000e6f00000, 0x00000000e7000000|  0%| F|  |TAMS 0x00000000e6f00000, 0x00000000e6f00000| Untracked 
| 112|0x00000000e7000000, 0x00000000e7000000, 0x00000000e7100000|  0%| F|  |TAMS 0x00000000e7000000, 0x00000000e7000000| Untracked 
| 113|0x00000000e7100000, 0x00000000e7100000, 0x00000000e7200000|  0%| F|  |TAMS 0x00000000e7100000, 0x00000000e7100000| Untracked 
| 114|0x00000000e7200000, 0x00000000e7200000, 0x00000000e7300000|  0%| F|  |TAMS 0x00000000e7200000, 0x00000000e7200000| Untracked 
| 115|0x00000000e7300000, 0x00000000e7300000, 0x00000000e7400000|  0%| F|  |TAMS 0x00000000e7300000, 0x00000000e7300000| Untracked 
| 116|0x00000000e7400000, 0x00000000e7400000, 0x00000000e7500000|  0%| F|  |TAMS 0x00000000e7400000, 0x00000000e7400000| Untracked 
| 117|0x00000000e7500000, 0x00000000e7500000, 0x00000000e7600000|  0%| F|  |TAMS 0x00000000e7500000, 0x00000000e7500000| Untracked 
| 118|0x00000000e7600000, 0x00000000e7600000, 0x00000000e7700000|  0%| F|  |TAMS 0x00000000e7600000, 0x00000000e7600000| Untracked 
| 119|0x00000000e7700000, 0x00000000e7700000, 0x00000000e7800000|  0%| F|  |TAMS 0x00000000e7700000, 0x00000000e7700000| Untracked 
| 120|0x00000000e7800000, 0x00000000e7800000, 0x00000000e7900000|  0%| F|  |TAMS 0x00000000e7800000, 0x00000000e7800000| Untracked 
| 121|0x00000000e7900000, 0x00000000e7900000, 0x00000000e7a00000|  0%| F|  |TAMS 0x00000000e7900000, 0x00000000e7900000| Untracked 
| 122|0x00000000e7a00000, 0x00000000e7a00000, 0x00000000e7b00000|  0%| F|  |TAMS 0x00000000e7a00000, 0x00000000e7a00000| Untracked 
| 123|0x00000000e7b00000, 0x00000000e7b00000, 0x00000000e7c00000|  0%| F|  |TAMS 0x00000000e7b00000, 0x00000000e7b00000| Untracked 
| 124|0x00000000e7c00000, 0x00000000e7c00000, 0x00000000e7d00000|  0%| F|  |TAMS 0x00000000e7c00000, 0x00000000e7c00000| Untracked 
| 125|0x00000000e7d00000, 0x00000000e7dfa710, 0x00000000e7e00000| 97%| E|  |TAMS 0x00000000e7d00000, 0x00000000e7d00000| Complete 
| 126|0x00000000e7e00000, 0x00000000e7f00000, 0x00000000e7f00000|100%| E|CS|TAMS 0x00000000e7e00000, 0x00000000e7e00000| Complete 
| 127|0x00000000e7f00000, 0x00000000e8000000, 0x00000000e8000000|100%| E|CS|TAMS 0x00000000e7f00000, 0x00000000e7f00000| Complete 
| 128|0x00000000e8000000, 0x00000000e8100000, 0x00000000e8100000|100%| E|CS|TAMS 0x00000000e8000000, 0x00000000e8000000| Complete 
| 129|0x00000000e8100000, 0x00000000e8200000, 0x00000000e8200000|100%| E|CS|TAMS 0x00000000e8100000, 0x00000000e8100000| Complete 
| 130|0x00000000e8200000, 0x00000000e82e48d0, 0x00000000e8300000| 89%| S|CS|TAMS 0x00000000e8200000, 0x00000000e8200000| Complete 
| 131|0x00000000e8300000, 0x00000000e8400000, 0x00000000e8400000|100%| S|CS|TAMS 0x00000000e8300000, 0x00000000e8300000| Complete 
| 132|0x00000000e8400000, 0x00000000e8500000, 0x00000000e8500000|100%| S|CS|TAMS 0x00000000e8400000, 0x00000000e8400000| Complete 
| 133|0x00000000e8500000, 0x00000000e8600000, 0x00000000e8600000|100%| S|CS|TAMS 0x00000000e8500000, 0x00000000e8500000| Complete 
| 134|0x00000000e8600000, 0x00000000e8700000, 0x00000000e8700000|100%| S|CS|TAMS 0x00000000e8600000, 0x00000000e8600000| Complete 
| 135|0x00000000e8700000, 0x00000000e8800000, 0x00000000e8800000|100%| S|CS|TAMS 0x00000000e8700000, 0x00000000e8700000| Complete 
| 136|0x00000000e8800000, 0x00000000e8900000, 0x00000000e8900000|100%| S|CS|TAMS 0x00000000e8800000, 0x00000000e8800000| Complete 
| 137|0x00000000e8900000, 0x00000000e8a00000, 0x00000000e8a00000|100%| S|CS|TAMS 0x00000000e8900000, 0x00000000e8900000| Complete 
| 138|0x00000000e8a00000, 0x00000000e8b00000, 0x00000000e8b00000|100%| S|CS|TAMS 0x00000000e8a00000, 0x00000000e8a00000| Complete 
| 139|0x00000000e8b00000, 0x00000000e8c00000, 0x00000000e8c00000|100%| S|CS|TAMS 0x00000000e8b00000, 0x00000000e8b00000| Complete 
| 140|0x00000000e8c00000, 0x00000000e8d00000, 0x00000000e8d00000|100%| S|CS|TAMS 0x00000000e8c00000, 0x00000000e8c00000| Complete 
| 141|0x00000000e8d00000, 0x00000000e8e00000, 0x00000000e8e00000|100%| S|CS|TAMS 0x00000000e8d00000, 0x00000000e8d00000| Complete 
| 142|0x00000000e8e00000, 0x00000000e8f00000, 0x00000000e8f00000|100%| S|CS|TAMS 0x00000000e8e00000, 0x00000000e8e00000| Complete 
| 143|0x00000000e8f00000, 0x00000000e9000000, 0x00000000e9000000|100%| E|CS|TAMS 0x00000000e8f00000, 0x00000000e8f00000| Complete 
| 144|0x00000000e9000000, 0x00000000e9100000, 0x00000000e9100000|100%| E|CS|TAMS 0x00000000e9000000, 0x00000000e9000000| Complete 
| 145|0x00000000e9100000, 0x00000000e9200000, 0x00000000e9200000|100%| E|CS|TAMS 0x00000000e9100000, 0x00000000e9100000| Complete 
| 146|0x00000000e9200000, 0x00000000e9300000, 0x00000000e9300000|100%| E|CS|TAMS 0x00000000e9200000, 0x00000000e9200000| Complete 
| 147|0x00000000e9300000, 0x00000000e9400000, 0x00000000e9400000|100%| E|CS|TAMS 0x00000000e9300000, 0x00000000e9300000| Complete 
| 148|0x00000000e9400000, 0x00000000e9500000, 0x00000000e9500000|100%| E|CS|TAMS 0x00000000e9400000, 0x00000000e9400000| Complete 
| 149|0x00000000e9500000, 0x00000000e9600000, 0x00000000e9600000|100%| E|CS|TAMS 0x00000000e9500000, 0x00000000e9500000| Complete 
| 150|0x00000000e9600000, 0x00000000e9700000, 0x00000000e9700000|100%| E|CS|TAMS 0x00000000e9600000, 0x00000000e9600000| Complete 
| 151|0x00000000e9700000, 0x00000000e9800000, 0x00000000e9800000|100%| E|CS|TAMS 0x00000000e9700000, 0x00000000e9700000| Complete 
| 152|0x00000000e9800000, 0x00000000e9900000, 0x00000000e9900000|100%| E|CS|TAMS 0x00000000e9800000, 0x00000000e9800000| Complete 
| 153|0x00000000e9900000, 0x00000000e9a00000, 0x00000000e9a00000|100%| E|CS|TAMS 0x00000000e9900000, 0x00000000e9900000| Complete 
| 154|0x00000000e9a00000, 0x00000000e9b00000, 0x00000000e9b00000|100%| E|CS|TAMS 0x00000000e9a00000, 0x00000000e9a00000| Complete 
| 155|0x00000000e9b00000, 0x00000000e9c00000, 0x00000000e9c00000|100%| E|CS|TAMS 0x00000000e9b00000, 0x00000000e9b00000| Complete 
| 156|0x00000000e9c00000, 0x00000000e9d00000, 0x00000000e9d00000|100%| E|CS|TAMS 0x00000000e9c00000, 0x00000000e9c00000| Complete 
| 157|0x00000000e9d00000, 0x00000000e9e00000, 0x00000000e9e00000|100%| E|CS|TAMS 0x00000000e9d00000, 0x00000000e9d00000| Complete 
| 158|0x00000000e9e00000, 0x00000000e9f00000, 0x00000000e9f00000|100%| E|CS|TAMS 0x00000000e9e00000, 0x00000000e9e00000| Complete 
| 159|0x00000000e9f00000, 0x00000000ea000000, 0x00000000ea000000|100%| E|CS|TAMS 0x00000000e9f00000, 0x00000000e9f00000| Complete 
| 160|0x00000000ea000000, 0x00000000ea100000, 0x00000000ea100000|100%| E|CS|TAMS 0x00000000ea000000, 0x00000000ea000000| Complete 
| 161|0x00000000ea100000, 0x00000000ea200000, 0x00000000ea200000|100%| E|CS|TAMS 0x00000000ea100000, 0x00000000ea100000| Complete 
| 162|0x00000000ea200000, 0x00000000ea300000, 0x00000000ea300000|100%| E|CS|TAMS 0x00000000ea200000, 0x00000000ea200000| Complete 
| 163|0x00000000ea300000, 0x00000000ea400000, 0x00000000ea400000|100%| E|CS|TAMS 0x00000000ea300000, 0x00000000ea300000| Complete 
| 164|0x00000000ea400000, 0x00000000ea500000, 0x00000000ea500000|100%| E|CS|TAMS 0x00000000ea400000, 0x00000000ea400000| Complete 
| 165|0x00000000ea500000, 0x00000000ea600000, 0x00000000ea600000|100%| E|CS|TAMS 0x00000000ea500000, 0x00000000ea500000| Complete 
| 166|0x00000000ea600000, 0x00000000ea700000, 0x00000000ea700000|100%| E|CS|TAMS 0x00000000ea600000, 0x00000000ea600000| Complete 
| 167|0x00000000ea700000, 0x00000000ea800000, 0x00000000ea800000|100%| E|CS|TAMS 0x00000000ea700000, 0x00000000ea700000| Complete 
| 168|0x00000000ea800000, 0x00000000ea900000, 0x00000000ea900000|100%| E|CS|TAMS 0x00000000ea800000, 0x00000000ea800000| Complete 
| 169|0x00000000ea900000, 0x00000000eaa00000, 0x00000000eaa00000|100%| E|CS|TAMS 0x00000000ea900000, 0x00000000ea900000| Complete 
| 170|0x00000000eaa00000, 0x00000000eab00000, 0x00000000eab00000|100%| E|CS|TAMS 0x00000000eaa00000, 0x00000000eaa00000| Complete 
| 171|0x00000000eab00000, 0x00000000eac00000, 0x00000000eac00000|100%| E|CS|TAMS 0x00000000eab00000, 0x00000000eab00000| Complete 
| 172|0x00000000eac00000, 0x00000000ead00000, 0x00000000ead00000|100%| E|CS|TAMS 0x00000000eac00000, 0x00000000eac00000| Complete 
| 173|0x00000000ead00000, 0x00000000eae00000, 0x00000000eae00000|100%| E|CS|TAMS 0x00000000ead00000, 0x00000000ead00000| Complete 
| 174|0x00000000eae00000, 0x00000000eaf00000, 0x00000000eaf00000|100%| E|CS|TAMS 0x00000000eae00000, 0x00000000eae00000| Complete 
| 175|0x00000000eaf00000, 0x00000000eb000000, 0x00000000eb000000|100%| E|CS|TAMS 0x00000000eaf00000, 0x00000000eaf00000| Complete 
| 176|0x00000000eb000000, 0x00000000eb100000, 0x00000000eb100000|100%| E|CS|TAMS 0x00000000eb000000, 0x00000000eb000000| Complete 
| 177|0x00000000eb100000, 0x00000000eb200000, 0x00000000eb200000|100%| E|CS|TAMS 0x00000000eb100000, 0x00000000eb100000| Complete 
| 178|0x00000000eb200000, 0x00000000eb300000, 0x00000000eb300000|100%| E|CS|TAMS 0x00000000eb200000, 0x00000000eb200000| Complete 
| 179|0x00000000eb300000, 0x00000000eb400000, 0x00000000eb400000|100%| E|CS|TAMS 0x00000000eb300000, 0x00000000eb300000| Complete 
| 180|0x00000000eb400000, 0x00000000eb500000, 0x00000000eb500000|100%| E|  |TAMS 0x00000000eb400000, 0x00000000eb400000| Complete 
| 181|0x00000000eb500000, 0x00000000eb600000, 0x00000000eb600000|100%| E|CS|TAMS 0x00000000eb500000, 0x00000000eb500000| Complete 
| 182|0x00000000eb600000, 0x00000000eb700000, 0x00000000eb700000|100%| E|CS|TAMS 0x00000000eb600000, 0x00000000eb600000| Complete 
| 183|0x00000000eb700000, 0x00000000eb800000, 0x00000000eb800000|100%| E|CS|TAMS 0x00000000eb700000, 0x00000000eb700000| Complete 
| 184|0x00000000eb800000, 0x00000000eb900000, 0x00000000eb900000|100%| E|CS|TAMS 0x00000000eb800000, 0x00000000eb800000| Complete 
| 185|0x00000000eb900000, 0x00000000eba00000, 0x00000000eba00000|100%| E|CS|TAMS 0x00000000eb900000, 0x00000000eb900000| Complete 
| 186|0x00000000eba00000, 0x00000000ebb00000, 0x00000000ebb00000|100%| E|CS|TAMS 0x00000000eba00000, 0x00000000eba00000| Complete 
| 187|0x00000000ebb00000, 0x00000000ebc00000, 0x00000000ebc00000|100%| E|CS|TAMS 0x00000000ebb00000, 0x00000000ebb00000| Complete 
| 188|0x00000000ebc00000, 0x00000000ebd00000, 0x00000000ebd00000|100%| E|CS|TAMS 0x00000000ebc00000, 0x00000000ebc00000| Complete 
| 189|0x00000000ebd00000, 0x00000000ebe00000, 0x00000000ebe00000|100%| E|CS|TAMS 0x00000000ebd00000, 0x00000000ebd00000| Complete 
| 190|0x00000000ebe00000, 0x00000000ebf00000, 0x00000000ebf00000|100%| E|CS|TAMS 0x00000000ebe00000, 0x00000000ebe00000| Complete 
| 191|0x00000000ebf00000, 0x00000000ec000000, 0x00000000ec000000|100%| E|CS|TAMS 0x00000000ebf00000, 0x00000000ebf00000| Complete 
| 192|0x00000000ec000000, 0x00000000ec100000, 0x00000000ec100000|100%| E|CS|TAMS 0x00000000ec000000, 0x00000000ec000000| Complete 
| 193|0x00000000ec100000, 0x00000000ec200000, 0x00000000ec200000|100%| E|CS|TAMS 0x00000000ec100000, 0x00000000ec100000| Complete 
| 194|0x00000000ec200000, 0x00000000ec300000, 0x00000000ec300000|100%| E|CS|TAMS 0x00000000ec200000, 0x00000000ec200000| Complete 
| 195|0x00000000ec300000, 0x00000000ec400000, 0x00000000ec400000|100%| E|CS|TAMS 0x00000000ec300000, 0x00000000ec300000| Complete 
| 196|0x00000000ec400000, 0x00000000ec500000, 0x00000000ec500000|100%| E|CS|TAMS 0x00000000ec400000, 0x00000000ec400000| Complete 
| 197|0x00000000ec500000, 0x00000000ec600000, 0x00000000ec600000|100%| E|CS|TAMS 0x00000000ec500000, 0x00000000ec500000| Complete 
| 198|0x00000000ec600000, 0x00000000ec700000, 0x00000000ec700000|100%| E|CS|TAMS 0x00000000ec600000, 0x00000000ec600000| Complete 
| 199|0x00000000ec700000, 0x00000000ec800000, 0x00000000ec800000|100%| E|CS|TAMS 0x00000000ec700000, 0x00000000ec700000| Complete 
| 200|0x00000000ec800000, 0x00000000ec900000, 0x00000000ec900000|100%| E|CS|TAMS 0x00000000ec800000, 0x00000000ec800000| Complete 
| 201|0x00000000ec900000, 0x00000000eca00000, 0x00000000eca00000|100%| E|CS|TAMS 0x00000000ec900000, 0x00000000ec900000| Complete 
| 202|0x00000000eca00000, 0x00000000ecb00000, 0x00000000ecb00000|100%| E|CS|TAMS 0x00000000eca00000, 0x00000000eca00000| Complete 
| 203|0x00000000ecb00000, 0x00000000ecc00000, 0x00000000ecc00000|100%| E|CS|TAMS 0x00000000ecb00000, 0x00000000ecb00000| Complete 
| 204|0x00000000ecc00000, 0x00000000ecd00000, 0x00000000ecd00000|100%| E|CS|TAMS 0x00000000ecc00000, 0x00000000ecc00000| Complete 
| 205|0x00000000ecd00000, 0x00000000ece00000, 0x00000000ece00000|100%| E|CS|TAMS 0x00000000ecd00000, 0x00000000ecd00000| Complete 
| 206|0x00000000ece00000, 0x00000000ecf00000, 0x00000000ecf00000|100%| E|CS|TAMS 0x00000000ece00000, 0x00000000ece00000| Complete 
| 207|0x00000000ecf00000, 0x00000000ed000000, 0x00000000ed000000|100%| E|CS|TAMS 0x00000000ecf00000, 0x00000000ecf00000| Complete 
| 208|0x00000000ed000000, 0x00000000ed100000, 0x00000000ed100000|100%| E|CS|TAMS 0x00000000ed000000, 0x00000000ed000000| Complete 
| 209|0x00000000ed100000, 0x00000000ed200000, 0x00000000ed200000|100%| E|CS|TAMS 0x00000000ed100000, 0x00000000ed100000| Complete 
| 210|0x00000000ed200000, 0x00000000ed300000, 0x00000000ed300000|100%| E|CS|TAMS 0x00000000ed200000, 0x00000000ed200000| Complete 
| 211|0x00000000ed300000, 0x00000000ed400000, 0x00000000ed400000|100%| E|CS|TAMS 0x00000000ed300000, 0x00000000ed300000| Complete 
| 212|0x00000000ed400000, 0x00000000ed500000, 0x00000000ed500000|100%| E|CS|TAMS 0x00000000ed400000, 0x00000000ed400000| Complete 
| 213|0x00000000ed500000, 0x00000000ed600000, 0x00000000ed600000|100%| E|CS|TAMS 0x00000000ed500000, 0x00000000ed500000| Complete 
| 214|0x00000000ed600000, 0x00000000ed700000, 0x00000000ed700000|100%| E|CS|TAMS 0x00000000ed600000, 0x00000000ed600000| Complete 
| 215|0x00000000ed700000, 0x00000000ed800000, 0x00000000ed800000|100%| E|CS|TAMS 0x00000000ed700000, 0x00000000ed700000| Complete 
| 216|0x00000000ed800000, 0x00000000ed900000, 0x00000000ed900000|100%| E|CS|TAMS 0x00000000ed800000, 0x00000000ed800000| Complete 
| 217|0x00000000ed900000, 0x00000000eda00000, 0x00000000eda00000|100%| E|CS|TAMS 0x00000000ed900000, 0x00000000ed900000| Complete 
| 218|0x00000000eda00000, 0x00000000edb00000, 0x00000000edb00000|100%| E|CS|TAMS 0x00000000eda00000, 0x00000000eda00000| Complete 
| 219|0x00000000edb00000, 0x00000000edc00000, 0x00000000edc00000|100%| E|CS|TAMS 0x00000000edb00000, 0x00000000edb00000| Complete 
| 220|0x00000000edc00000, 0x00000000edd00000, 0x00000000edd00000|100%| E|CS|TAMS 0x00000000edc00000, 0x00000000edc00000| Complete 
| 221|0x00000000edd00000, 0x00000000ede00000, 0x00000000ede00000|100%| E|CS|TAMS 0x00000000edd00000, 0x00000000edd00000| Complete 
| 222|0x00000000ede00000, 0x00000000edf00000, 0x00000000edf00000|100%| E|CS|TAMS 0x00000000ede00000, 0x00000000ede00000| Complete 
| 223|0x00000000edf00000, 0x00000000ee000000, 0x00000000ee000000|100%| E|CS|TAMS 0x00000000edf00000, 0x00000000edf00000| Complete 
| 224|0x00000000ee000000, 0x00000000ee100000, 0x00000000ee100000|100%| E|CS|TAMS 0x00000000ee000000, 0x00000000ee000000| Complete 
| 225|0x00000000ee100000, 0x00000000ee200000, 0x00000000ee200000|100%| E|CS|TAMS 0x00000000ee100000, 0x00000000ee100000| Complete 
| 226|0x00000000ee200000, 0x00000000ee300000, 0x00000000ee300000|100%| E|CS|TAMS 0x00000000ee200000, 0x00000000ee200000| Complete 
| 227|0x00000000ee300000, 0x00000000ee400000, 0x00000000ee400000|100%| E|CS|TAMS 0x00000000ee300000, 0x00000000ee300000| Complete 
| 228|0x00000000ee400000, 0x00000000ee500000, 0x00000000ee500000|100%| E|CS|TAMS 0x00000000ee400000, 0x00000000ee400000| Complete 
| 229|0x00000000ee500000, 0x00000000ee600000, 0x00000000ee600000|100%| E|CS|TAMS 0x00000000ee500000, 0x00000000ee500000| Complete 
| 230|0x00000000ee600000, 0x00000000ee700000, 0x00000000ee700000|100%| E|CS|TAMS 0x00000000ee600000, 0x00000000ee600000| Complete 
| 231|0x00000000ee700000, 0x00000000ee800000, 0x00000000ee800000|100%| E|CS|TAMS 0x00000000ee700000, 0x00000000ee700000| Complete 
| 232|0x00000000ee800000, 0x00000000ee900000, 0x00000000ee900000|100%| E|CS|TAMS 0x00000000ee800000, 0x00000000ee800000| Complete 
| 233|0x00000000ee900000, 0x00000000eea00000, 0x00000000eea00000|100%| E|CS|TAMS 0x00000000ee900000, 0x00000000ee900000| Complete 
| 234|0x00000000eea00000, 0x00000000eeb00000, 0x00000000eeb00000|100%| E|CS|TAMS 0x00000000eea00000, 0x00000000eea00000| Complete 
| 235|0x00000000eeb00000, 0x00000000eec00000, 0x00000000eec00000|100%| E|CS|TAMS 0x00000000eeb00000, 0x00000000eeb00000| Complete 
| 236|0x00000000eec00000, 0x00000000eed00000, 0x00000000eed00000|100%| E|CS|TAMS 0x00000000eec00000, 0x00000000eec00000| Complete 
| 237|0x00000000eed00000, 0x00000000eee00000, 0x00000000eee00000|100%| E|CS|TAMS 0x00000000eed00000, 0x00000000eed00000| Complete 
| 238|0x00000000eee00000, 0x00000000eef00000, 0x00000000eef00000|100%| E|CS|TAMS 0x00000000eee00000, 0x00000000eee00000| Complete 
| 239|0x00000000eef00000, 0x00000000ef000000, 0x00000000ef000000|100%| E|CS|TAMS 0x00000000eef00000, 0x00000000eef00000| Complete 
| 240|0x00000000ef000000, 0x00000000ef100000, 0x00000000ef100000|100%| E|CS|TAMS 0x00000000ef000000, 0x00000000ef000000| Complete 
| 241|0x00000000ef100000, 0x00000000ef200000, 0x00000000ef200000|100%| E|CS|TAMS 0x00000000ef100000, 0x00000000ef100000| Complete 
| 242|0x00000000ef200000, 0x00000000ef300000, 0x00000000ef300000|100%| E|CS|TAMS 0x00000000ef200000, 0x00000000ef200000| Complete 
| 243|0x00000000ef300000, 0x00000000ef400000, 0x00000000ef400000|100%| E|CS|TAMS 0x00000000ef300000, 0x00000000ef300000| Complete 
| 244|0x00000000ef400000, 0x00000000ef500000, 0x00000000ef500000|100%| E|CS|TAMS 0x00000000ef400000, 0x00000000ef400000| Complete 
| 245|0x00000000ef500000, 0x00000000ef600000, 0x00000000ef600000|100%| E|CS|TAMS 0x00000000ef500000, 0x00000000ef500000| Complete 
| 246|0x00000000ef600000, 0x00000000ef700000, 0x00000000ef700000|100%| E|CS|TAMS 0x00000000ef600000, 0x00000000ef600000| Complete 
| 247|0x00000000ef700000, 0x00000000ef800000, 0x00000000ef800000|100%| E|CS|TAMS 0x00000000ef700000, 0x00000000ef700000| Complete 
| 248|0x00000000ef800000, 0x00000000ef900000, 0x00000000ef900000|100%| E|CS|TAMS 0x00000000ef800000, 0x00000000ef800000| Complete 
| 249|0x00000000ef900000, 0x00000000efa00000, 0x00000000efa00000|100%| E|CS|TAMS 0x00000000ef900000, 0x00000000ef900000| Complete 
| 250|0x00000000efa00000, 0x00000000efb00000, 0x00000000efb00000|100%| E|CS|TAMS 0x00000000efa00000, 0x00000000efa00000| Complete 
| 251|0x00000000efb00000, 0x00000000efc00000, 0x00000000efc00000|100%| E|CS|TAMS 0x00000000efb00000, 0x00000000efb00000| Complete 
| 252|0x00000000efc00000, 0x00000000efd00000, 0x00000000efd00000|100%| E|CS|TAMS 0x00000000efc00000, 0x00000000efc00000| Complete 
| 253|0x00000000efd00000, 0x00000000efe00000, 0x00000000efe00000|100%| E|CS|TAMS 0x00000000efd00000, 0x00000000efd00000| Complete 
| 254|0x00000000efe00000, 0x00000000eff00000, 0x00000000eff00000|100%| E|CS|TAMS 0x00000000efe00000, 0x00000000efe00000| Complete 
| 255|0x00000000eff00000, 0x00000000f0000000, 0x00000000f0000000|100%| E|CS|TAMS 0x00000000eff00000, 0x00000000eff00000| Complete 

Card table byte_map: [0x000001d1cbcb0000,0x000001d1cbdb0000] _byte_map_base: 0x000001d1cb5b0000

Marking Bits (Prev, Next): (CMBitMap*) 0x000001d1b2ec3ad0, (CMBitMap*) 0x000001d1b2ec3a90
 Prev Bits: [0x000001d1cc6b0000, 0x000001d1cceb0000)
 Next Bits: [0x000001d1cbeb0000, 0x000001d1cc6b0000)

Polling page: 0x000001d1bbf00000

Metaspace:

Usage:
  Non-class:     29.63 MB used.
      Class:      4.76 MB used.
       Both:     34.39 MB used.

Virtual space:
  Non-class space:       64.00 MB reserved,      29.88 MB ( 47%) committed,  1 nodes.
      Class space:      320.00 MB reserved,       4.94 MB (  2%) committed,  1 nodes.
             Both:      384.00 MB reserved,      34.81 MB (  9%) committed. 

Chunk freelists:
   Non-Class:  1.86 MB
       Class:  10.89 MB
        Both:  12.75 MB

MaxMetaspaceSize: 384.00 MB
CompressedClassSpaceSize: 320.00 MB
Initial GC threshold: 21.00 MB
Current GC threshold: 35.56 MB
CDS: on
MetaspaceReclaimPolicy: balanced
 - commit_granule_bytes: 65536.
 - commit_granule_words: 8192.
 - virtual_space_node_default_size: 8388608.
 - enlarge_chunks_in_place: 1.
 - new_chunks_are_fully_committed: 0.
 - uncommit_free_chunks: 1.
 - use_allocation_guard: 0.
 - handle_deallocations: 1.


Internal statistics:

num_allocs_failed_limit: 3.
num_arena_births: 354.
num_arena_deaths: 0.
num_vsnodes_births: 2.
num_vsnodes_deaths: 0.
num_space_committed: 557.
num_space_uncommitted: 0.
num_chunks_returned_to_freelist: 3.
num_chunks_taken_from_freelist: 1636.
num_chunk_merges: 3.
num_chunk_splits: 1084.
num_chunks_enlarged: 775.
num_inconsistent_stats: 0.

CodeHeap 'non-profiled nmethods': size=120000Kb used=2684Kb max_used=2684Kb free=117315Kb
 bounds [0x000001d1c39f0000, 0x000001d1c3c90000, 0x000001d1caf20000]
CodeHeap 'profiled nmethods': size=120000Kb used=9321Kb max_used=9321Kb free=110678Kb
 bounds [0x000001d1bbf20000, 0x000001d1bc840000, 0x000001d1c3450000]
CodeHeap 'non-nmethods': size=5760Kb used=2296Kb max_used=2341Kb free=3463Kb
 bounds [0x000001d1c3450000, 0x000001d1c36c0000, 0x000001d1c39f0000]
 total_blobs=5278 nmethods=4478 adapters=712
 compilation: enabled
              stopped_count=0, restarted_count=0
 full_count=0

Compilation events (20 events):
Event: 112.747 Thread 0x000001d1cfb528f0 nmethod 4484 0x000001d1bc834c90 code [0x000001d1bc834f20, 0x000001d1bc835c68]
Event: 112.747 Thread 0x000001d1cfb528f0 4485   !   3       sun.nio.ch.DatagramChannelImpl::beginWrite (87 bytes)
Event: 112.748 Thread 0x000001d1cfb528f0 nmethod 4485 0x000001d1bc836210 code [0x000001d1bc836440, 0x000001d1bc836b78]
Event: 112.748 Thread 0x000001d1cfb528f0 4486   !   3       sun.nio.ch.DatagramChannelImpl::send (140 bytes)
Event: 112.749 Thread 0x000001d1cfb528f0 nmethod 4486 0x000001d1bc836f10 code [0x000001d1bc837160, 0x000001d1bc837a08]
Event: 112.749 Thread 0x000001d1cfb528f0 4487   !   3       sun.nio.ch.DatagramChannelImpl::sendFromNativeBuffer (125 bytes)
Event: 112.750 Thread 0x000001d1cfb528f0 nmethod 4487 0x000001d1bc837d90 code [0x000001d1bc837fa0, 0x000001d1bc838758]
Event: 112.750 Thread 0x000001d1cfb528f0 4488       3       sun.nio.ch.DatagramChannelImpl::targetSocketAddress (67 bytes)
Event: 112.751 Thread 0x000001d1cfb528f0 nmethod 4488 0x000001d1bc838a90 code [0x000001d1bc838c40, 0x000001d1bc838ec8]
Event: 112.751 Thread 0x000001d1cfb528f0 4489       3       sun.nio.ch.NativeSocketAddress::encode (106 bytes)
Event: 112.752 Thread 0x000001d1cfb528f0 nmethod 4489 0x000001d1bc838f90 code [0x000001d1bc8391e0, 0x000001d1bc839968]
Event: 118.086 Thread 0x000001d1cfb51f30 4490       4       java.util.stream.AbstractPipeline::wrapSink (37 bytes)
Event: 118.089 Thread 0x000001d1cfb51f30 nmethod 4490 0x000001d1c3c8e710 code [0x000001d1c3c8e8a0, 0x000001d1c3c8e9b8]
Event: 118.454 Thread 0x000001d1cfb528f0 4491       1       java.nio.channels.FileLock::isShared (5 bytes)
Event: 118.454 Thread 0x000001d1cfb528f0 nmethod 4491 0x000001d1c3c8eb10 code [0x000001d1c3c8eca0, 0x000001d1c3c8ed78]
Event: 118.586 Thread 0x000001d1cfb528f0 4492       3       org.gradle.jvm.toolchain.internal.DefaultJavaLanguageVersion::of (59 bytes)
Event: 118.587 Thread 0x000001d1cfb528f0 nmethod 4492 0x000001d1bc839c90 code [0x000001d1bc839ea0, 0x000001d1bc83a368]
Event: 118.612 Thread 0x000001d1cfb528f0 4493       1       org.gradle.launcher.daemon.registry.DaemonInfo::getState (5 bytes)
Event: 118.612 Thread 0x000001d1cfb528f0 nmethod 4493 0x000001d1c3c8ee10 code [0x000001d1c3c8efa0, 0x000001d1c3c8f078]
Event: 120.119 Thread 0x000001d1cfb51f30 4494       4       javax.management.ObjectName::construct (1135 bytes)

GC Heap History (8 events):
Event: 6.770 GC heap before
{Heap before GC invocations=0 (full 0):
 garbage-first heap   total 262144K, used 22528K [0x00000000e0000000, 0x0000000100000000)
  region size 1024K, 23 young (23552K), 0 survivors (0K)
 Metaspace       used 1167K, committed 1280K, reserved 393216K
  class space    used 87K, committed 128K, reserved 327680K
}
Event: 6.786 GC heap after
{Heap after GC invocations=1 (full 0):
 garbage-first heap   total 262144K, used 5187K [0x00000000e0000000, 0x0000000100000000)
  region size 1024K, 3 young (3072K), 3 survivors (3072K)
 Metaspace       used 1167K, committed 1280K, reserved 393216K
  class space    used 87K, committed 128K, reserved 327680K
}
Event: 17.301 GC heap before
{Heap before GC invocations=1 (full 0):
 garbage-first heap   total 262144K, used 38979K [0x00000000e0000000, 0x0000000100000000)
  region size 1024K, 32 young (32768K), 3 survivors (3072K)
 Metaspace       used 4110K, committed 4288K, reserved 393216K
  class space    used 510K, committed 640K, reserved 327680K
}
Event: 17.304 GC heap after
{Heap after GC invocations=2 (full 0):
 garbage-first heap   total 262144K, used 12169K [0x00000000e0000000, 0x0000000100000000)
  region size 1024K, 3 young (3072K), 3 survivors (3072K)
 Metaspace       used 4110K, committed 4288K, reserved 393216K
  class space    used 510K, committed 640K, reserved 327680K
}
Event: 20.728 GC heap before
{Heap before GC invocations=2 (full 0):
 garbage-first heap   total 262144K, used 58249K [0x00000000e0000000, 0x0000000100000000)
  region size 1024K, 46 young (47104K), 3 survivors (3072K)
 Metaspace       used 4353K, committed 4544K, reserved 393216K
  class space    used 537K, committed 640K, reserved 327680K
}
Event: 20.732 GC heap after
{Heap after GC invocations=3 (full 0):
 garbage-first heap   total 262144K, used 17195K [0x00000000e0000000, 0x0000000100000000)
  region size 1024K, 6 young (6144K), 6 survivors (6144K)
 Metaspace       used 4353K, committed 4544K, reserved 393216K
  class space    used 537K, committed 640K, reserved 327680K
}
Event: 42.329 GC heap before
{Heap before GC invocations=3 (full 0):
 garbage-first heap   total 262144K, used 125739K [0x00000000e0000000, 0x0000000100000000)
  region size 1024K, 113 young (115712K), 6 survivors (6144K)
 Metaspace       used 21228K, committed 21504K, reserved 393216K
  class space    used 3109K, committed 3264K, reserved 327680K
}
Event: 42.439 GC heap after
{Heap after GC invocations=4 (full 0):
 garbage-first heap   total 262144K, used 24253K [0x00000000e0000000, 0x0000000100000000)
  region size 1024K, 13 young (13312K), 13 survivors (13312K)
 Metaspace       used 21228K, committed 21504K, reserved 393216K
  class space    used 3109K, committed 3264K, reserved 327680K
}

Deoptimization events (20 events):
Event: 63.055 Thread 0x000001d1e90e6810 DEOPT PACKING pc=0x000001d1c3c34e38 sp=0x00000017706f9190
Event: 63.055 Thread 0x000001d1e90e6810 DEOPT UNPACKING pc=0x000001d1c34a23a3 sp=0x00000017706f9058 mode 2
Event: 63.056 Thread 0x000001d1e90e6810 Uncommon trap: trap_request=0xffffffde fr.pc=0x000001d1c3c29f24 relative=0x00000000000003e4
Event: 63.056 Thread 0x000001d1e90e6810 Uncommon trap: reason=class_check action=maybe_recompile pc=0x000001d1c3c29f24 method=java.util.regex.Pattern$Start.match(Ljava/util/regex/Matcher;ILjava/lang/CharSequence;)Z @ 44 c2
Event: 63.056 Thread 0x000001d1e90e6810 DEOPT PACKING pc=0x000001d1c3c29f24 sp=0x00000017706f9120
Event: 63.056 Thread 0x000001d1e90e6810 DEOPT UNPACKING pc=0x000001d1c34a23a3 sp=0x00000017706f9060 mode 2
Event: 63.056 Thread 0x000001d1e90e6810 Uncommon trap: trap_request=0xffffffde fr.pc=0x000001d1c3c2f5f4 relative=0x00000000000002b4
Event: 63.056 Thread 0x000001d1e90e6810 Uncommon trap: reason=class_check action=maybe_recompile pc=0x000001d1c3c2f5f4 method=java.util.regex.Pattern$Start.match(Ljava/util/regex/Matcher;ILjava/lang/CharSequence;)Z @ 44 c2
Event: 63.056 Thread 0x000001d1e90e6810 DEOPT PACKING pc=0x000001d1c3c2f5f4 sp=0x00000017706f90a0
Event: 63.056 Thread 0x000001d1e90e6810 DEOPT UNPACKING pc=0x000001d1c34a23a3 sp=0x00000017706f9060 mode 2
Event: 88.153 Thread 0x000001d1e902fad0 DEOPT PACKING pc=0x000001d1bc2abd08 sp=0x00000017702fe1f0
Event: 88.153 Thread 0x000001d1e902fad0 DEOPT UNPACKING pc=0x000001d1c34a2b43 sp=0x00000017702fd6f8 mode 0
Event: 104.551 Thread 0x000001d1e90e6810 Uncommon trap: trap_request=0xffffffde fr.pc=0x000001d1c3b06d54 relative=0x00000000000004f4
Event: 104.551 Thread 0x000001d1e90e6810 Uncommon trap: reason=class_check action=maybe_recompile pc=0x000001d1c3b06d54 method=java.util.Collections$SetFromMap.remove(Ljava/lang/Object;)Z @ 5 c2
Event: 104.551 Thread 0x000001d1e90e6810 DEOPT PACKING pc=0x000001d1c3b06d54 sp=0x00000017706faff0
Event: 104.551 Thread 0x000001d1e90e6810 DEOPT UNPACKING pc=0x000001d1c34a23a3 sp=0x00000017706fafd8 mode 2
Event: 104.735 Thread 0x000001d1e90e6810 Uncommon trap: trap_request=0xffffffde fr.pc=0x000001d1c3c42000 relative=0x0000000000000060
Event: 104.735 Thread 0x000001d1e90e6810 Uncommon trap: reason=class_check action=maybe_recompile pc=0x000001d1c3c42000 method=java.util.stream.StreamOpFlag.fromCharacteristics(Ljava/util/Spliterator;)I @ 14 c2
Event: 104.735 Thread 0x000001d1e90e6810 DEOPT PACKING pc=0x000001d1c3c42000 sp=0x00000017706f9d80
Event: 104.735 Thread 0x000001d1e90e6810 DEOPT UNPACKING pc=0x000001d1c34a23a3 sp=0x00000017706f9d18 mode 2

Classes unloaded (0 events):
No events

Classes redefined (0 events):
No events

Internal exceptions (20 events):
Event: 62.616 Thread 0x000001d1e90e6810 Exception <a 'java/lang/ClassNotFoundException'{0x00000000e9c1bf00}: org/gradle/invocation/DefaultGradle_DecoratedBeanInfo> (0x00000000e9c1bf00) 
thrown [s\open\src\hotspot\share\classfile\systemDictionary.cpp, line 256]
Event: 62.622 Thread 0x000001d1e90e6810 Exception <a 'java/lang/ClassNotFoundException'{0x00000000e9c2a888}: org/gradle/invocation/DefaultGradleBeanInfo> (0x00000000e9c2a888) 
thrown [s\open\src\hotspot\share\classfile\systemDictionary.cpp, line 256]
Event: 62.623 Thread 0x000001d1e90e6810 Exception <a 'java/lang/ClassNotFoundException'{0x00000000e9c39860}: org/gradle/api/internal/project/AbstractPluginAwareBeanInfo> (0x00000000e9c39860) 
thrown [s\open\src\hotspot\share\classfile\systemDictionary.cpp, line 256]
Event: 62.625 Thread 0x000001d1e90e6810 Exception <a 'java/lang/ClassNotFoundException'{0x00000000e9c48888}: org/gradle/api/internal/project/AbstractPluginAwareCustomizer> (0x00000000e9c48888) 
thrown [s\open\src\hotspot\share\classfile\systemDictionary.cpp, line 256]
Event: 62.637 Thread 0x000001d1e90e6810 Exception <a 'java/lang/ClassNotFoundException'{0x00000000e9c5ce48}: org/gradle/invocation/DefaultGradleCustomizer> (0x00000000e9c5ce48) 
thrown [s\open\src\hotspot\share\classfile\systemDictionary.cpp, line 256]
Event: 62.644 Thread 0x000001d1e90e6810 Exception <a 'java/lang/ClassNotFoundException'{0x00000000e9c9d190}: org/gradle/invocation/DefaultGradle_DecoratedCustomizer> (0x00000000e9c9d190) 
thrown [s\open\src\hotspot\share\classfile\systemDictionary.cpp, line 256]
Event: 63.050 Thread 0x000001d1e90e6810 Exception <a 'java/lang/ClassNotFoundException'{0x00000000e989f690}: groovy/lang/Closure$1BeanInfo> (0x00000000e989f690) 
thrown [s\open\src\hotspot\share\classfile\systemDictionary.cpp, line 256]
Event: 63.051 Thread 0x000001d1e90e6810 Exception <a 'java/lang/ClassNotFoundException'{0x00000000e98bd1b0}: groovy/lang/ClosureBeanInfo> (0x00000000e98bd1b0) 
thrown [s\open\src\hotspot\share\classfile\systemDictionary.cpp, line 256]
Event: 63.053 Thread 0x000001d1e90e6810 Exception <a 'java/lang/ClassNotFoundException'{0x00000000e98dae50}: groovy/lang/ClosureCustomizer> (0x00000000e98dae50) 
thrown [s\open\src\hotspot\share\classfile\systemDictionary.cpp, line 256]
Event: 63.059 Thread 0x000001d1e90e6810 Exception <a 'java/lang/ClassNotFoundException'{0x00000000e971c2d8}: groovy/lang/Closure$1Customizer> (0x00000000e971c2d8) 
thrown [s\open\src\hotspot\share\classfile\systemDictionary.cpp, line 256]
Event: 104.264 Thread 0x000001d1e90e6810 Exception <a 'java/lang/ClassNotFoundException'{0x00000000e9046f60}: ijresolvers1_4x1loslf98ampzfflktmp9y1gBeanInfo> (0x00000000e9046f60) 
thrown [s\open\src\hotspot\share\classfile\systemDictionary.cpp, line 256]
Event: 104.285 Thread 0x000001d1e90e6810 Exception <a 'java/lang/ClassNotFoundException'{0x00000000e904db68}: ijresolvers1_4x1loslf98ampzfflktmp9y1gCustomizer> (0x00000000e904db68) 
thrown [s\open\src\hotspot\share\classfile\systemDictionary.cpp, line 256]
Event: 104.410 Thread 0x000001d1e90e6810 Exception <a 'java/lang/ClassNotFoundException'{0x00000000e8f0b188}: org/gradle/execution/taskgraph/DefaultTaskExecutionGraphBeanInfo> (0x00000000e8f0b188) 
thrown [s\open\src\hotspot\share\classfile\systemDictionary.cpp, line 256]
Event: 104.411 Thread 0x000001d1e90e6810 Exception <a 'java/lang/ClassNotFoundException'{0x00000000e8f1a2b8}: org/gradle/execution/taskgraph/DefaultTaskExecutionGraphCustomizer> (0x00000000e8f1a2b8) 
thrown [s\open\src\hotspot\share\classfile\systemDictionary.cpp, line 256]
Event: 104.544 Thread 0x000001d1e90e6810 Exception <a 'java/lang/ClassNotFoundException'{0x00000000e8167f48}: org/gradle/configuration/internal/DefaultListenerBuildOperationDecorator$BuildOperationEmittingClosureBeanInfo> (0x00000000e8167f48) 
thrown [s\open\src\hotspot\share\classfile\systemDictionary.cpp, line 256]
Event: 104.546 Thread 0x000001d1e90e6810 Exception <a 'java/lang/ClassNotFoundException'{0x00000000e8177e50}: org/gradle/configuration/internal/DefaultListenerBuildOperationDecorator$BuildOperationEmittingClosureCustomizer> (0x00000000e8177e50) 
thrown [s\open\src\hotspot\share\classfile\systemDictionary.cpp, line 256]
Event: 104.901 Thread 0x000001d1e90e6810 Exception <a 'sun/nio/fs/WindowsException'{0x00000000e7fdce20}> (0x00000000e7fdce20) 
thrown [s\open\src\hotspot\share\prims\jni.cpp, line 516]
Event: 104.913 Thread 0x000001d1e90e6810 Exception <a 'sun/nio/fs/WindowsException'{0x00000000e7fde598}> (0x00000000e7fde598) 
thrown [s\open\src\hotspot\share\prims\jni.cpp, line 516]
Event: 104.937 Thread 0x000001d1e90e6810 Exception <a 'sun/nio/fs/WindowsException'{0x00000000e7fdfcc8}> (0x00000000e7fdfcc8) 
thrown [s\open\src\hotspot\share\prims\jni.cpp, line 516]
Event: 104.973 Thread 0x000001d1e90e6810 Exception <a 'sun/nio/fs/WindowsException'{0x00000000e7fe1428}> (0x00000000e7fe1428) 
thrown [s\open\src\hotspot\share\prims\jni.cpp, line 516]

VM Operations (20 events):
Event: 93.646 Executing VM operation: Cleanup
Event: 93.646 Executing VM operation: Cleanup done
Event: 94.658 Executing VM operation: Cleanup
Event: 94.658 Executing VM operation: Cleanup done
Event: 96.670 Executing VM operation: Cleanup
Event: 96.670 Executing VM operation: Cleanup done
Event: 100.711 Executing VM operation: Cleanup
Event: 100.711 Executing VM operation: Cleanup done
Event: 104.741 Executing VM operation: Cleanup
Event: 104.743 Executing VM operation: Cleanup done
Event: 105.754 Executing VM operation: Cleanup
Event: 105.754 Executing VM operation: Cleanup done
Event: 110.798 Executing VM operation: Cleanup
Event: 110.814 Executing VM operation: Cleanup done
Event: 112.826 Executing VM operation: Cleanup
Event: 112.826 Executing VM operation: Cleanup done
Event: 119.888 Executing VM operation: Cleanup
Event: 119.889 Executing VM operation: Cleanup done
Event: 120.841 Executing VM operation: HandshakeAllThreads
Event: 120.841 Executing VM operation: HandshakeAllThreads done

Events (20 events):
Event: 62.848 loading class sun/reflect/MagicAccessorImpl done
Event: 63.050 Thread 0x000001d1eae03010 Thread exited: 0x000001d1eae03010
Event: 63.059 loading class com/sun/beans/finder/MethodFinder
Event: 63.060 loading class com/sun/beans/finder/AbstractFinder
Event: 63.060 loading class com/sun/beans/finder/AbstractFinder done
Event: 63.060 loading class com/sun/beans/finder/MethodFinder done
Event: 63.060 loading class com/sun/beans/finder/MethodFinder$1
Event: 63.060 loading class com/sun/beans/finder/MethodFinder$1 done
Event: 63.060 loading class com/sun/beans/finder/FinderUtils
Event: 63.060 loading class com/sun/beans/finder/FinderUtils done
Event: 93.381 Thread 0x000001d1eb4b32c0 Thread added: 0x000001d1eb4b32c0
Event: 103.744 Thread 0x000001d1eb4b3ce0 Thread added: 0x000001d1eb4b3ce0
Event: 104.602 Thread 0x000001d1eaf1e550 Thread added: 0x000001d1eaf1e550
Event: 104.735 loading class java/util/BitSet$1BitSetSpliterator
Event: 104.735 loading class java/util/BitSet$1BitSetSpliterator done
Event: 104.780 loading class java/lang/ThreadLocal$SuppliedThreadLocal
Event: 104.780 loading class java/lang/ThreadLocal$SuppliedThreadLocal done
Event: 104.879 Thread 0x000001d1eaf1e550 Thread exited: 0x000001d1eaf1e550
Event: 104.900 loading class sun/nio/fs/WindowsException
Event: 104.901 loading class sun/nio/fs/WindowsException done


Dynamic libraries:
0x00007ff6944e0000 - 0x00007ff6944f0000 	C:\Program Files\Java\jdk-17\bin\java.exe
0x00007ffc1a970000 - 0x00007ffc1ab87000 	C:\Windows\SYSTEM32\ntdll.dll
0x00007ffc19f00000 - 0x00007ffc19fc4000 	C:\Windows\System32\KERNEL32.DLL
0x00007ffc18110000 - 0x00007ffc184bd000 	C:\Windows\System32\KERNELBASE.dll
0x00007ffc17fc0000 - 0x00007ffc180d1000 	C:\Windows\System32\ucrtbase.dll
0x00007ffc0b0c0000 - 0x00007ffc0b0db000 	C:\Program Files\Java\jdk-17\bin\VCRUNTIME140.dll
0x00007ffc0ca40000 - 0x00007ffc0ca59000 	C:\Program Files\Java\jdk-17\bin\jli.dll
0x00007ffc19fe0000 - 0x00007ffc1a092000 	C:\Windows\System32\ADVAPI32.dll
0x00007ffc19890000 - 0x00007ffc19937000 	C:\Windows\System32\msvcrt.dll
0x00007ffc19240000 - 0x00007ffc192e9000 	C:\Windows\System32\sechost.dll
0x00007ffc180e0000 - 0x00007ffc18108000 	C:\Windows\System32\bcrypt.dll
0x00007ffc1a790000 - 0x00007ffc1a8a4000 	C:\Windows\System32\RPCRT4.dll
0x00007ffc19310000 - 0x00007ffc194be000 	C:\Windows\System32\USER32.dll
0x00007ffc18680000 - 0x00007ffc186a6000 	C:\Windows\System32\win32u.dll
0x00007ffc186d0000 - 0x00007ffc186f9000 	C:\Windows\System32\GDI32.dll
0x00007ffc184c0000 - 0x00007ffc185d9000 	C:\Windows\System32\gdi32full.dll
0x00007ffc185e0000 - 0x00007ffc1867a000 	C:\Windows\System32\msvcp_win.dll
0x00007ffbf9f40000 - 0x00007ffbfa1d3000 	C:\Windows\WinSxS\amd64_microsoft.windows.common-controls_6595b64144ccf1df_6.0.22621.3672_none_2713b9d173822955\COMCTL32.dll
0x00007ffc0b180000 - 0x00007ffc0b18a000 	C:\Windows\SYSTEM32\VERSION.dll
0x00007ffc1a700000 - 0x00007ffc1a731000 	C:\Windows\System32\IMM32.DLL
0x00007ffc0f5f0000 - 0x00007ffc0f5fc000 	C:\Program Files\Java\jdk-17\bin\vcruntime140_1.dll
0x00007ffbf85f0000 - 0x00007ffbf867e000 	C:\Program Files\Java\jdk-17\bin\msvcp140.dll
0x00007ffbcf810000 - 0x00007ffbd03f0000 	C:\Program Files\Java\jdk-17\bin\server\jvm.dll
0x00007ffc19fd0000 - 0x00007ffc19fd8000 	C:\Windows\System32\PSAPI.DLL
0x00007ffc0ea30000 - 0x00007ffc0ea64000 	C:\Windows\SYSTEM32\WINMM.dll
0x00007ffbe2f20000 - 0x00007ffbe2f29000 	C:\Windows\SYSTEM32\WSOCK32.dll
0x00007ffc191c0000 - 0x00007ffc19231000 	C:\Windows\System32\WS2_32.dll
0x00007ffc16dc0000 - 0x00007ffc16dd8000 	C:\Windows\SYSTEM32\kernel.appcore.dll
0x00007ffc0ec50000 - 0x00007ffc0ec5a000 	C:\Program Files\Java\jdk-17\bin\jimage.dll
0x00007ffc15550000 - 0x00007ffc15782000 	C:\Windows\SYSTEM32\DBGHELP.DLL
0x00007ffc1a0c0000 - 0x00007ffc1a448000 	C:\Windows\System32\combase.dll
0x00007ffc19940000 - 0x00007ffc19a17000 	C:\Windows\System32\OLEAUT32.dll
0x00007ffc0cfa0000 - 0x00007ffc0cfd2000 	C:\Windows\SYSTEM32\dbgcore.DLL
0x00007ffc17f40000 - 0x00007ffc17fbb000 	C:\Windows\System32\bcryptPrimitives.dll
0x00007ffc0bf80000 - 0x00007ffc0bf8e000 	C:\Program Files\Java\jdk-17\bin\instrument.dll
0x00007ffbfb810000 - 0x00007ffbfb835000 	C:\Program Files\Java\jdk-17\bin\java.dll
0x00007ffbee5c0000 - 0x00007ffbee697000 	C:\Program Files\Java\jdk-17\bin\jsvml.dll
0x00007ffc18960000 - 0x00007ffc191bf000 	C:\Windows\System32\SHELL32.dll
0x00007ffc15c00000 - 0x00007ffc164fc000 	C:\Windows\SYSTEM32\windows.storage.dll
0x00007ffc15ac0000 - 0x00007ffc15bff000 	C:\Windows\SYSTEM32\wintypes.dll
0x00007ffc18860000 - 0x00007ffc18954000 	C:\Windows\System32\SHCORE.dll
0x00007ffc1a6a0000 - 0x00007ffc1a6fe000 	C:\Windows\System32\shlwapi.dll
0x00007ffc17bd0000 - 0x00007ffc17bf1000 	C:\Windows\SYSTEM32\profapi.dll
0x00007ffbfcb50000 - 0x00007ffbfcb68000 	C:\Program Files\Java\jdk-17\bin\zip.dll
0x00007ffbfbac0000 - 0x00007ffbfbad9000 	C:\Program Files\Java\jdk-17\bin\net.dll
0x00007ffc10c20000 - 0x00007ffc10d56000 	C:\Windows\SYSTEM32\WINHTTP.dll
0x00007ffc17230000 - 0x00007ffc17299000 	C:\Windows\system32\mswsock.dll
0x00007ffbfb790000 - 0x00007ffbfb7a6000 	C:\Program Files\Java\jdk-17\bin\nio.dll
0x00007ffc0b230000 - 0x00007ffc0b240000 	C:\Program Files\Java\jdk-17\bin\verify.dll
0x00007ffc0ad60000 - 0x00007ffc0ad87000 	C:\Users\√÷¡ÿ«ı\.gradle\native\c067742578af261105cb4f569cf0c3c89f3d7b1fecec35dd04571415982c5e48\windows-amd64\native-platform.dll
0x00007ffbe7e20000 - 0x00007ffbe7f64000 	C:\Users\√÷¡ÿ«ı\.gradle\native\100fb08df4bc3b14c8652ba06237920a3bd2aa13389f12d3474272988ae205f9\windows-amd64\native-platform-file-events.dll
0x00007ffc0eb40000 - 0x00007ffc0eb4a000 	C:\Program Files\Java\jdk-17\bin\management.dll
0x00007ffc0b4a0000 - 0x00007ffc0b4ab000 	C:\Program Files\Java\jdk-17\bin\management_ext.dll
0x00007ffc17490000 - 0x00007ffc174ab000 	C:\Windows\SYSTEM32\CRYPTSP.dll
0x00007ffc16d20000 - 0x00007ffc16d55000 	C:\Windows\system32\rsaenh.dll
0x00007ffc17330000 - 0x00007ffc17358000 	C:\Windows\SYSTEM32\USERENV.dll
0x00007ffc174b0000 - 0x00007ffc174bc000 	C:\Windows\SYSTEM32\CRYPTBASE.dll
0x00007ffc167d0000 - 0x00007ffc167fd000 	C:\Windows\SYSTEM32\IPHLPAPI.DLL
0x00007ffc1a690000 - 0x00007ffc1a699000 	C:\Windows\System32\NSI.dll
0x00007ffc10b00000 - 0x00007ffc10b19000 	C:\Windows\SYSTEM32\dhcpcsvc6.DLL
0x00007ffc10ae0000 - 0x00007ffc10aff000 	C:\Windows\SYSTEM32\dhcpcsvc.DLL
0x00007ffc16800000 - 0x00007ffc168f8000 	C:\Windows\SYSTEM32\DNSAPI.dll
0x00007ffc0b240000 - 0x00007ffc0b24e000 	C:\Program Files\Java\jdk-17\bin\sunmscapi.dll
0x00007ffc17ca0000 - 0x00007ffc17e07000 	C:\Windows\System32\CRYPT32.dll
0x00007ffc17630000 - 0x00007ffc1765e000 	C:\Windows\SYSTEM32\ncrypt.dll
0x00007ffc175f0000 - 0x00007ffc17627000 	C:\Windows\SYSTEM32\NTASN1.dll
0x00007ffbf6000000 - 0x00007ffbf6008000 	C:\Windows\system32\wshunix.dll

dbghelp: loaded successfully - version: 4.0.5 - missing functions: none
symbol engine: initialized successfully - sym options: 0x614 - pdb path: .;C:\Program Files\Java\jdk-17\bin;C:\Windows\SYSTEM32;C:\Windows\WinSxS\amd64_microsoft.windows.common-controls_6595b64144ccf1df_6.0.22621.3672_none_2713b9d173822955;C:\Program Files\Java\jdk-17\bin\server;C:\Users\√÷¡ÿ«ı\.gradle\native\c067742578af261105cb4f569cf0c3c89f3d7b1fecec35dd04571415982c5e48\windows-am;C:\Users\√÷¡ÿ«ı\.gradle\native\c067742578af261105cb4f569cf0c3c89f3d7b1fecec35dd04571415982c5e48\windows-amd64;C:\Users\√÷¡ÿ«ı\.gradle\native\100fb08df4bc3b14c8652ba06237920a3bd2aa13389f12d3474272988ae205f9\wind;C:\Users\√÷¡ÿ«ı\.gradle\native\100fb08df4bc3b14c8652ba06237920a3bd2aa13389f12d3474272988ae205f9\w;C:\Users\√÷¡ÿ«ı\.gradle\native\100fb08df4bc3b14c8652ba06237920a3bd2aa13389f12d3474272988ae205f;C:\Users\√÷¡ÿ«ı\.gradle\native\100fb08df4bc3b14c8652ba06237920a3bd2aa13389f12d3474272988ae2;C:\Users\√÷¡ÿ«ı\.gradle\native\100fb08df4bc3b14c8652ba06237920a3bd2aa13389f12d3474272988

VM Arguments:
jvm_args: --add-opens=java.base/java.util=ALL-UNNAMED --add-opens=java.base/java.lang=ALL-UNNAMED --add-opens=java.base/java.lang.invoke=ALL-UNNAMED --add-opens=java.prefs/java.util.prefs=ALL-UNNAMED --add-opens=java.base/java.nio.charset=ALL-UNNAMED --add-opens=java.base/java.net=ALL-UNNAMED --add-opens=java.base/java.util.concurrent.atomic=ALL-UNNAMED -XX:MaxMetaspaceSize=384m -XX:+HeapDumpOnOutOfMemoryError -Xms256m -Xmx512m -Dfile.encoding=x-windows-949 -Duser.country=KR -Duser.language=ko -Duser.variant -javaagent:C:\Users\√÷¡ÿ«ı\.gradle\wrapper\dists\gradle-8.8-bin\dl7vupf4psengwqhwktix4v1\gradle-8.8\lib\agents\gradle-instrumentation-agent-8.8.jar 
java_command: org.gradle.launcher.daemon.bootstrap.GradleDaemon 8.8
java_class_path (initial): C:\Users\√÷¡ÿ«ı\.gradle\wrapper\dists\gradle-8.8-bin\dl7vupf4psengwqhwktix4v1\gradle-8.8\lib\gradle-launcher-8.8.jar
Launcher Type: SUN_STANDARD

[Global flags]
     intx CICompilerCount                          = 4                                         {product} {ergonomic}
   size_t CompressedClassSpaceSize                 = 335544320                                 {product} {ergonomic}
     uint ConcGCThreads                            = 3                                         {product} {ergonomic}
     uint G1ConcRefinementThreads                  = 10                                        {product} {ergonomic}
   size_t G1HeapRegionSize                         = 1048576                                   {product} {ergonomic}
    uintx GCDrainStackTargetSize                   = 64                                        {product} {ergonomic}
     bool HeapDumpOnOutOfMemoryError               = true                                   {manageable} {command line}
   size_t InitialHeapSize                          = 268435456                                 {product} {command line}
   size_t MarkStackSize                            = 4194304                                   {product} {ergonomic}
   size_t MaxHeapSize                              = 536870912                                 {product} {command line}
   size_t MaxMetaspaceSize                         = 402653184                                 {product} {command line}
   size_t MaxNewSize                               = 321912832                                 {product} {ergonomic}
   size_t MinHeapDeltaBytes                        = 1048576                                   {product} {ergonomic}
   size_t MinHeapSize                              = 268435456                                 {product} {command line}
    uintx NonNMethodCodeHeapSize                   = 5839372                                {pd product} {ergonomic}
    uintx NonProfiledCodeHeapSize                  = 122909434                              {pd product} {ergonomic}
    uintx ProfiledCodeHeapSize                     = 122909434                              {pd product} {ergonomic}
    uintx ReservedCodeCacheSize                    = 251658240                              {pd product} {ergonomic}
     bool SegmentedCodeCache                       = true                                      {product} {ergonomic}
   size_t SoftMaxHeapSize                          = 536870912                              {manageable} {ergonomic}
     bool UseCompressedClassPointers               = true                           {product lp64_product} {ergonomic}
     bool UseCompressedOops                        = true                           {product lp64_product} {ergonomic}
     bool UseG1GC                                  = true                                      {product} {ergonomic}
     bool UseLargePagesIndividualAllocation        = false                                  {pd product} {ergonomic}

Logging:
Log output configuration:
 #0: stdout all=warning uptime,level,tags
 #1: stderr all=off uptime,level,tags

Environment Variables:
JAVA_HOME=C:\Program Files\Java\jdk-17
PATH=%JAVA_HOME\lib;C:\Program Files\Common Files\Oracle\Java\javapath;C:\Program Files (x86)\VMware\VMware Player\bin\;C:\Windows\system32;C:\Windows;C:\Windows\System32\Wbem;C:\Windows\System32\WindowsPowerShell\v1.0\;C:\Windows\System32\OpenSSH\;C:\Program Files\Bandizip\;C:\Program Files\Git\cmd;C:\Users\√÷¡ÿ«ı\AppData\Local\Microsoft\WindowsApps;C:\Users\√÷¡ÿ«ı\AppData\Local\Programs\Microsoft VS Code\bin;C:\Program Files\JetBrains\IntelliJ IDEA 2024.1.3\bin;
USERNAME=√÷¡ÿ«ı
OS=Windows_NT
PROCESSOR_IDENTIFIER=Intel64 Family 6 Model 154 Stepping 3, GenuineIntel



---------------  S Y S T E M  ---------------

OS:
 Windows 11 , 64 bit Build 22621 (10.0.22621.3672)
OS uptime: 5 days 11:39 hours

CPU: total 12 (initial active 12) (12 cores per cpu, 1 threads per core) family 6 model 154 stepping 3 microcode 0x429, cx8, cmov, fxsr, mmx, 3dnowpref, sse, sse2, sse3, ssse3, sse4.1, sse4.2, popcnt, lzcnt, tsc, tscinvbit, avx, avx2, aes, erms, clmul, bmi1, bmi2, adx, sha, fma, vzeroupper, clflush, clflushopt, clwb

Memory: 4k page, system-wide physical 16076M (32M free)
TotalPageFile size 46487M (AvailPageFile size 24M)
current process WorkingSet (physical memory assigned to process): 286M, peak: 287M
current process commit charge ("private bytes"): 449M, peak: 452M

vm_info: Java HotSpot(TM) 64-Bit Server VM (17.0.11+7-LTS-207) for windows-amd64 JRE (17.0.11+7-LTS-207), built on Mar 11 2024 19:01:50 by "mach5one" with MS VC++ 17.6 (VS2022)

END.
