#
# There is insufficient memory for the Java Runtime Environment to continue.
# Native memory allocation (malloc) failed to allocate 32744 bytes for ChunkPool::allocate
# Possible reasons:
#   The system is out of physical RAM or swap space
#   The process is running with CompressedOops enabled, and the Java Heap may be blocking the growth of the native heap
# Possible solutions:
#   Reduce memory load on the system
#   Increase physical memory or swap space
#   Check if swap backing store is full
#   Decrease Java heap size (-Xmx/-Xms)
#   Decrease number of Java threads
#   Decrease Java thread stack sizes (-Xss)
#   Set larger code cache with -XX:ReservedCodeCacheSize=
#   JVM is running with Unscaled Compressed Oops mode in which the Java heap is
#     placed in the first 4GB address space. The Java Heap base address is the
#     maximum limit for the native heap growth. Please use -XX:HeapBaseMinAddress
#     to set the Java Heap base and to place the Java Heap above 4GB virtual address.
# This output file may be truncated or incomplete.
#
#  Out of Memory Error (arena.cpp:78), pid=21432, tid=15092
#
# JRE version: Java(TM) SE Runtime Environment (17.0.11+7) (build 17.0.11+7-LTS-207)
# Java VM: Java HotSpot(TM) 64-Bit Server VM (17.0.11+7-LTS-207, mixed mode, sharing, tiered, compressed oops, compressed class ptrs, g1 gc, windows-amd64)
# No core dump will be written. Minidumps are not enabled by default on client versions of Windows
#

---------------  S U M M A R Y ------------

Command Line: --add-opens=java.base/java.util=ALL-UNNAMED --add-opens=java.base/java.lang=ALL-UNNAMED --add-opens=java.base/java.lang.invoke=ALL-UNNAMED --add-opens=java.prefs/java.util.prefs=ALL-UNNAMED --add-opens=java.base/java.nio.charset=ALL-UNNAMED --add-opens=java.base/java.net=ALL-UNNAMED --add-opens=java.base/java.util.concurrent.atomic=ALL-UNNAMED -XX:MaxMetaspaceSize=384m -XX:+HeapDumpOnOutOfMemoryError -Xms256m -Xmx512m -Dfile.encoding=x-windows-949 -Duser.country=KR -Duser.language=ko -Duser.variant -javaagent:C:\Users\√÷¡ÿ«ı\.gradle\wrapper\dists\gradle-8.8-bin\dl7vupf4psengwqhwktix4v1\gradle-8.8\lib\agents\gradle-instrumentation-agent-8.8.jar org.gradle.launcher.daemon.bootstrap.GradleDaemon 8.8

Host: 12th Gen Intel(R) Core(TM) i5-12450H, 12 cores, 15G,  Windows 11 , 64 bit Build 22621 (10.0.22621.3672)
Time: Tue Jul 16 17:26:17 2024  Windows 11 , 64 bit Build 22621 (10.0.22621.3672) elapsed time: 152.400751 seconds (0d 0h 2m 32s)

---------------  T H R E A D  ---------------

Current thread (0x0000029d5dc2ee80):  JavaThread "C2 CompilerThread0" daemon [_thread_in_native, id=15092, stack(0x000000fc05d00000,0x000000fc05e00000)]


Current CompileTask:
C2: 152403 11824       4       org.gradle.internal.logging.sink.OutputEventTransformer::onOutput (369 bytes)

Stack: [0x000000fc05d00000,0x000000fc05e00000]
Native frames: (J=compiled Java code, j=interpreted, Vv=VM code, C=native code)
V  [jvm.dll+0x679cca]
V  [jvm.dll+0x7da13d]
V  [jvm.dll+0x7dba83]
V  [jvm.dll+0x7dc0f3]
V  [jvm.dll+0x2449af]
V  [jvm.dll+0xaba8c]
V  [jvm.dll+0xabe1c]
V  [jvm.dll+0x6075ee]
V  [jvm.dll+0x60ce5c]
V  [jvm.dll+0x60dd5c]
V  [jvm.dll+0x60c24a]
V  [jvm.dll+0x21605e]
V  [jvm.dll+0x21560f]
V  [jvm.dll+0x1a2040]
V  [jvm.dll+0x225a2b]
V  [jvm.dll+0x223bcb]
V  [jvm.dll+0x7903ec]
V  [jvm.dll+0x78a85a]
V  [jvm.dll+0x678bb5]
C  [ucrtbase.dll+0x29333]
C  [KERNEL32.DLL+0x1257d]
C  [ntdll.dll+0x5af28]


---------------  P R O C E S S  ---------------

Threads class SMR info:
_java_thread_list=0x0000029d7baa3dc0, length=149, elements={
0x0000029d42ea9540, 0x0000029d5dc03f30, 0x0000029d5dc05dc0, 0x0000029d5dc24da0,
0x0000029d5dc25c20, 0x0000029d5dc277f0, 0x0000029d5dc2a1c0, 0x0000029d5dc2ee80,
0x0000029d5dc37940, 0x0000029d5dc40b10, 0x0000029d770c2eb0, 0x0000029d77142060,
0x0000029d77da92e0, 0x0000029d7843b050, 0x0000029d7821a9d0, 0x0000029d7819e0f0,
0x0000029d78821630, 0x0000029d78ee2a80, 0x0000029d78ee2f90, 0x0000029d78edfcf0,
0x0000029d78ee34a0, 0x0000029d78ee0200, 0x0000029d78ede3a0, 0x0000029d78ee39b0,
0x0000029d78ee3ec0, 0x0000029d78ee2570, 0x0000029d78ee43d0, 0x0000029d78edd470,
0x0000029d78ee0710, 0x0000029d78ee1130, 0x0000029d7b3cbba0, 0x0000029d7b3cdf10,
0x0000029d7b3ccfe0, 0x0000029d7928ba30, 0x0000029d7928bf40, 0x0000029d7928c450,
0x0000029d7928d890, 0x0000029d7878a210, 0x0000029d7cbb03d0, 0x0000029d78785b30,
0x0000029d787883b0, 0x0000029d787888c0, 0x0000029d78786a60, 0x0000029d7cbb45a0,
0x0000029d7cbb54d0, 0x0000029d7cbb4ab0, 0x0000029d7cbaf9b0, 0x0000029d7cbaef90,
0x0000029d7cbb2c50, 0x0000029d7cbae570, 0x0000029d7cbb1810, 0x0000029d7cbb2740,
0x0000029d7cbaea80, 0x0000029d7cbaf4a0, 0x0000029d7cbae060, 0x0000029d7cbb3160,
0x0000029d7cbafec0, 0x0000029d7cbb3b80, 0x0000029d7cbb4fc0, 0x0000029d7cbb4090,
0x0000029d7cbb59e0, 0x0000029d794dab30, 0x0000029d794dc480, 0x0000029d794dbf70,
0x0000029d794d96f0, 0x0000029d794dd8c0, 0x0000029d794de2e0, 0x0000029d794ded00,
0x0000029d794db550, 0x0000029d794d82b0, 0x0000029d794d9c00, 0x0000029d794dba60,
0x0000029d794db040, 0x0000029d794d87c0, 0x0000029d794de7f0, 0x0000029d794da110,
0x0000029d79288ca0, 0x0000029d79287860, 0x0000029d79286e40, 0x0000029d7928d380,
0x0000029d79286930, 0x0000029d79286420, 0x0000029d7928b520, 0x0000029d79287d70,
0x0000029d7928dda0, 0x0000029d79288280, 0x0000029d7928c960, 0x0000029d79288790,
0x0000029d792891b0, 0x0000029d7928ab00, 0x0000029d7928a0e0, 0x0000029d7928ce70,
0x0000029d7928b010, 0x0000029d78787ea0, 0x0000029d78788dd0, 0x0000029d787892e0,
0x0000029d787897f0, 0x0000029d78787480, 0x0000029d78789d00, 0x0000029d78785620,
0x0000029d7878a720, 0x0000029d78787990, 0x0000029d78786040, 0x0000029d7878ac30,
0x0000029d7878b140, 0x0000029d78786f70, 0x0000029d7878b650, 0x0000029d78785110,
0x0000029d7878bb60, 0x0000029d7878c070, 0x0000029d78784c00, 0x0000029d78786550,
0x0000029d7878c580, 0x0000029d7b3ce420, 0x0000029d7b3cee40, 0x0000029d7b3cb690,
0x0000029d7b3cc0b0, 0x0000029d7b3cd4f0, 0x0000029d7b3cda00, 0x0000029d7b3ce930,
0x0000029d78edcf60, 0x0000029d78edf2d0, 0x0000029d78ee0c20, 0x0000029d78ede8b0,
0x0000029d78ee1640, 0x0000029d78ee1b50, 0x0000029d78ee2060, 0x0000029d78821120,
0x0000029d78821b40, 0x0000029d78822050, 0x0000029d78822560, 0x0000029d77e5d100,
0x0000029d77e5cbf0, 0x0000029d77e5c6e0, 0x0000029d77e5e030, 0x0000029d77e5ad90,
0x0000029d77e5b7b0, 0x0000029d77e5bcc0, 0x0000029d77e5d610, 0x0000029d77e5db20,
0x0000029d77e5b2a0, 0x0000029d77e5e540, 0x0000029d7a670e20, 0x0000029d7a66b810,
0x0000029d7a66d670, 0x0000029d7a66eab0, 0x0000029d7a66d160, 0x0000029d7a66f9e0,
0x0000029d7a66a3d0
}

Java Threads: ( => current thread )
  0x0000029d42ea9540 JavaThread "main" [_thread_blocked, id=11944, stack(0x000000fc05000000,0x000000fc05100000)]
  0x0000029d5dc03f30 JavaThread "Reference Handler" daemon [_thread_blocked, id=14372, stack(0x000000fc05700000,0x000000fc05800000)]
  0x0000029d5dc05dc0 JavaThread "Finalizer" daemon [_thread_blocked, id=22160, stack(0x000000fc05800000,0x000000fc05900000)]
  0x0000029d5dc24da0 JavaThread "Signal Dispatcher" daemon [_thread_blocked, id=33176, stack(0x000000fc05900000,0x000000fc05a00000)]
  0x0000029d5dc25c20 JavaThread "Attach Listener" daemon [_thread_blocked, id=10560, stack(0x000000fc05a00000,0x000000fc05b00000)]
  0x0000029d5dc277f0 JavaThread "Service Thread" daemon [_thread_blocked, id=14784, stack(0x000000fc05b00000,0x000000fc05c00000)]
  0x0000029d5dc2a1c0 JavaThread "Monitor Deflation Thread" daemon [_thread_blocked, id=3284, stack(0x000000fc05c00000,0x000000fc05d00000)]
=>0x0000029d5dc2ee80 JavaThread "C2 CompilerThread0" daemon [_thread_in_native, id=15092, stack(0x000000fc05d00000,0x000000fc05e00000)]
  0x0000029d5dc37940 JavaThread "C1 CompilerThread0" daemon [_thread_in_native, id=33704, stack(0x000000fc05e00000,0x000000fc05f00000)]
  0x0000029d5dc40b10 JavaThread "Sweeper thread" daemon [_thread_blocked, id=28296, stack(0x000000fc05f00000,0x000000fc06000000)]
  0x0000029d770c2eb0 JavaThread "Common-Cleaner" daemon [_thread_blocked, id=35772, stack(0x000000fc06000000,0x000000fc06100000)]
  0x0000029d77142060 JavaThread "Notification Thread" daemon [_thread_blocked, id=16428, stack(0x000000fc06100000,0x000000fc06200000)]
  0x0000029d77da92e0 JavaThread "Daemon health stats" [_thread_blocked, id=31876, stack(0x000000fc06400000,0x000000fc06500000)]
  0x0000029d7843b050 JavaThread "Incoming local TCP Connector on port 60582" [_thread_in_native, id=30988, stack(0x000000fc06300000,0x000000fc06400000)]
  0x0000029d7821a9d0 JavaThread "Daemon periodic checks" [_thread_blocked, id=3484, stack(0x000000fc06a00000,0x000000fc06b00000)]
  0x0000029d7819e0f0 JavaThread "Daemon" [_thread_blocked, id=19976, stack(0x000000fc06c00000,0x000000fc06d00000)]
  0x0000029d78821630 JavaThread "Daemon worker" [_thread_blocked, id=15864, stack(0x000000fc06b00000,0x000000fc06c00000)]
  0x0000029d78ee2a80 JavaThread "Cache worker for journal cache (C:\Users\ÏµúÏ§ÄÌòÅ\.gradle\caches\journal-1)" [_thread_blocked, id=24200, stack(0x000000fc07300000,0x000000fc07400000)]
  0x0000029d78ee2f90 JavaThread "File lock request listener" [_thread_in_native, id=30788, stack(0x000000fc07400000,0x000000fc07500000)]
  0x0000029d78edfcf0 JavaThread "Cache worker for file hash cache (C:\Users\ÏµúÏ§ÄÌòÅ\.gradle\caches\8.8\fileHashes)" [_thread_blocked, id=27460, stack(0x000000fc07500000,0x000000fc07600000)]
  0x0000029d78ee34a0 JavaThread "File watcher server" daemon [_thread_in_native, id=27272, stack(0x000000fc07900000,0x000000fc07a00000)]
  0x0000029d78ee0200 JavaThread "File watcher consumer" daemon [_thread_blocked, id=12736, stack(0x000000fc07a00000,0x000000fc07b00000)]
  0x0000029d78ede3a0 JavaThread "Cache worker for file content cache (C:\Users\ÏµúÏ§ÄÌòÅ\.gradle\caches\8.8\fileContent)" [_thread_blocked, id=12192, stack(0x000000fc07700000,0x000000fc07800000)]
  0x0000029d78ee39b0 JavaThread "jar transforms" [_thread_blocked, id=21252, stack(0x000000fc08100000,0x000000fc08200000)]
  0x0000029d78ee3ec0 JavaThread "jar transforms Thread 2" [_thread_blocked, id=19108, stack(0x000000fc08500000,0x000000fc08600000)]
  0x0000029d78ee2570 JavaThread "jar transforms Thread 3" [_thread_blocked, id=6776, stack(0x000000fc08400000,0x000000fc08500000)]
  0x0000029d78ee43d0 JavaThread "jar transforms Thread 4" [_thread_blocked, id=26988, stack(0x000000fc08600000,0x000000fc08700000)]
  0x0000029d78edd470 JavaThread "jar transforms Thread 5" [_thread_blocked, id=8752, stack(0x000000fc08800000,0x000000fc08900000)]
  0x0000029d78ee0710 JavaThread "jar transforms Thread 6" [_thread_blocked, id=22040, stack(0x000000fc08900000,0x000000fc08a00000)]
  0x0000029d78ee1130 JavaThread "jar transforms Thread 7" [_thread_blocked, id=27812, stack(0x000000fc08b00000,0x000000fc08c00000)]
  0x0000029d7b3cbba0 JavaThread "Memory manager" [_thread_blocked, id=17496, stack(0x000000fc0ae00000,0x000000fc0af00000)]
  0x0000029d7b3cdf10 JavaThread "jar transforms Thread 8" [_thread_blocked, id=19216, stack(0x000000fc09600000,0x000000fc09700000)]
  0x0000029d7b3ccfe0 JavaThread "ForkJoinPool.commonPool-worker-1" daemon [_thread_blocked, id=26172, stack(0x000000fc0b000000,0x000000fc0b100000)]
  0x0000029d7928ba30 JavaThread "ForkJoinPool.commonPool-worker-2" daemon [_thread_blocked, id=13564, stack(0x000000fc0b100000,0x000000fc0b200000)]
  0x0000029d7928bf40 JavaThread "ForkJoinPool.commonPool-worker-3" daemon [_thread_blocked, id=35436, stack(0x000000fc0b200000,0x000000fc0b300000)]
  0x0000029d7928c450 JavaThread "ForkJoinPool.commonPool-worker-4" daemon [_thread_blocked, id=12480, stack(0x000000fc0b300000,0x000000fc0b400000)]
  0x0000029d7928d890 JavaThread "ForkJoinPool.commonPool-worker-5" daemon [_thread_blocked, id=35672, stack(0x000000fc0b400000,0x000000fc0b500000)]
  0x0000029d7878a210 JavaThread "File lock release action executor Thread 2" [_thread_blocked, id=22608, stack(0x000000fc11b00000,0x000000fc11c00000)]
  0x0000029d7cbb03d0 JavaThread "VFS cleanup" [_thread_blocked, id=35200, stack(0x000000fc04e00000,0x000000fc04f00000)]
  0x0000029d78785b30 JavaThread "ForkJoinPool.commonPool-worker-6" daemon [_thread_blocked, id=27156, stack(0x000000fc0a100000,0x000000fc0a200000)]
  0x0000029d787883b0 JavaThread "ForkJoinPool.commonPool-worker-7" daemon [_thread_blocked, id=16780, stack(0x000000fc0a200000,0x000000fc0a300000)]
  0x0000029d787888c0 JavaThread "ForkJoinPool.commonPool-worker-8" daemon [_thread_blocked, id=5628, stack(0x000000fc0a300000,0x000000fc0a400000)]
  0x0000029d78786a60 JavaThread "included builds" [_thread_blocked, id=14556, stack(0x000000fc0a400000,0x000000fc0a500000)]
  0x0000029d7cbb45a0 JavaThread "Handler for socket connection from /127.0.0.1:60582 to /127.0.0.1:60701" [_thread_in_native, id=11952, stack(0x000000fc04d00000,0x000000fc04e00000)]
  0x0000029d7cbb54d0 JavaThread "Cancel handler" [_thread_blocked, id=9904, stack(0x000000fc04f00000,0x000000fc05000000)]
  0x0000029d7cbb4ab0 JavaThread "Daemon Thread 2" [_thread_blocked, id=15824, stack(0x000000fc06d00000,0x000000fc06e00000)]
  0x0000029d7cbaf9b0 JavaThread "Daemon Thread 3" [_thread_blocked, id=14212, stack(0x000000fc06f00000,0x000000fc07000000)]
  0x0000029d7cbaef90 JavaThread "VFS cleanup Thread 2" [_thread_blocked, id=9232, stack(0x000000fc07600000,0x000000fc07700000)]
  0x0000029d7cbb2c50 JavaThread "Asynchronous log dispatcher for DefaultDaemonConnection: socket connection from /127.0.0.1:60582 to /127.0.0.1:60701" [_thread_blocked, id=17448, stack(0x000000fc07100000,0x000000fc07200000)]
  0x0000029d7cbae570 JavaThread "Stdin handler" [_thread_blocked, id=13368, stack(0x000000fc07200000,0x000000fc07300000)]
  0x0000029d7cbb1810 JavaThread "Daemon client event forwarder" [_thread_blocked, id=20396, stack(0x000000fc06e00000,0x000000fc06f00000)]
  0x0000029d7cbb2740 Thread [stack: 0x000000fc08a00000,0x000000fc08b00000] [id=13444]
  0x0000029d7cbaea80 JavaThread "Unconstrained build operations Thread 2" [_thread_blocked, id=33084, stack(0x000000fc08c00000,0x000000fc08d00000)]
  0x0000029d7cbaf4a0 JavaThread "Unconstrained build operations Thread 3" [_thread_blocked, id=18168, stack(0x000000fc08d00000,0x000000fc08e00000)]
  0x0000029d7cbae060 JavaThread "Unconstrained build operations Thread 4" [_thread_blocked, id=33612, stack(0x000000fc08e00000,0x000000fc08f00000)]
  0x0000029d7cbb3160 Thread [stack: 0x000000fc08f00000,0x000000fc09000000] [id=35404]
  0x0000029d7cbafec0 JavaThread "Unconstrained build operations Thread 6" [_thread_blocked, id=3416, stack(0x000000fc09000000,0x000000fc09100000)]
  0x0000029d7cbb3b80 Thread [stack: 0x000000fc09100000,0x000000fc09200000] [id=34676]
  0x0000029d7cbb4fc0 Thread [stack: 0x000000fc09200000,0x000000fc09300000] [id=35328]
  0x0000029d7cbb4090 Thread [stack: 0x000000fc09300000,0x000000fc09400000] [id=24072]
  0x0000029d7cbb59e0 Thread [stack: 0x000000fc09400000,0x000000fc09500000] [id=12792]
  0x0000029d794dab30 Thread [stack: 0x000000fc09500000,0x000000fc09600000] [id=29580]
  0x0000029d794dc480 Thread [stack: 0x000000fc09700000,0x000000fc09800000] [id=29596]
  0x0000029d794dbf70 Thread [stack: 0x000000fc09800000,0x000000fc09900000] [id=25304]
  0x0000029d794d96f0 Thread [stack: 0x000000fc09900000,0x000000fc09a00000] [id=35572]
  0x0000029d794dd8c0 JavaThread "Unconstrained build operations Thread 15" [_thread_in_vm, id=21972, stack(0x000000fc09a00000,0x000000fc09b00000)]
  0x0000029d794de2e0 Thread [stack: 0x000000fc09b00000,0x000000fc09c00000] [id=13968]
  0x0000029d794ded00 Thread [stack: 0x000000fc09c00000,0x000000fc09d00000] [id=28008]
  0x0000029d794db550 Thread [stack: 0x000000fc09d00000,0x000000fc09e00000] [id=16000]
  0x0000029d794d82b0 Thread [stack: 0x000000fc09e00000,0x000000fc09f00000] [id=32960]
  0x0000029d794dba60 Thread [stack: 0x000000fc0a000000,0x000000fc0a100000] [id=10912]
  0x0000029d794db040 Thread [stack: 0x000000fc0a500000,0x000000fc0a600000] [id=10652]
  0x0000029d794d87c0 JavaThread "ForkJoinPool.commonPool-worker-9" daemon [_thread_blocked, id=12784, stack(0x000000fc0a600000,0x000000fc0a700000)]
  0x0000029d794de7f0 JavaThread "ForkJoinPool.commonPool-worker-10" daemon [_thread_blocked, id=18160, stack(0x000000fc0a700000,0x000000fc0a800000)]
  0x0000029d794da110 JavaThread "included builds" [_thread_blocked, id=5328, stack(0x000000fc0a800000,0x000000fc0a900000)]
  0x0000029d79288ca0 JavaThread "Unconstrained build operations Thread 23" [_thread_blocked, id=33804, stack(0x000000fc0bb00000,0x000000fc0bc00000)]
  0x0000029d79287860 JavaThread "Unconstrained build operations Thread 24" [_thread_blocked, id=27600, stack(0x000000fc0bc00000,0x000000fc0bd00000)]
  0x0000029d79286e40 JavaThread "Unconstrained build operations Thread 25" [_thread_blocked, id=29228, stack(0x000000fc0bd00000,0x000000fc0be00000)]
  0x0000029d7928d380 JavaThread "Unconstrained build operations Thread 26" [_thread_blocked, id=20236, stack(0x000000fc0be00000,0x000000fc0bf00000)]
  0x0000029d79286930 Thread [stack: 0x000000fc0bf00000,0x000000fc0c000000] [id=29960]
  0x0000029d79286420 Thread [stack: 0x000000fc0c000000,0x000000fc0c100000] [id=6504]
  0x0000029d7928b520 Thread [stack: 0x000000fc0c100000,0x000000fc0c200000] [id=29408]
  0x0000029d79287d70 Thread [stack: 0x000000fc0c200000,0x000000fc0c300000] [id=34272]
  0x0000029d7928dda0 Thread [stack: 0x000000fc0c300000,0x000000fc0c400000] [id=25136]
  0x0000029d79288280 Thread [stack: 0x000000fc0c400000,0x000000fc0c500000] [id=35564]
  0x0000029d7928c960 Thread [stack: 0x000000fc0c500000,0x000000fc0c600000] [id=17964]
  0x0000029d79288790 Thread [stack: 0x000000fc0c600000,0x000000fc0c700000] [id=14040]
  0x0000029d792891b0 JavaThread "Unconstrained build operations Thread 35" [_thread_blocked, id=22628, stack(0x000000fc0c700000,0x000000fc0c800000)]
  0x0000029d7928ab00 Thread [stack: 0x000000fc0c800000,0x000000fc0c900000] [id=17228]
  0x0000029d7928a0e0 JavaThread "Unconstrained build operations Thread 37" [_thread_blocked, id=11196, stack(0x000000fc0c900000,0x000000fc0ca00000)]
  0x0000029d7928ce70 Thread [stack: 0x000000fc0ca00000,0x000000fc0cb00000] [id=10872]
  0x0000029d7928b010 Thread [stack: 0x000000fc0cb00000,0x000000fc0cc00000] [id=7800]
  0x0000029d78787ea0 Thread [stack: 0x000000fc0cc00000,0x000000fc0cd00000] [id=35712]
  0x0000029d78788dd0 Thread [stack: 0x000000fc0cd00000,0x000000fc0ce00000] [id=33972]
  0x0000029d787892e0 Thread [stack: 0x000000fc0ce00000,0x000000fc0cf00000] [id=31644]
  0x0000029d787897f0 JavaThread "Unconstrained build operations Thread 43" [_thread_blocked, id=34960, stack(0x000000fc0cf00000,0x000000fc0d000000)]
  0x0000029d78787480 Thread [stack: 0x000000fc0d000000,0x000000fc0d100000] [id=6756]
  0x0000029d78789d00 Thread [stack: 0x000000fc0d100000,0x000000fc0d200000] [id=35732]
  0x0000029d78785620 Thread [stack: 0x000000fc0d200000,0x000000fc0d300000] [id=35596]
  0x0000029d7878a720 Thread [stack: 0x000000fc0d300000,0x000000fc0d400000] [id=18340]
  0x0000029d78787990 Thread [stack: 0x000000fc0d400000,0x000000fc0d500000] [id=10840]
  0x0000029d78786040 Thread [stack: 0x000000fc0d500000,0x000000fc0d600000] [id=7360]
  0x0000029d7878ac30 JavaThread "Unconstrained build operations Thread 50" [_thread_blocked, id=1084, stack(0x000000fc0d600000,0x000000fc0d700000)]
  0x0000029d7878b140 Thread [stack: 0x000000fc0d700000,0x000000fc0d800000] [id=21940]
  0x0000029d78786f70 Thread [stack: 0x000000fc0d800000,0x000000fc0d900000] [id=30024]
  0x0000029d7878b650 Thread [stack: 0x000000fc0d900000,0x000000fc0da00000] [id=10280]
  0x0000029d78785110 Thread [stack: 0x000000fc0da00000,0x000000fc0db00000] [id=35512]
  0x0000029d7878bb60 JavaThread "Unconstrained build operations Thread 55" [_thread_blocked, id=32140, stack(0x000000fc0db00000,0x000000fc0dc00000)]
  0x0000029d7878c070 Thread [stack: 0x000000fc0dc00000,0x000000fc0dd00000] [id=6688]
  0x0000029d78784c00 Thread [stack: 0x000000fc0dd00000,0x000000fc0de00000] [id=33672]
  0x0000029d78786550 Thread [stack: 0x000000fc0de00000,0x000000fc0df00000] [id=34084]
  0x0000029d7878c580 JavaThread "Unconstrained build operations Thread 59" [_thread_blocked, id=6556, stack(0x000000fc0df00000,0x000000fc0e000000)]
  0x0000029d7b3ce420 JavaThread "Unconstrained build operations Thread 60" [_thread_blocked, id=34988, stack(0x000000fc0e000000,0x000000fc0e100000)]
  0x0000029d7b3cee40 JavaThread "Unconstrained build operations Thread 61" [_thread_blocked, id=34792, stack(0x000000fc0e100000,0x000000fc0e200000)]
  0x0000029d7b3cb690 Thread [stack: 0x000000fc0e200000,0x000000fc0e300000] [id=35752]
  0x0000029d7b3cc0b0 Thread [stack: 0x000000fc0e300000,0x000000fc0e400000] [id=22856]
  0x0000029d7b3cd4f0 Thread [stack: 0x000000fc0e400000,0x000000fc0e500000] [id=21424]
  0x0000029d7b3cda00 Thread [stack: 0x000000fc0e500000,0x000000fc0e600000] [id=30576]
  0x0000029d7b3ce930 Thread [stack: 0x000000fc0e600000,0x000000fc0e700000] [id=24316]
  0x0000029d78edcf60 JavaThread "Unconstrained build operations Thread 67" [_thread_blocked, id=27104, stack(0x000000fc0e700000,0x000000fc0e800000)]
  0x0000029d78edf2d0 Thread [stack: 0x000000fc0e800000,0x000000fc0e900000] [id=2024]
  0x0000029d78ee0c20 Thread [stack: 0x000000fc0e900000,0x000000fc0ea00000] [id=29276]
  0x0000029d78ede8b0 Thread [stack: 0x000000fc0ea00000,0x000000fc0eb00000] [id=20440]
  0x0000029d78ee1640 JavaThread "Unconstrained build operations Thread 71" [_thread_blocked, id=35460, stack(0x000000fc0eb00000,0x000000fc0ec00000)]
  0x0000029d78ee1b50 JavaThread "Unconstrained build operations Thread 72" [_thread_blocked, id=1796, stack(0x000000fc0ec00000,0x000000fc0ed00000)]
  0x0000029d78ee2060 JavaThread "Unconstrained build operations Thread 73" [_thread_blocked, id=21308, stack(0x000000fc0ed00000,0x000000fc0ee00000)]
  0x0000029d78821120 Thread [stack: 0x000000fc0ee00000,0x000000fc0ef00000] [id=30096]
  0x0000029d78821b40 JavaThread "Unconstrained build operations Thread 75" [_thread_blocked, id=34576, stack(0x000000fc0ef00000,0x000000fc0f000000)]
  0x0000029d78822050 Thread [stack: 0x000000fc0f000000,0x000000fc0f100000] [id=14360]
  0x0000029d78822560 Thread [stack: 0x000000fc0f100000,0x000000fc0f200000] [id=35928]
  0x0000029d77e5d100 Thread [stack: 0x000000fc0f200000,0x000000fc0f300000] [id=36020]
  0x0000029d77e5cbf0 Thread [stack: 0x000000fc0f300000,0x000000fc0f400000] [id=36040]
  0x0000029d77e5c6e0 Thread [stack: 0x000000fc0f400000,0x000000fc0f500000] [id=36044]
  0x0000029d77e5e030 Thread [stack: 0x000000fc0f500000,0x000000fc0f600000] [id=36048]
  0x0000029d77e5ad90 Thread [stack: 0x000000fc0f600000,0x000000fc0f700000] [id=36224]
  0x0000029d77e5b7b0 JavaThread "Unconstrained build operations Thread 83" [_thread_blocked, id=36232, stack(0x000000fc0f700000,0x000000fc0f800000)]
  0x0000029d77e5bcc0 Thread [stack: 0x000000fc0f800000,0x000000fc0f900000] [id=36236]
  0x0000029d77e5d610 Thread [stack: 0x000000fc0f900000,0x000000fc0fa00000] [id=36240]
  0x0000029d77e5db20 JavaThread "Unconstrained build operations Thread 86" [_thread_blocked, id=36248, stack(0x000000fc0fa00000,0x000000fc0fb00000)]
  0x0000029d77e5b2a0 Thread [stack: 0x000000fc0fb00000,0x000000fc0fc00000] [id=36252]
  0x0000029d77e5e540 Thread [stack: 0x000000fc0fc00000,0x000000fc0fd00000] [id=36260]
  0x0000029d7a670e20 Thread [stack: 0x000000fc0fd00000,0x000000fc0fe00000] [id=36264]
  0x0000029d7a66d670 JavaThread "Unconstrained build operations Thread 91" [_thread_blocked, id=36272, stack(0x000000fc0ff00000,0x000000fc10000000)]
  0x0000029d7a66eab0 Thread [stack: 0x000000fc10000000,0x000000fc10100000] [id=36292]
  0x0000029d7a66d160 Thread [stack: 0x000000fc10100000,0x000000fc10200000] [id=36296]
  0x0000029d7a66f9e0 Thread [stack: 0x000000fc10200000,0x000000fc10300000] [id=36308]
  0x0000029d7a66a3d0 Thread [stack: 0x000000fc10300000,0x000000fc10400000] [id=36316]

Other Threads:
  0x0000029d5dbfdf20 VMThread "VM Thread" [stack: 0x000000fc05600000,0x000000fc05700000] [id=28232]
  0x0000029d42edecf0 WatcherThread [stack: 0x000000fc06200000,0x000000fc06300000] [id=16100]
  0x0000029d42ed70d0 GCTaskThread "GC Thread#0" [stack: 0x000000fc05100000,0x000000fc05200000] [id=22304]
  0x0000029d7757bac0 GCTaskThread "GC Thread#1" [stack: 0x000000fc06500000,0x000000fc06600000] [id=23096]
  0x0000029d77277e00 GCTaskThread "GC Thread#2" [stack: 0x000000fc06600000,0x000000fc06700000] [id=29424]
  0x0000029d772780c0 GCTaskThread "GC Thread#3" [stack: 0x000000fc06700000,0x000000fc06800000] [id=30816]
  0x0000029d77a50180 GCTaskThread "GC Thread#4" [stack: 0x000000fc06800000,0x000000fc06900000] [id=18700]
  0x0000029d77a4ee40 GCTaskThread "GC Thread#5" [stack: 0x000000fc06900000,0x000000fc06a00000] [id=11880]
  0x0000029d77a50440 GCTaskThread "GC Thread#6" [stack: 0x000000fc07b00000,0x000000fc07c00000] [id=2448]
  0x0000029d77a4f100 GCTaskThread "GC Thread#7" [stack: 0x000000fc07c00000,0x000000fc07d00000] [id=34492]
  0x0000029d77a4f680 GCTaskThread "GC Thread#8" [stack: 0x000000fc07d00000,0x000000fc07e00000] [id=21316]
  0x0000029d77a4f3c0 GCTaskThread "GC Thread#9" [stack: 0x000000fc07e00000,0x000000fc07f00000] [id=27020]
  0x0000029d40cde1f0 ConcurrentGCThread "G1 Main Marker" [stack: 0x000000fc05200000,0x000000fc05300000] [id=24820]
  0x0000029d40cdec00 ConcurrentGCThread "G1 Conc#0" [stack: 0x000000fc05300000,0x000000fc05400000] [id=25228]
  0x0000029d77a4fc00 ConcurrentGCThread "G1 Conc#1" [stack: 0x000000fc07f00000,0x000000fc08000000] [id=9588]
  0x0000029d77a4fec0 ConcurrentGCThread "G1 Conc#2" [stack: 0x000000fc08000000,0x000000fc08100000] [id=4288]
  0x0000029d5dac40f0 ConcurrentGCThread "G1 Refine#0" [stack: 0x000000fc05400000,0x000000fc05500000] [id=28968]
  0x0000029d794d1560 ConcurrentGCThread "G1 Refine#1" [stack: 0x000000fc10900000,0x000000fc10a00000] [id=13764]
  0x0000029d794cf800 ConcurrentGCThread "G1 Refine#2" [stack: 0x000000fc10a00000,0x000000fc10b00000] [id=22136]
  0x0000029d5dac4b20 ConcurrentGCThread "G1 Service" [stack: 0x000000fc05500000,0x000000fc05600000] [id=35396]

Threads with active compile tasks:
C2 CompilerThread0   153653 11824       4       org.gradle.internal.logging.sink.OutputEventTransformer::onOutput (369 bytes)
C1 CompilerThread0   153653 11834       3       io.spring.gradle.dependencymanagement.org.apache.maven.model.io.xpp3.MavenXpp3ReaderEx::parseBuild (1223 bytes)

VM state: not at safepoint (normal execution)

VM Mutex/Monitor currently owned by a thread: None

OutOfMemory and StackOverflow Exception counts:
OutOfMemoryError java_heap_errors=1
LinkageErrors=151

Heap address: 0x00000000e0000000, size: 512 MB, Compressed Oops mode: 32-bit

CDS archive(s) mapped at: [0x0000029d5e000000-0x0000029d5ebd0000-0x0000029d5ebd0000), size 12386304, SharedBaseAddress: 0x0000029d5e000000, ArchiveRelocationMode: 1.
Compressed class space mapped at: 0x0000029d5f000000-0x0000029d73000000, reserved size: 335544320
Narrow klass base: 0x0000029d5e000000, Narrow klass shift: 0, Narrow klass range: 0x100000000

GC Precious Log:
 CPUs: 12 total, 12 available
 Memory: 16076M
 Large Page Support: Disabled
 NUMA Support: Disabled
 Compressed Oops: Enabled (32-bit)
 Heap Region Size: 1M
 Heap Min Capacity: 256M
 Heap Initial Capacity: 256M
 Heap Max Capacity: 512M
 Pre-touch: Disabled
 Parallel Workers: 10
 Concurrent Workers: 3
 Concurrent Refinement Workers: 10
 Periodic GC: Disabled

Heap:
 garbage-first heap   total 262144K, used 172332K [0x00000000e0000000, 0x0000000100000000)
  region size 1024K, 124 young (126976K), 10 survivors (10240K)
 Metaspace       used 57847K, committed 58560K, reserved 393216K
  class space    used 7969K, committed 8320K, reserved 327680K

Heap Regions: E=young(eden), S=young(survivor), O=old, HS=humongous(starts), HC=humongous(continues), CS=collection set, F=free, OA=open archive, CA=closed archive, TAMS=top-at-mark-start (previous, next)
|   0|0x00000000e0000000, 0x00000000e0100000, 0x00000000e0100000|100%| O|  |TAMS 0x00000000e0100000, 0x00000000e0000000| Untracked 
|   1|0x00000000e0100000, 0x00000000e0200000, 0x00000000e0200000|100%| O|  |TAMS 0x00000000e0200000, 0x00000000e0100000| Untracked 
|   2|0x00000000e0200000, 0x00000000e0300000, 0x00000000e0300000|100%| O|  |TAMS 0x00000000e0300000, 0x00000000e0200000| Untracked 
|   3|0x00000000e0300000, 0x00000000e0400000, 0x00000000e0400000|100%|HS|  |TAMS 0x00000000e0400000, 0x00000000e0300000| Complete 
|   4|0x00000000e0400000, 0x00000000e0500000, 0x00000000e0500000|100%|HC|  |TAMS 0x00000000e0500000, 0x00000000e0400000| Complete 
|   5|0x00000000e0500000, 0x00000000e0600000, 0x00000000e0600000|100%|HC|  |TAMS 0x00000000e0600000, 0x00000000e0500000| Complete 
|   6|0x00000000e0600000, 0x00000000e0700000, 0x00000000e0700000|100%|HC|  |TAMS 0x00000000e0700000, 0x00000000e0600000| Complete 
|   7|0x00000000e0700000, 0x00000000e0800000, 0x00000000e0800000|100%| O|  |TAMS 0x00000000e0800000, 0x00000000e0700000| Untracked 
|   8|0x00000000e0800000, 0x00000000e0900000, 0x00000000e0900000|100%| O|  |TAMS 0x00000000e0900000, 0x00000000e0800000| Untracked 
|   9|0x00000000e0900000, 0x00000000e0a00000, 0x00000000e0a00000|100%| O|  |TAMS 0x00000000e09c9600, 0x00000000e0900000| Untracked 
|  10|0x00000000e0a00000, 0x00000000e0b00000, 0x00000000e0b00000|100%|HS|  |TAMS 0x00000000e0b00000, 0x00000000e0a00000| Complete 
|  11|0x00000000e0b00000, 0x00000000e0c00000, 0x00000000e0c00000|100%| O|  |TAMS 0x00000000e0b00000, 0x00000000e0b00000| Untracked 
|  12|0x00000000e0c00000, 0x00000000e0d00000, 0x00000000e0d00000|100%| O|  |TAMS 0x00000000e0c00000, 0x00000000e0c00000| Untracked 
|  13|0x00000000e0d00000, 0x00000000e0e00000, 0x00000000e0e00000|100%| O|  |TAMS 0x00000000e0d00000, 0x00000000e0d00000| Untracked 
|  14|0x00000000e0e00000, 0x00000000e0f00000, 0x00000000e0f00000|100%| O|  |TAMS 0x00000000e0e00000, 0x00000000e0e00000| Untracked 
|  15|0x00000000e0f00000, 0x00000000e1000000, 0x00000000e1000000|100%| O|  |TAMS 0x00000000e0f00000, 0x00000000e0f00000| Untracked 
|  16|0x00000000e1000000, 0x00000000e1100000, 0x00000000e1100000|100%| O|  |TAMS 0x00000000e1000000, 0x00000000e1000000| Untracked 
|  17|0x00000000e1100000, 0x00000000e1200000, 0x00000000e1200000|100%| O|  |TAMS 0x00000000e1100000, 0x00000000e1100000| Untracked 
|  18|0x00000000e1200000, 0x00000000e1300000, 0x00000000e1300000|100%| O|  |TAMS 0x00000000e1200000, 0x00000000e1200000| Untracked 
|  19|0x00000000e1300000, 0x00000000e1400000, 0x00000000e1400000|100%| O|  |TAMS 0x00000000e1300000, 0x00000000e1300000| Untracked 
|  20|0x00000000e1400000, 0x00000000e1500000, 0x00000000e1500000|100%| O|  |TAMS 0x00000000e1400000, 0x00000000e1400000| Untracked 
|  21|0x00000000e1500000, 0x00000000e1600000, 0x00000000e1600000|100%| O|  |TAMS 0x00000000e1500000, 0x00000000e1500000| Untracked 
|  22|0x00000000e1600000, 0x00000000e1700000, 0x00000000e1700000|100%| O|  |TAMS 0x00000000e1600000, 0x00000000e1600000| Untracked 
|  23|0x00000000e1700000, 0x00000000e1800000, 0x00000000e1800000|100%| O|  |TAMS 0x00000000e1700000, 0x00000000e1700000| Untracked 
|  24|0x00000000e1800000, 0x00000000e1900000, 0x00000000e1900000|100%| O|  |TAMS 0x00000000e1800000, 0x00000000e1800000| Untracked 
|  25|0x00000000e1900000, 0x00000000e1a00000, 0x00000000e1a00000|100%| O|  |TAMS 0x00000000e1900000, 0x00000000e1900000| Untracked 
|  26|0x00000000e1a00000, 0x00000000e1b00000, 0x00000000e1b00000|100%| O|  |TAMS 0x00000000e1a00000, 0x00000000e1a00000| Untracked 
|  27|0x00000000e1b00000, 0x00000000e1c00000, 0x00000000e1c00000|100%| O|  |TAMS 0x00000000e1b00000, 0x00000000e1b00000| Untracked 
|  28|0x00000000e1c00000, 0x00000000e1d00000, 0x00000000e1d00000|100%| O|  |TAMS 0x00000000e1c00000, 0x00000000e1c00000| Untracked 
|  29|0x00000000e1d00000, 0x00000000e1e00000, 0x00000000e1e00000|100%| O|  |TAMS 0x00000000e1d00000, 0x00000000e1d00000| Untracked 
|  30|0x00000000e1e00000, 0x00000000e1f00000, 0x00000000e1f00000|100%| O|  |TAMS 0x00000000e1e00000, 0x00000000e1e00000| Untracked 
|  31|0x00000000e1f00000, 0x00000000e2000000, 0x00000000e2000000|100%| O|  |TAMS 0x00000000e1f00000, 0x00000000e1f00000| Untracked 
|  32|0x00000000e2000000, 0x00000000e2100000, 0x00000000e2100000|100%| O|  |TAMS 0x00000000e2000000, 0x00000000e2000000| Untracked 
|  33|0x00000000e2100000, 0x00000000e2200000, 0x00000000e2200000|100%| O|  |TAMS 0x00000000e2100000, 0x00000000e2100000| Untracked 
|  34|0x00000000e2200000, 0x00000000e2300000, 0x00000000e2300000|100%| O|  |TAMS 0x00000000e2200000, 0x00000000e2200000| Untracked 
|  35|0x00000000e2300000, 0x00000000e2400000, 0x00000000e2400000|100%| O|  |TAMS 0x00000000e2300000, 0x00000000e2300000| Untracked 
|  36|0x00000000e2400000, 0x00000000e2500000, 0x00000000e2500000|100%| O|  |TAMS 0x00000000e2400000, 0x00000000e2400000| Untracked 
|  37|0x00000000e2500000, 0x00000000e2600000, 0x00000000e2600000|100%| O|  |TAMS 0x00000000e2500000, 0x00000000e2500000| Untracked 
|  38|0x00000000e2600000, 0x00000000e2700000, 0x00000000e2700000|100%| O|  |TAMS 0x00000000e2600000, 0x00000000e2600000| Untracked 
|  39|0x00000000e2700000, 0x00000000e2800000, 0x00000000e2800000|100%| O|  |TAMS 0x00000000e2700000, 0x00000000e2700000| Untracked 
|  40|0x00000000e2800000, 0x00000000e2900000, 0x00000000e2900000|100%| O|  |TAMS 0x00000000e2800000, 0x00000000e2800000| Untracked 
|  41|0x00000000e2900000, 0x00000000e2a00000, 0x00000000e2a00000|100%| O|  |TAMS 0x00000000e2900000, 0x00000000e2900000| Untracked 
|  42|0x00000000e2a00000, 0x00000000e2b00000, 0x00000000e2b00000|100%| O|  |TAMS 0x00000000e2a00000, 0x00000000e2a00000| Untracked 
|  43|0x00000000e2b00000, 0x00000000e2c00000, 0x00000000e2c00000|100%| O|  |TAMS 0x00000000e2b00000, 0x00000000e2b00000| Untracked 
|  44|0x00000000e2c00000, 0x00000000e2d00000, 0x00000000e2d00000|100%| O|  |TAMS 0x00000000e2c00000, 0x00000000e2c00000| Untracked 
|  45|0x00000000e2d00000, 0x00000000e2e00000, 0x00000000e2e00000|100%| O|  |TAMS 0x00000000e2d00000, 0x00000000e2d00000| Untracked 
|  46|0x00000000e2e00000, 0x00000000e2efce00, 0x00000000e2f00000| 98%| O|  |TAMS 0x00000000e2e00000, 0x00000000e2e00000| Untracked 
|  47|0x00000000e2f00000, 0x00000000e2f00000, 0x00000000e3000000|  0%| F|  |TAMS 0x00000000e2f00000, 0x00000000e2f00000| Untracked 
|  48|0x00000000e3000000, 0x00000000e3000000, 0x00000000e3100000|  0%| F|  |TAMS 0x00000000e3000000, 0x00000000e3000000| Untracked 
|  49|0x00000000e3100000, 0x00000000e3100000, 0x00000000e3200000|  0%| F|  |TAMS 0x00000000e3100000, 0x00000000e3100000| Untracked 
|  50|0x00000000e3200000, 0x00000000e3200000, 0x00000000e3300000|  0%| F|  |TAMS 0x00000000e3200000, 0x00000000e3200000| Untracked 
|  51|0x00000000e3300000, 0x00000000e3300000, 0x00000000e3400000|  0%| F|  |TAMS 0x00000000e3300000, 0x00000000e3300000| Untracked 
|  52|0x00000000e3400000, 0x00000000e3400000, 0x00000000e3500000|  0%| F|  |TAMS 0x00000000e3400000, 0x00000000e3400000| Untracked 
|  53|0x00000000e3500000, 0x00000000e3500000, 0x00000000e3600000|  0%| F|  |TAMS 0x00000000e3500000, 0x00000000e3500000| Untracked 
|  54|0x00000000e3600000, 0x00000000e3600000, 0x00000000e3700000|  0%| F|  |TAMS 0x00000000e3600000, 0x00000000e3600000| Untracked 
|  55|0x00000000e3700000, 0x00000000e3700000, 0x00000000e3800000|  0%| F|  |TAMS 0x00000000e3700000, 0x00000000e3700000| Untracked 
|  56|0x00000000e3800000, 0x00000000e3800000, 0x00000000e3900000|  0%| F|  |TAMS 0x00000000e3800000, 0x00000000e3800000| Untracked 
|  57|0x00000000e3900000, 0x00000000e3900000, 0x00000000e3a00000|  0%| F|  |TAMS 0x00000000e3900000, 0x00000000e3900000| Untracked 
|  58|0x00000000e3a00000, 0x00000000e3a00000, 0x00000000e3b00000|  0%| F|  |TAMS 0x00000000e3a00000, 0x00000000e3a00000| Untracked 
|  59|0x00000000e3b00000, 0x00000000e3b00000, 0x00000000e3c00000|  0%| F|  |TAMS 0x00000000e3b00000, 0x00000000e3b00000| Untracked 
|  60|0x00000000e3c00000, 0x00000000e3c00000, 0x00000000e3d00000|  0%| F|  |TAMS 0x00000000e3c00000, 0x00000000e3c00000| Untracked 
|  61|0x00000000e3d00000, 0x00000000e3d00000, 0x00000000e3e00000|  0%| F|  |TAMS 0x00000000e3d00000, 0x00000000e3d00000| Untracked 
|  62|0x00000000e3e00000, 0x00000000e3e00000, 0x00000000e3f00000|  0%| F|  |TAMS 0x00000000e3e00000, 0x00000000e3e00000| Untracked 
|  63|0x00000000e3f00000, 0x00000000e3f00000, 0x00000000e4000000|  0%| F|  |TAMS 0x00000000e3f00000, 0x00000000e3f00000| Untracked 
|  64|0x00000000e4000000, 0x00000000e4000000, 0x00000000e4100000|  0%| F|  |TAMS 0x00000000e4000000, 0x00000000e4000000| Untracked 
|  65|0x00000000e4100000, 0x00000000e4100000, 0x00000000e4200000|  0%| F|  |TAMS 0x00000000e4100000, 0x00000000e4100000| Untracked 
|  66|0x00000000e4200000, 0x00000000e4200000, 0x00000000e4300000|  0%| F|  |TAMS 0x00000000e4200000, 0x00000000e4200000| Untracked 
|  67|0x00000000e4300000, 0x00000000e4300000, 0x00000000e4400000|  0%| F|  |TAMS 0x00000000e4300000, 0x00000000e4300000| Untracked 
|  68|0x00000000e4400000, 0x00000000e4400000, 0x00000000e4500000|  0%| F|  |TAMS 0x00000000e4400000, 0x00000000e4400000| Untracked 
|  69|0x00000000e4500000, 0x00000000e4500000, 0x00000000e4600000|  0%| F|  |TAMS 0x00000000e4500000, 0x00000000e4500000| Untracked 
|  70|0x00000000e4600000, 0x00000000e4600000, 0x00000000e4700000|  0%| F|  |TAMS 0x00000000e4600000, 0x00000000e4600000| Untracked 
|  71|0x00000000e4700000, 0x00000000e4700000, 0x00000000e4800000|  0%| F|  |TAMS 0x00000000e4700000, 0x00000000e4700000| Untracked 
|  72|0x00000000e4800000, 0x00000000e4800000, 0x00000000e4900000|  0%| F|  |TAMS 0x00000000e4800000, 0x00000000e4800000| Untracked 
|  73|0x00000000e4900000, 0x00000000e4900000, 0x00000000e4a00000|  0%| F|  |TAMS 0x00000000e4900000, 0x00000000e4900000| Untracked 
|  74|0x00000000e4a00000, 0x00000000e4a00000, 0x00000000e4b00000|  0%| F|  |TAMS 0x00000000e4a00000, 0x00000000e4a00000| Untracked 
|  75|0x00000000e4b00000, 0x00000000e4b00000, 0x00000000e4c00000|  0%| F|  |TAMS 0x00000000e4b00000, 0x00000000e4b00000| Untracked 
|  76|0x00000000e4c00000, 0x00000000e4c00000, 0x00000000e4d00000|  0%| F|  |TAMS 0x00000000e4c00000, 0x00000000e4c00000| Untracked 
|  77|0x00000000e4d00000, 0x00000000e4d00000, 0x00000000e4e00000|  0%| F|  |TAMS 0x00000000e4d00000, 0x00000000e4d00000| Untracked 
|  78|0x00000000e4e00000, 0x00000000e4e00000, 0x00000000e4f00000|  0%| F|  |TAMS 0x00000000e4e00000, 0x00000000e4e00000| Untracked 
|  79|0x00000000e4f00000, 0x00000000e4f00000, 0x00000000e5000000|  0%| F|  |TAMS 0x00000000e4f00000, 0x00000000e4f00000| Untracked 
|  80|0x00000000e5000000, 0x00000000e5000000, 0x00000000e5100000|  0%| F|  |TAMS 0x00000000e5000000, 0x00000000e5000000| Untracked 
|  81|0x00000000e5100000, 0x00000000e5100000, 0x00000000e5200000|  0%| F|  |TAMS 0x00000000e5100000, 0x00000000e5100000| Untracked 
|  82|0x00000000e5200000, 0x00000000e5200000, 0x00000000e5300000|  0%| F|  |TAMS 0x00000000e5200000, 0x00000000e5200000| Untracked 
|  83|0x00000000e5300000, 0x00000000e5300000, 0x00000000e5400000|  0%| F|  |TAMS 0x00000000e5300000, 0x00000000e5300000| Untracked 
|  84|0x00000000e5400000, 0x00000000e5400000, 0x00000000e5500000|  0%| F|  |TAMS 0x00000000e5400000, 0x00000000e5400000| Untracked 
|  85|0x00000000e5500000, 0x00000000e5500000, 0x00000000e5600000|  0%| F|  |TAMS 0x00000000e5500000, 0x00000000e5500000| Untracked 
|  86|0x00000000e5600000, 0x00000000e5600000, 0x00000000e5700000|  0%| F|  |TAMS 0x00000000e5600000, 0x00000000e5600000| Untracked 
|  87|0x00000000e5700000, 0x00000000e5700000, 0x00000000e5800000|  0%| F|  |TAMS 0x00000000e5700000, 0x00000000e5700000| Untracked 
|  88|0x00000000e5800000, 0x00000000e5800000, 0x00000000e5900000|  0%| F|  |TAMS 0x00000000e5800000, 0x00000000e5800000| Untracked 
|  89|0x00000000e5900000, 0x00000000e5900000, 0x00000000e5a00000|  0%| F|  |TAMS 0x00000000e5900000, 0x00000000e5900000| Untracked 
|  90|0x00000000e5a00000, 0x00000000e5a00000, 0x00000000e5b00000|  0%| F|  |TAMS 0x00000000e5a00000, 0x00000000e5a00000| Untracked 
|  91|0x00000000e5b00000, 0x00000000e5b00000, 0x00000000e5c00000|  0%| F|  |TAMS 0x00000000e5b00000, 0x00000000e5b00000| Untracked 
|  92|0x00000000e5c00000, 0x00000000e5c00000, 0x00000000e5d00000|  0%| F|  |TAMS 0x00000000e5c00000, 0x00000000e5c00000| Untracked 
|  93|0x00000000e5d00000, 0x00000000e5d00000, 0x00000000e5e00000|  0%| F|  |TAMS 0x00000000e5d00000, 0x00000000e5d00000| Untracked 
|  94|0x00000000e5e00000, 0x00000000e5e00000, 0x00000000e5f00000|  0%| F|  |TAMS 0x00000000e5e00000, 0x00000000e5e00000| Untracked 
|  95|0x00000000e5f00000, 0x00000000e5f4e380, 0x00000000e6000000| 30%| S|CS|TAMS 0x00000000e5f00000, 0x00000000e5f00000| Complete 
|  96|0x00000000e6000000, 0x00000000e6100000, 0x00000000e6100000|100%| S|CS|TAMS 0x00000000e6000000, 0x00000000e6000000| Complete 
|  97|0x00000000e6100000, 0x00000000e6200000, 0x00000000e6200000|100%| S|CS|TAMS 0x00000000e6100000, 0x00000000e6100000| Complete 
|  98|0x00000000e6200000, 0x00000000e6300000, 0x00000000e6300000|100%| S|CS|TAMS 0x00000000e6200000, 0x00000000e6200000| Complete 
|  99|0x00000000e6300000, 0x00000000e6400000, 0x00000000e6400000|100%| S|CS|TAMS 0x00000000e6300000, 0x00000000e6300000| Complete 
| 100|0x00000000e6400000, 0x00000000e6500000, 0x00000000e6500000|100%| S|CS|TAMS 0x00000000e6400000, 0x00000000e6400000| Complete 
| 101|0x00000000e6500000, 0x00000000e6600000, 0x00000000e6600000|100%| S|CS|TAMS 0x00000000e6500000, 0x00000000e6500000| Complete 
| 102|0x00000000e6600000, 0x00000000e6700000, 0x00000000e6700000|100%| S|CS|TAMS 0x00000000e6600000, 0x00000000e6600000| Complete 
| 103|0x00000000e6700000, 0x00000000e6700000, 0x00000000e6800000|  0%| F|  |TAMS 0x00000000e6700000, 0x00000000e6700000| Untracked 
| 104|0x00000000e6800000, 0x00000000e6800000, 0x00000000e6900000|  0%| F|  |TAMS 0x00000000e6800000, 0x00000000e6800000| Untracked 
| 105|0x00000000e6900000, 0x00000000e6900000, 0x00000000e6a00000|  0%| F|  |TAMS 0x00000000e6900000, 0x00000000e6900000| Untracked 
| 106|0x00000000e6a00000, 0x00000000e6a00000, 0x00000000e6b00000|  0%| F|  |TAMS 0x00000000e6a00000, 0x00000000e6a00000| Untracked 
| 107|0x00000000e6b00000, 0x00000000e6b00000, 0x00000000e6c00000|  0%| F|  |TAMS 0x00000000e6b00000, 0x00000000e6b00000| Untracked 
| 108|0x00000000e6c00000, 0x00000000e6c00000, 0x00000000e6d00000|  0%| F|  |TAMS 0x00000000e6c00000, 0x00000000e6c00000| Untracked 
| 109|0x00000000e6d00000, 0x00000000e6d00000, 0x00000000e6e00000|  0%| F|  |TAMS 0x00000000e6d00000, 0x00000000e6d00000| Untracked 
| 110|0x00000000e6e00000, 0x00000000e6e00000, 0x00000000e6f00000|  0%| F|  |TAMS 0x00000000e6e00000, 0x00000000e6e00000| Untracked 
| 111|0x00000000e6f00000, 0x00000000e6f00000, 0x00000000e7000000|  0%| F|  |TAMS 0x00000000e6f00000, 0x00000000e6f00000| Untracked 
| 112|0x00000000e7000000, 0x00000000e7000000, 0x00000000e7100000|  0%| F|  |TAMS 0x00000000e7000000, 0x00000000e7000000| Untracked 
| 113|0x00000000e7100000, 0x00000000e7100000, 0x00000000e7200000|  0%| F|  |TAMS 0x00000000e7100000, 0x00000000e7100000| Untracked 
| 114|0x00000000e7200000, 0x00000000e7200000, 0x00000000e7300000|  0%| F|  |TAMS 0x00000000e7200000, 0x00000000e7200000| Untracked 
| 115|0x00000000e7300000, 0x00000000e7300000, 0x00000000e7400000|  0%| F|  |TAMS 0x00000000e7300000, 0x00000000e7300000| Untracked 
| 116|0x00000000e7400000, 0x00000000e7400000, 0x00000000e7500000|  0%| F|  |TAMS 0x00000000e7400000, 0x00000000e7400000| Untracked 
| 117|0x00000000e7500000, 0x00000000e7500000, 0x00000000e7600000|  0%| F|  |TAMS 0x00000000e7500000, 0x00000000e7500000| Untracked 
| 118|0x00000000e7600000, 0x00000000e7600000, 0x00000000e7700000|  0%| F|  |TAMS 0x00000000e7600000, 0x00000000e7600000| Untracked 
| 119|0x00000000e7700000, 0x00000000e7800000, 0x00000000e7800000|100%| S|CS|TAMS 0x00000000e7700000, 0x00000000e7700000| Complete 
| 120|0x00000000e7800000, 0x00000000e7900000, 0x00000000e7900000|100%| S|CS|TAMS 0x00000000e7800000, 0x00000000e7800000| Complete 
| 121|0x00000000e7900000, 0x00000000e7900000, 0x00000000e7a00000|  0%| F|  |TAMS 0x00000000e7900000, 0x00000000e7900000| Untracked 
| 122|0x00000000e7a00000, 0x00000000e7a00000, 0x00000000e7b00000|  0%| F|  |TAMS 0x00000000e7a00000, 0x00000000e7a00000| Untracked 
| 123|0x00000000e7b00000, 0x00000000e7b00000, 0x00000000e7c00000|  0%| F|  |TAMS 0x00000000e7b00000, 0x00000000e7b00000| Untracked 
| 124|0x00000000e7c00000, 0x00000000e7c00000, 0x00000000e7d00000|  0%| F|  |TAMS 0x00000000e7c00000, 0x00000000e7c00000| Untracked 
| 125|0x00000000e7d00000, 0x00000000e7d00000, 0x00000000e7e00000|  0%| F|  |TAMS 0x00000000e7d00000, 0x00000000e7d00000| Untracked 
| 126|0x00000000e7e00000, 0x00000000e7e00000, 0x00000000e7f00000|  0%| F|  |TAMS 0x00000000e7e00000, 0x00000000e7e00000| Untracked 
| 127|0x00000000e7f00000, 0x00000000e7f00000, 0x00000000e8000000|  0%| F|  |TAMS 0x00000000e7f00000, 0x00000000e7f00000| Untracked 
| 128|0x00000000e8000000, 0x00000000e8000000, 0x00000000e8100000|  0%| F|  |TAMS 0x00000000e8000000, 0x00000000e8000000| Untracked 
| 129|0x00000000e8100000, 0x00000000e8100000, 0x00000000e8200000|  0%| F|  |TAMS 0x00000000e8100000, 0x00000000e8100000| Untracked 
| 130|0x00000000e8200000, 0x00000000e8200000, 0x00000000e8300000|  0%| F|  |TAMS 0x00000000e8200000, 0x00000000e8200000| Untracked 
| 131|0x00000000e8300000, 0x00000000e8300000, 0x00000000e8400000|  0%| F|  |TAMS 0x00000000e8300000, 0x00000000e8300000| Untracked 
| 132|0x00000000e8400000, 0x00000000e8400000, 0x00000000e8500000|  0%| F|  |TAMS 0x00000000e8400000, 0x00000000e8400000| Untracked 
| 133|0x00000000e8500000, 0x00000000e8500000, 0x00000000e8600000|  0%| F|  |TAMS 0x00000000e8500000, 0x00000000e8500000| Untracked 
| 134|0x00000000e8600000, 0x00000000e8600000, 0x00000000e8700000|  0%| F|  |TAMS 0x00000000e8600000, 0x00000000e8600000| Untracked 
| 135|0x00000000e8700000, 0x00000000e8700000, 0x00000000e8800000|  0%| F|  |TAMS 0x00000000e8700000, 0x00000000e8700000| Untracked 
| 136|0x00000000e8800000, 0x00000000e8800000, 0x00000000e8900000|  0%| F|  |TAMS 0x00000000e8800000, 0x00000000e8800000| Untracked 
| 137|0x00000000e8900000, 0x00000000e8900000, 0x00000000e8a00000|  0%| F|  |TAMS 0x00000000e8900000, 0x00000000e8900000| Untracked 
| 138|0x00000000e8a00000, 0x00000000e8a00000, 0x00000000e8b00000|  0%| F|  |TAMS 0x00000000e8a00000, 0x00000000e8a00000| Untracked 
| 139|0x00000000e8b00000, 0x00000000e8b00000, 0x00000000e8c00000|  0%| F|  |TAMS 0x00000000e8b00000, 0x00000000e8b00000| Untracked 
| 140|0x00000000e8c00000, 0x00000000e8c00000, 0x00000000e8d00000|  0%| F|  |TAMS 0x00000000e8c00000, 0x00000000e8c00000| Untracked 
| 141|0x00000000e8d00000, 0x00000000e8d00000, 0x00000000e8e00000|  0%| F|  |TAMS 0x00000000e8d00000, 0x00000000e8d00000| Untracked 
| 142|0x00000000e8e00000, 0x00000000e8e83060, 0x00000000e8f00000| 51%| E|  |TAMS 0x00000000e8e00000, 0x00000000e8e00000| Complete 
| 143|0x00000000e8f00000, 0x00000000e9000000, 0x00000000e9000000|100%| E|CS|TAMS 0x00000000e8f00000, 0x00000000e8f00000| Complete 
| 144|0x00000000e9000000, 0x00000000e9100000, 0x00000000e9100000|100%| E|CS|TAMS 0x00000000e9000000, 0x00000000e9000000| Complete 
| 145|0x00000000e9100000, 0x00000000e9200000, 0x00000000e9200000|100%| E|CS|TAMS 0x00000000e9100000, 0x00000000e9100000| Complete 
| 146|0x00000000e9200000, 0x00000000e9300000, 0x00000000e9300000|100%| E|  |TAMS 0x00000000e9200000, 0x00000000e9200000| Complete 
| 147|0x00000000e9300000, 0x00000000e9400000, 0x00000000e9400000|100%| E|CS|TAMS 0x00000000e9300000, 0x00000000e9300000| Complete 
| 148|0x00000000e9400000, 0x00000000e9500000, 0x00000000e9500000|100%| E|CS|TAMS 0x00000000e9400000, 0x00000000e9400000| Complete 
| 149|0x00000000e9500000, 0x00000000e9600000, 0x00000000e9600000|100%| E|CS|TAMS 0x00000000e9500000, 0x00000000e9500000| Complete 
| 150|0x00000000e9600000, 0x00000000e9700000, 0x00000000e9700000|100%| E|CS|TAMS 0x00000000e9600000, 0x00000000e9600000| Complete 
| 151|0x00000000e9700000, 0x00000000e9800000, 0x00000000e9800000|100%| E|CS|TAMS 0x00000000e9700000, 0x00000000e9700000| Complete 
| 152|0x00000000e9800000, 0x00000000e9900000, 0x00000000e9900000|100%| E|CS|TAMS 0x00000000e9800000, 0x00000000e9800000| Complete 
| 153|0x00000000e9900000, 0x00000000e9a00000, 0x00000000e9a00000|100%| E|CS|TAMS 0x00000000e9900000, 0x00000000e9900000| Complete 
| 154|0x00000000e9a00000, 0x00000000e9b00000, 0x00000000e9b00000|100%| E|CS|TAMS 0x00000000e9a00000, 0x00000000e9a00000| Complete 
| 155|0x00000000e9b00000, 0x00000000e9c00000, 0x00000000e9c00000|100%| E|CS|TAMS 0x00000000e9b00000, 0x00000000e9b00000| Complete 
| 156|0x00000000e9c00000, 0x00000000e9d00000, 0x00000000e9d00000|100%| E|CS|TAMS 0x00000000e9c00000, 0x00000000e9c00000| Complete 
| 157|0x00000000e9d00000, 0x00000000e9e00000, 0x00000000e9e00000|100%| E|CS|TAMS 0x00000000e9d00000, 0x00000000e9d00000| Complete 
| 158|0x00000000e9e00000, 0x00000000e9f00000, 0x00000000e9f00000|100%| E|CS|TAMS 0x00000000e9e00000, 0x00000000e9e00000| Complete 
| 159|0x00000000e9f00000, 0x00000000ea000000, 0x00000000ea000000|100%| E|CS|TAMS 0x00000000e9f00000, 0x00000000e9f00000| Complete 
| 160|0x00000000ea000000, 0x00000000ea100000, 0x00000000ea100000|100%| E|CS|TAMS 0x00000000ea000000, 0x00000000ea000000| Complete 
| 161|0x00000000ea100000, 0x00000000ea200000, 0x00000000ea200000|100%| E|CS|TAMS 0x00000000ea100000, 0x00000000ea100000| Complete 
| 162|0x00000000ea200000, 0x00000000ea300000, 0x00000000ea300000|100%| E|CS|TAMS 0x00000000ea200000, 0x00000000ea200000| Complete 
| 163|0x00000000ea300000, 0x00000000ea400000, 0x00000000ea400000|100%| E|CS|TAMS 0x00000000ea300000, 0x00000000ea300000| Complete 
| 164|0x00000000ea400000, 0x00000000ea500000, 0x00000000ea500000|100%| E|CS|TAMS 0x00000000ea400000, 0x00000000ea400000| Complete 
| 165|0x00000000ea500000, 0x00000000ea600000, 0x00000000ea600000|100%| E|CS|TAMS 0x00000000ea500000, 0x00000000ea500000| Complete 
| 166|0x00000000ea600000, 0x00000000ea700000, 0x00000000ea700000|100%| E|CS|TAMS 0x00000000ea600000, 0x00000000ea600000| Complete 
| 167|0x00000000ea700000, 0x00000000ea800000, 0x00000000ea800000|100%| E|CS|TAMS 0x00000000ea700000, 0x00000000ea700000| Complete 
| 168|0x00000000ea800000, 0x00000000ea900000, 0x00000000ea900000|100%| E|CS|TAMS 0x00000000ea800000, 0x00000000ea800000| Complete 
| 169|0x00000000ea900000, 0x00000000eaa00000, 0x00000000eaa00000|100%| E|CS|TAMS 0x00000000ea900000, 0x00000000ea900000| Complete 
| 170|0x00000000eaa00000, 0x00000000eab00000, 0x00000000eab00000|100%| E|CS|TAMS 0x00000000eaa00000, 0x00000000eaa00000| Complete 
| 171|0x00000000eab00000, 0x00000000eac00000, 0x00000000eac00000|100%| E|CS|TAMS 0x00000000eab00000, 0x00000000eab00000| Complete 
| 172|0x00000000eac00000, 0x00000000ead00000, 0x00000000ead00000|100%| E|CS|TAMS 0x00000000eac00000, 0x00000000eac00000| Complete 
| 173|0x00000000ead00000, 0x00000000eae00000, 0x00000000eae00000|100%| E|CS|TAMS 0x00000000ead00000, 0x00000000ead00000| Complete 
| 174|0x00000000eae00000, 0x00000000eaf00000, 0x00000000eaf00000|100%| E|CS|TAMS 0x00000000eae00000, 0x00000000eae00000| Complete 
| 175|0x00000000eaf00000, 0x00000000eb000000, 0x00000000eb000000|100%| E|CS|TAMS 0x00000000eaf00000, 0x00000000eaf00000| Complete 
| 176|0x00000000eb000000, 0x00000000eb100000, 0x00000000eb100000|100%| E|CS|TAMS 0x00000000eb000000, 0x00000000eb000000| Complete 
| 177|0x00000000eb100000, 0x00000000eb200000, 0x00000000eb200000|100%| E|CS|TAMS 0x00000000eb100000, 0x00000000eb100000| Complete 
| 178|0x00000000eb200000, 0x00000000eb300000, 0x00000000eb300000|100%| E|CS|TAMS 0x00000000eb200000, 0x00000000eb200000| Complete 
| 179|0x00000000eb300000, 0x00000000eb400000, 0x00000000eb400000|100%| E|CS|TAMS 0x00000000eb300000, 0x00000000eb300000| Complete 
| 180|0x00000000eb400000, 0x00000000eb500000, 0x00000000eb500000|100%| E|CS|TAMS 0x00000000eb400000, 0x00000000eb400000| Complete 
| 181|0x00000000eb500000, 0x00000000eb600000, 0x00000000eb600000|100%| E|CS|TAMS 0x00000000eb500000, 0x00000000eb500000| Complete 
| 182|0x00000000eb600000, 0x00000000eb700000, 0x00000000eb700000|100%| E|CS|TAMS 0x00000000eb600000, 0x00000000eb600000| Complete 
| 183|0x00000000eb700000, 0x00000000eb800000, 0x00000000eb800000|100%| E|CS|TAMS 0x00000000eb700000, 0x00000000eb700000| Complete 
| 184|0x00000000eb800000, 0x00000000eb900000, 0x00000000eb900000|100%| E|CS|TAMS 0x00000000eb800000, 0x00000000eb800000| Complete 
| 185|0x00000000eb900000, 0x00000000eba00000, 0x00000000eba00000|100%| E|CS|TAMS 0x00000000eb900000, 0x00000000eb900000| Complete 
| 186|0x00000000eba00000, 0x00000000ebb00000, 0x00000000ebb00000|100%| E|CS|TAMS 0x00000000eba00000, 0x00000000eba00000| Complete 
| 187|0x00000000ebb00000, 0x00000000ebc00000, 0x00000000ebc00000|100%| E|CS|TAMS 0x00000000ebb00000, 0x00000000ebb00000| Complete 
| 188|0x00000000ebc00000, 0x00000000ebd00000, 0x00000000ebd00000|100%| E|CS|TAMS 0x00000000ebc00000, 0x00000000ebc00000| Complete 
| 189|0x00000000ebd00000, 0x00000000ebe00000, 0x00000000ebe00000|100%| E|CS|TAMS 0x00000000ebd00000, 0x00000000ebd00000| Complete 
| 190|0x00000000ebe00000, 0x00000000ebf00000, 0x00000000ebf00000|100%| E|CS|TAMS 0x00000000ebe00000, 0x00000000ebe00000| Complete 
| 191|0x00000000ebf00000, 0x00000000ec000000, 0x00000000ec000000|100%| E|CS|TAMS 0x00000000ebf00000, 0x00000000ebf00000| Complete 
| 192|0x00000000ec000000, 0x00000000ec100000, 0x00000000ec100000|100%| E|CS|TAMS 0x00000000ec000000, 0x00000000ec000000| Complete 
| 193|0x00000000ec100000, 0x00000000ec200000, 0x00000000ec200000|100%| E|CS|TAMS 0x00000000ec100000, 0x00000000ec100000| Complete 
| 194|0x00000000ec200000, 0x00000000ec300000, 0x00000000ec300000|100%| E|CS|TAMS 0x00000000ec200000, 0x00000000ec200000| Complete 
| 195|0x00000000ec300000, 0x00000000ec400000, 0x00000000ec400000|100%| E|CS|TAMS 0x00000000ec300000, 0x00000000ec300000| Complete 
| 196|0x00000000ec400000, 0x00000000ec500000, 0x00000000ec500000|100%| E|CS|TAMS 0x00000000ec400000, 0x00000000ec400000| Complete 
| 197|0x00000000ec500000, 0x00000000ec600000, 0x00000000ec600000|100%| E|CS|TAMS 0x00000000ec500000, 0x00000000ec500000| Complete 
| 198|0x00000000ec600000, 0x00000000ec700000, 0x00000000ec700000|100%| E|CS|TAMS 0x00000000ec600000, 0x00000000ec600000| Complete 
| 199|0x00000000ec700000, 0x00000000ec800000, 0x00000000ec800000|100%| E|CS|TAMS 0x00000000ec700000, 0x00000000ec700000| Complete 
| 200|0x00000000ec800000, 0x00000000ec900000, 0x00000000ec900000|100%| E|CS|TAMS 0x00000000ec800000, 0x00000000ec800000| Complete 
| 201|0x00000000ec900000, 0x00000000eca00000, 0x00000000eca00000|100%| E|CS|TAMS 0x00000000ec900000, 0x00000000ec900000| Complete 
| 202|0x00000000eca00000, 0x00000000ecb00000, 0x00000000ecb00000|100%| E|CS|TAMS 0x00000000eca00000, 0x00000000eca00000| Complete 
| 203|0x00000000ecb00000, 0x00000000ecc00000, 0x00000000ecc00000|100%| E|CS|TAMS 0x00000000ecb00000, 0x00000000ecb00000| Complete 
| 204|0x00000000ecc00000, 0x00000000ecd00000, 0x00000000ecd00000|100%| E|CS|TAMS 0x00000000ecc00000, 0x00000000ecc00000| Complete 
| 205|0x00000000ecd00000, 0x00000000ece00000, 0x00000000ece00000|100%| E|CS|TAMS 0x00000000ecd00000, 0x00000000ecd00000| Complete 
| 206|0x00000000ece00000, 0x00000000ecf00000, 0x00000000ecf00000|100%| E|CS|TAMS 0x00000000ece00000, 0x00000000ece00000| Complete 
| 207|0x00000000ecf00000, 0x00000000ed000000, 0x00000000ed000000|100%| E|CS|TAMS 0x00000000ecf00000, 0x00000000ecf00000| Complete 
| 208|0x00000000ed000000, 0x00000000ed100000, 0x00000000ed100000|100%| E|CS|TAMS 0x00000000ed000000, 0x00000000ed000000| Complete 
| 209|0x00000000ed100000, 0x00000000ed200000, 0x00000000ed200000|100%| E|CS|TAMS 0x00000000ed100000, 0x00000000ed100000| Complete 
| 210|0x00000000ed200000, 0x00000000ed300000, 0x00000000ed300000|100%| E|CS|TAMS 0x00000000ed200000, 0x00000000ed200000| Complete 
| 211|0x00000000ed300000, 0x00000000ed400000, 0x00000000ed400000|100%| E|CS|TAMS 0x00000000ed300000, 0x00000000ed300000| Complete 
| 212|0x00000000ed400000, 0x00000000ed500000, 0x00000000ed500000|100%| E|CS|TAMS 0x00000000ed400000, 0x00000000ed400000| Complete 
| 213|0x00000000ed500000, 0x00000000ed600000, 0x00000000ed600000|100%| E|CS|TAMS 0x00000000ed500000, 0x00000000ed500000| Complete 
| 214|0x00000000ed600000, 0x00000000ed700000, 0x00000000ed700000|100%| E|CS|TAMS 0x00000000ed600000, 0x00000000ed600000| Complete 
| 215|0x00000000ed700000, 0x00000000ed800000, 0x00000000ed800000|100%| E|CS|TAMS 0x00000000ed700000, 0x00000000ed700000| Complete 
| 216|0x00000000ed800000, 0x00000000ed900000, 0x00000000ed900000|100%| E|CS|TAMS 0x00000000ed800000, 0x00000000ed800000| Complete 
| 217|0x00000000ed900000, 0x00000000eda00000, 0x00000000eda00000|100%| E|CS|TAMS 0x00000000ed900000, 0x00000000ed900000| Complete 
| 218|0x00000000eda00000, 0x00000000edb00000, 0x00000000edb00000|100%| E|CS|TAMS 0x00000000eda00000, 0x00000000eda00000| Complete 
| 219|0x00000000edb00000, 0x00000000edc00000, 0x00000000edc00000|100%| E|CS|TAMS 0x00000000edb00000, 0x00000000edb00000| Complete 
| 220|0x00000000edc00000, 0x00000000edd00000, 0x00000000edd00000|100%| E|CS|TAMS 0x00000000edc00000, 0x00000000edc00000| Complete 
| 221|0x00000000edd00000, 0x00000000ede00000, 0x00000000ede00000|100%| E|CS|TAMS 0x00000000edd00000, 0x00000000edd00000| Complete 
| 222|0x00000000ede00000, 0x00000000edf00000, 0x00000000edf00000|100%| E|CS|TAMS 0x00000000ede00000, 0x00000000ede00000| Complete 
| 223|0x00000000edf00000, 0x00000000ee000000, 0x00000000ee000000|100%| E|CS|TAMS 0x00000000edf00000, 0x00000000edf00000| Complete 
| 224|0x00000000ee000000, 0x00000000ee100000, 0x00000000ee100000|100%| E|CS|TAMS 0x00000000ee000000, 0x00000000ee000000| Complete 
| 225|0x00000000ee100000, 0x00000000ee200000, 0x00000000ee200000|100%| E|CS|TAMS 0x00000000ee100000, 0x00000000ee100000| Complete 
| 226|0x00000000ee200000, 0x00000000ee300000, 0x00000000ee300000|100%| E|CS|TAMS 0x00000000ee200000, 0x00000000ee200000| Complete 
| 227|0x00000000ee300000, 0x00000000ee400000, 0x00000000ee400000|100%| E|CS|TAMS 0x00000000ee300000, 0x00000000ee300000| Complete 
| 228|0x00000000ee400000, 0x00000000ee500000, 0x00000000ee500000|100%| E|CS|TAMS 0x00000000ee400000, 0x00000000ee400000| Complete 
| 229|0x00000000ee500000, 0x00000000ee600000, 0x00000000ee600000|100%| E|CS|TAMS 0x00000000ee500000, 0x00000000ee500000| Complete 
| 230|0x00000000ee600000, 0x00000000ee700000, 0x00000000ee700000|100%| E|CS|TAMS 0x00000000ee600000, 0x00000000ee600000| Complete 
| 231|0x00000000ee700000, 0x00000000ee800000, 0x00000000ee800000|100%| E|CS|TAMS 0x00000000ee700000, 0x00000000ee700000| Complete 
| 232|0x00000000ee800000, 0x00000000ee900000, 0x00000000ee900000|100%| E|CS|TAMS 0x00000000ee800000, 0x00000000ee800000| Complete 
| 233|0x00000000ee900000, 0x00000000eea00000, 0x00000000eea00000|100%| E|CS|TAMS 0x00000000ee900000, 0x00000000ee900000| Complete 
| 234|0x00000000eea00000, 0x00000000eeb00000, 0x00000000eeb00000|100%| E|CS|TAMS 0x00000000eea00000, 0x00000000eea00000| Complete 
| 235|0x00000000eeb00000, 0x00000000eec00000, 0x00000000eec00000|100%| E|CS|TAMS 0x00000000eeb00000, 0x00000000eeb00000| Complete 
| 236|0x00000000eec00000, 0x00000000eed00000, 0x00000000eed00000|100%| E|CS|TAMS 0x00000000eec00000, 0x00000000eec00000| Complete 
| 237|0x00000000eed00000, 0x00000000eee00000, 0x00000000eee00000|100%| E|CS|TAMS 0x00000000eed00000, 0x00000000eed00000| Complete 
| 238|0x00000000eee00000, 0x00000000eef00000, 0x00000000eef00000|100%| E|CS|TAMS 0x00000000eee00000, 0x00000000eee00000| Complete 
| 239|0x00000000eef00000, 0x00000000ef000000, 0x00000000ef000000|100%| E|CS|TAMS 0x00000000eef00000, 0x00000000eef00000| Complete 
| 240|0x00000000ef000000, 0x00000000ef100000, 0x00000000ef100000|100%| E|CS|TAMS 0x00000000ef000000, 0x00000000ef000000| Complete 
| 241|0x00000000ef100000, 0x00000000ef200000, 0x00000000ef200000|100%| E|CS|TAMS 0x00000000ef100000, 0x00000000ef100000| Complete 
| 242|0x00000000ef200000, 0x00000000ef300000, 0x00000000ef300000|100%| E|CS|TAMS 0x00000000ef200000, 0x00000000ef200000| Complete 
| 243|0x00000000ef300000, 0x00000000ef400000, 0x00000000ef400000|100%| E|CS|TAMS 0x00000000ef300000, 0x00000000ef300000| Complete 
| 244|0x00000000ef400000, 0x00000000ef500000, 0x00000000ef500000|100%| E|CS|TAMS 0x00000000ef400000, 0x00000000ef400000| Complete 
| 245|0x00000000ef500000, 0x00000000ef600000, 0x00000000ef600000|100%| E|CS|TAMS 0x00000000ef500000, 0x00000000ef500000| Complete 
| 246|0x00000000ef600000, 0x00000000ef700000, 0x00000000ef700000|100%| E|CS|TAMS 0x00000000ef600000, 0x00000000ef600000| Complete 
| 247|0x00000000ef700000, 0x00000000ef800000, 0x00000000ef800000|100%| E|CS|TAMS 0x00000000ef700000, 0x00000000ef700000| Complete 
| 248|0x00000000ef800000, 0x00000000ef900000, 0x00000000ef900000|100%| E|CS|TAMS 0x00000000ef800000, 0x00000000ef800000| Complete 
| 249|0x00000000ef900000, 0x00000000efa00000, 0x00000000efa00000|100%| E|CS|TAMS 0x00000000ef900000, 0x00000000ef900000| Complete 
| 250|0x00000000efa00000, 0x00000000efb00000, 0x00000000efb00000|100%| E|CS|TAMS 0x00000000efa00000, 0x00000000efa00000| Complete 
| 251|0x00000000efb00000, 0x00000000efc00000, 0x00000000efc00000|100%| E|CS|TAMS 0x00000000efb00000, 0x00000000efb00000| Complete 
| 252|0x00000000efc00000, 0x00000000efd00000, 0x00000000efd00000|100%| E|CS|TAMS 0x00000000efc00000, 0x00000000efc00000| Complete 
| 253|0x00000000efd00000, 0x00000000efe00000, 0x00000000efe00000|100%| E|CS|TAMS 0x00000000efd00000, 0x00000000efd00000| Complete 
| 254|0x00000000efe00000, 0x00000000eff00000, 0x00000000eff00000|100%| E|CS|TAMS 0x00000000efe00000, 0x00000000efe00000| Complete 
| 255|0x00000000eff00000, 0x00000000f0000000, 0x00000000f0000000|100%| E|CS|TAMS 0x00000000eff00000, 0x00000000eff00000| Complete 

Card table byte_map: [0x0000029d59dc0000,0x0000029d59ec0000] _byte_map_base: 0x0000029d596c0000

Marking Bits (Prev, Next): (CMBitMap*) 0x0000029d42ed76f0, (CMBitMap*) 0x0000029d42ed7730
 Prev Bits: [0x0000029d59fc0000, 0x0000029d5a7c0000)
 Next Bits: [0x0000029d5a7c0000, 0x0000029d5afc0000)

Polling page: 0x0000029d40e40000

Metaspace:

Usage:
  Non-class:     48.71 MB used.
      Class:      7.78 MB used.
       Both:     56.49 MB used.

Virtual space:
  Non-class space:       64.00 MB reserved,      49.06 MB ( 77%) committed,  1 nodes.
      Class space:      320.00 MB reserved,       8.12 MB (  3%) committed,  1 nodes.
             Both:      384.00 MB reserved,      57.19 MB ( 15%) committed. 

Chunk freelists:
   Non-Class:  14.80 MB
       Class:  7.87 MB
        Both:  22.66 MB

MaxMetaspaceSize: 384.00 MB
CompressedClassSpaceSize: 320.00 MB
Initial GC threshold: 21.00 MB
Current GC threshold: 58.88 MB
CDS: on
MetaspaceReclaimPolicy: balanced
 - commit_granule_bytes: 65536.
 - commit_granule_words: 8192.
 - virtual_space_node_default_size: 8388608.
 - enlarge_chunks_in_place: 1.
 - new_chunks_are_fully_committed: 0.
 - uncommit_free_chunks: 1.
 - use_allocation_guard: 0.
 - handle_deallocations: 1.


Internal statistics:

num_allocs_failed_limit: 6.
num_arena_births: 882.
num_arena_deaths: 0.
num_vsnodes_births: 2.
num_vsnodes_deaths: 0.
num_space_committed: 915.
num_space_uncommitted: 0.
num_chunks_returned_to_freelist: 6.
num_chunks_taken_from_freelist: 3454.
num_chunk_merges: 6.
num_chunk_splits: 2124.
num_chunks_enlarged: 1260.
num_inconsistent_stats: 0.

CodeHeap 'non-profiled nmethods': size=120000Kb used=5961Kb max_used=5996Kb free=114038Kb
 bounds [0x0000029d52230000, 0x0000029d52820000, 0x0000029d59760000]
CodeHeap 'profiled nmethods': size=120000Kb used=20349Kb max_used=20939Kb free=99651Kb
 bounds [0x0000029d4a760000, 0x0000029d4bbe0000, 0x0000029d51c90000]
CodeHeap 'non-nmethods': size=5760Kb used=2332Kb max_used=2382Kb free=3428Kb
 bounds [0x0000029d51c90000, 0x0000029d51f00000, 0x0000029d52230000]
 total_blobs=11051 nmethods=10205 adapters=757
 compilation: enabled
              stopped_count=0, restarted_count=0
 full_count=0

Compilation events (20 events):
Event: 152.252 Thread 0x0000029d5dc37940 nmethod 11820 0x0000029d4a951390 code [0x0000029d4a951620, 0x0000029d4a952518]
Event: 152.252 Thread 0x0000029d5dc37940 11821       3       org.gradle.api.internal.artifacts.repositories.metadata.DefaultMavenImmutableAttributesFactory$$Lambda$782/0x0000029d5f613fc8::<init> (15 bytes)
Event: 152.253 Thread 0x0000029d5dc37940 nmethod 11821 0x0000029d4a950f10 code [0x0000029d4a9510c0, 0x0000029d4a9512d8]
Event: 152.253 Thread 0x0000029d5dc37940 11822       3       org.gradle.internal.component.external.model.JavaEcosystemVariantDerivationStrategy::libraryWithSourcesVariant (44 bytes)
Event: 152.254 Thread 0x0000029d5dc37940 nmethod 11822 0x0000029d4a94fa10 code [0x0000029d4a94fca0, 0x0000029d4a950a28]
Event: 152.254 Thread 0x0000029d5dc37940 11823       3       org.gradle.api.internal.artifacts.repositories.metadata.DefaultMavenImmutableAttributesFactory::sourcesVariant (32 bytes)
Event: 152.256 Thread 0x0000029d5dc37940 nmethod 11823 0x0000029d4ac97e90 code [0x0000029d4ac98140, 0x0000029d4ac99398]
Event: 152.271 Thread 0x0000029d5dc37940 11828       3       org.gradle.api.internal.artifacts.DefaultDependencyFactory::injectServices (37 bytes)
Event: 152.272 Thread 0x0000029d5dc37940 nmethod 11828 0x0000029d4a94f190 code [0x0000029d4a94f360, 0x0000029d4a94f908]
Event: 152.329 Thread 0x0000029d5dc37940 11829       3       io.spring.gradle.dependencymanagement.org.apache.maven.model.interpolation.StringSearchModelInterpolator::createInterpolator (126 bytes)
Event: 152.331 Thread 0x0000029d5dc37940 nmethod 11829 0x0000029d4ac96310 code [0x0000029d4ac965e0, 0x0000029d4ac978d8]
Event: 152.332 Thread 0x0000029d5dc37940 11830   !   3       java.util.ArrayList$Itr::remove (68 bytes)
Event: 152.332 Thread 0x0000029d5dc37940 nmethod 11830 0x0000029d4a94e790 code [0x0000029d4a94e980, 0x0000029d4a94ee98]
Event: 152.343 Thread 0x0000029d5dc37940 11831       3       io.spring.gradle.dependencymanagement.org.apache.maven.model.building.ModelData::<init> (32 bytes)
Event: 152.343 Thread 0x0000029d5dc37940 nmethod 11831 0x0000029d4ac95c90 code [0x0000029d4ac95e40, 0x0000029d4ac961f8]
Event: 152.359 Thread 0x0000029d5dc37940 11832       1       org.gradle.internal.snapshot.AbstractListChildMap::isEmpty (2 bytes)
Event: 152.359 Thread 0x0000029d5dc37940 nmethod 11832 0x0000029d5263ca10 code [0x0000029d5263cba0, 0x0000029d5263cc78]
Event: 152.363 Thread 0x0000029d5dc37940 11833       3       org.gradle.internal.classloader.CachingClassLoader::getResource (59 bytes)
Event: 152.364 Thread 0x0000029d5dc37940 nmethod 11833 0x0000029d4b5d9c90 code [0x0000029d4b5d9e80, 0x0000029d4b5da3a8]
Event: 152.382 Thread 0x0000029d5dc37940 11834       3       io.spring.gradle.dependencymanagement.org.apache.maven.model.io.xpp3.MavenXpp3ReaderEx::parseBuild (1223 bytes)

GC Heap History (16 events):
Event: 1.895 GC heap before
{Heap before GC invocations=0 (full 0):
 garbage-first heap   total 262144K, used 22528K [0x00000000e0000000, 0x0000000100000000)
  region size 1024K, 23 young (23552K), 0 survivors (0K)
 Metaspace       used 1155K, committed 1280K, reserved 393216K
  class space    used 87K, committed 128K, reserved 327680K
}
Event: 1.901 GC heap after
{Heap after GC invocations=1 (full 0):
 garbage-first heap   total 262144K, used 5160K [0x00000000e0000000, 0x0000000100000000)
  region size 1024K, 3 young (3072K), 3 survivors (3072K)
 Metaspace       used 1155K, committed 1280K, reserved 393216K
  class space    used 87K, committed 128K, reserved 327680K
}
Event: 3.554 GC heap before
{Heap before GC invocations=1 (full 0):
 garbage-first heap   total 262144K, used 38952K [0x00000000e0000000, 0x0000000100000000)
  region size 1024K, 32 young (32768K), 3 survivors (3072K)
 Metaspace       used 4084K, committed 4288K, reserved 393216K
  class space    used 509K, committed 640K, reserved 327680K
}
Event: 3.561 GC heap after
{Heap after GC invocations=2 (full 0):
 garbage-first heap   total 262144K, used 11992K [0x00000000e0000000, 0x0000000100000000)
  region size 1024K, 3 young (3072K), 3 survivors (3072K)
 Metaspace       used 4084K, committed 4288K, reserved 393216K
  class space    used 509K, committed 640K, reserved 327680K
}
Event: 5.650 GC heap before
{Heap before GC invocations=2 (full 0):
 garbage-first heap   total 262144K, used 57048K [0x00000000e0000000, 0x0000000100000000)
  region size 1024K, 45 young (46080K), 3 survivors (3072K)
 Metaspace       used 4302K, committed 4544K, reserved 393216K
  class space    used 526K, committed 640K, reserved 327680K
}
Event: 5.656 GC heap after
{Heap after GC invocations=3 (full 0):
 garbage-first heap   total 262144K, used 17189K [0x00000000e0000000, 0x0000000100000000)
  region size 1024K, 6 young (6144K), 6 survivors (6144K)
 Metaspace       used 4302K, committed 4544K, reserved 393216K
  class space    used 526K, committed 640K, reserved 327680K
}
Event: 18.132 GC heap before
{Heap before GC invocations=3 (full 0):
 garbage-first heap   total 262144K, used 129829K [0x00000000e0000000, 0x0000000100000000)
  region size 1024K, 117 young (119808K), 6 survivors (6144K)
 Metaspace       used 21244K, committed 21504K, reserved 393216K
  class space    used 3122K, committed 3264K, reserved 327680K
}
Event: 18.149 GC heap after
{Heap after GC invocations=4 (full 0):
 garbage-first heap   total 262144K, used 24323K [0x00000000e0000000, 0x0000000100000000)
  region size 1024K, 13 young (13312K), 13 survivors (13312K)
 Metaspace       used 21244K, committed 21504K, reserved 393216K
  class space    used 3122K, committed 3264K, reserved 327680K
}
Event: 23.517 GC heap before
{Heap before GC invocations=5 (full 0):
 garbage-first heap   total 262144K, used 150275K [0x00000000e0000000, 0x0000000100000000)
  region size 1024K, 133 young (136192K), 13 survivors (13312K)
 Metaspace       used 35700K, committed 36096K, reserved 393216K
  class space    used 4962K, committed 5120K, reserved 327680K
}
Event: 23.537 GC heap after
{Heap after GC invocations=6 (full 0):
 garbage-first heap   total 262144K, used 33090K [0x00000000e0000000, 0x0000000100000000)
  region size 1024K, 16 young (16384K), 16 survivors (16384K)
 Metaspace       used 35700K, committed 36096K, reserved 393216K
  class space    used 4962K, committed 5120K, reserved 327680K
}
Event: 35.311 GC heap before
{Heap before GC invocations=7 (full 0):
 garbage-first heap   total 262144K, used 174402K [0x00000000e0000000, 0x0000000100000000)
  region size 1024K, 153 young (156672K), 16 survivors (16384K)
 Metaspace       used 48363K, committed 48896K, reserved 393216K
  class space    used 6899K, committed 7168K, reserved 327680K
}
Event: 35.340 GC heap after
{Heap after GC invocations=8 (full 0):
 garbage-first heap   total 262144K, used 39979K [0x00000000e0000000, 0x0000000100000000)
  region size 1024K, 16 young (16384K), 16 survivors (16384K)
 Metaspace       used 48363K, committed 48896K, reserved 393216K
  class space    used 6899K, committed 7168K, reserved 327680K
}
Event: 67.030 GC heap before
{Heap before GC invocations=8 (full 0):
 garbage-first heap   total 262144K, used 179243K [0x00000000e0000000, 0x0000000100000000)
  region size 1024K, 153 young (156672K), 16 survivors (16384K)
 Metaspace       used 54649K, committed 55232K, reserved 393216K
  class space    used 7706K, committed 8000K, reserved 327680K
}
Event: 67.053 GC heap after
{Heap after GC invocations=9 (full 0):
 garbage-first heap   total 262144K, used 51200K [0x00000000e0000000, 0x0000000100000000)
  region size 1024K, 18 young (18432K), 18 survivors (18432K)
 Metaspace       used 54649K, committed 55232K, reserved 393216K
  class space    used 7706K, committed 8000K, reserved 327680K
}
Event: 115.568 GC heap before
{Heap before GC invocations=9 (full 0):
 garbage-first heap   total 262144K, used 188416K [0x00000000e0000000, 0x0000000100000000)
  region size 1024K, 153 young (156672K), 18 survivors (18432K)
 Metaspace       used 56646K, committed 57216K, reserved 393216K
  class space    used 7891K, committed 8192K, reserved 327680K
}
Event: 115.595 GC heap after
{Heap after GC invocations=10 (full 0):
 garbage-first heap   total 262144K, used 57644K [0x00000000e0000000, 0x0000000100000000)
  region size 1024K, 10 young (10240K), 10 survivors (10240K)
 Metaspace       used 56646K, committed 57216K, reserved 393216K
  class space    used 7891K, committed 8192K, reserved 327680K
}

Deoptimization events (20 events):
Event: 142.097 Thread 0x0000029d78821630 Uncommon trap: trap_request=0xffffffc6 fr.pc=0x0000029d52436d28 relative=0x00000000000003c8
Event: 142.097 Thread 0x0000029d78821630 Uncommon trap: reason=bimorphic_or_optimized_type_check action=maybe_recompile pc=0x0000029d52436d28 method=java.util.Spliterators$IteratorSpliterator.tryAdvance(Ljava/util/function/Consumer;)Z @ 50 c2
Event: 142.097 Thread 0x0000029d78821630 DEOPT PACKING pc=0x0000029d52436d28 sp=0x000000fc06bf9540
Event: 142.097 Thread 0x0000029d78821630 DEOPT UNPACKING pc=0x0000029d51ce23a3 sp=0x000000fc06bf94e0 mode 2
Event: 145.444 Thread 0x0000029d794d7890 Uncommon trap: trap_request=0xffffffbe fr.pc=0x0000029d5240792c relative=0x000000000000140c
Event: 145.444 Thread 0x0000029d794d7890 Uncommon trap: reason=profile_predicate action=maybe_recompile pc=0x0000029d5240792c method=java.net.URI$Parser.scan(IILjava/lang/String;Ljava/lang/String;)I @ 6 c2
Event: 145.444 Thread 0x0000029d794d7890 DEOPT PACKING pc=0x0000029d5240792c sp=0x000000fc0aff9ee0
Event: 145.444 Thread 0x0000029d794d7890 DEOPT UNPACKING pc=0x0000029d51ce23a3 sp=0x000000fc0aff9e60 mode 2
Event: 145.444 Thread 0x0000029d794d7890 Uncommon trap: trap_request=0xffffffbe fr.pc=0x0000029d5240792c relative=0x000000000000140c
Event: 145.444 Thread 0x0000029d794d7890 Uncommon trap: reason=profile_predicate action=maybe_recompile pc=0x0000029d5240792c method=java.net.URI$Parser.scan(IILjava/lang/String;Ljava/lang/String;)I @ 6 c2
Event: 145.444 Thread 0x0000029d794d7890 DEOPT PACKING pc=0x0000029d5240792c sp=0x000000fc0aff9b80
Event: 145.444 Thread 0x0000029d794d7890 DEOPT UNPACKING pc=0x0000029d51ce23a3 sp=0x000000fc0aff9b00 mode 2
Event: 145.444 Thread 0x0000029d794d7890 Uncommon trap: trap_request=0xffffffbe fr.pc=0x0000029d5240792c relative=0x000000000000140c
Event: 145.444 Thread 0x0000029d794d7890 Uncommon trap: reason=profile_predicate action=maybe_recompile pc=0x0000029d5240792c method=java.net.URI$Parser.scan(IILjava/lang/String;Ljava/lang/String;)I @ 6 c2
Event: 145.444 Thread 0x0000029d794d7890 DEOPT PACKING pc=0x0000029d5240792c sp=0x000000fc0aff9e50
Event: 145.444 Thread 0x0000029d794d7890 DEOPT UNPACKING pc=0x0000029d51ce23a3 sp=0x000000fc0aff9dd0 mode 2
Event: 145.444 Thread 0x0000029d794d7890 Uncommon trap: trap_request=0xffffffbe fr.pc=0x0000029d5240792c relative=0x000000000000140c
Event: 145.444 Thread 0x0000029d794d7890 Uncommon trap: reason=profile_predicate action=maybe_recompile pc=0x0000029d5240792c method=java.net.URI$Parser.scan(IILjava/lang/String;Ljava/lang/String;)I @ 6 c2
Event: 145.444 Thread 0x0000029d794d7890 DEOPT PACKING pc=0x0000029d5240792c sp=0x000000fc0aff9af0
Event: 145.444 Thread 0x0000029d794d7890 DEOPT UNPACKING pc=0x0000029d51ce23a3 sp=0x000000fc0aff9a70 mode 2

Classes unloaded (0 events):
No events

Classes redefined (0 events):
No events

Internal exceptions (20 events):
Event: 73.615 Thread 0x0000029d78822050 Exception <a 'java/lang/NoSuchMethodError'{0x00000000ece15058}: static Lorg/gradle/internal/build/event/types/AbstractResult;.<clinit>()V> (0x00000000ece15058) 
thrown [s\open\src\hotspot\share\prims\jni.cpp, line 1112]
Event: 73.855 Thread 0x0000029d78821630 Exception <a 'java/lang/NoSuchMethodError'{0x00000000ecd278a0}: 'void java.lang.invoke.DirectMethodHandle$Holder.invokeVirtual(java.lang.Object, java.lang.Object)'> (0x00000000ecd278a0) 
thrown [s\open\src\hotspot\share\interpreter\linkResolver.cpp, line 759]
Event: 91.499 Thread 0x0000029d78821630 Exception <a 'sun/nio/fs/WindowsException'{0x00000000ec204b50}> (0x00000000ec204b50) 
thrown [s\open\src\hotspot\share\prims\jni.cpp, line 516]
Event: 91.614 Thread 0x0000029d78821630 Exception <a 'sun/nio/fs/WindowsException'{0x00000000ec206280}> (0x00000000ec206280) 
thrown [s\open\src\hotspot\share\prims\jni.cpp, line 516]
Event: 91.645 Thread 0x0000029d78821630 Exception <a 'sun/nio/fs/WindowsException'{0x00000000ec207ab0}> (0x00000000ec207ab0) 
thrown [s\open\src\hotspot\share\prims\jni.cpp, line 516]
Event: 91.667 Thread 0x0000029d78821630 Exception <a 'sun/nio/fs/WindowsException'{0x00000000ec2091e0}> (0x00000000ec2091e0) 
thrown [s\open\src\hotspot\share\prims\jni.cpp, line 516]
Event: 95.823 Thread 0x0000029d78821630 Exception <a 'java/lang/NoClassDefFoundError'{0x00000000ebce86a0}: org/jetbrains/kotlin/gradle/plugin/KotlinPluginWrapper> (0x00000000ebce86a0) 
thrown [s\open\src\hotspot\share\oops\constantPool.cpp, line 837]
Event: 95.823 Thread 0x0000029d78821630 Exception <a 'java/lang/NoClassDefFoundError'{0x00000000ebb1f568}: org/graalvm/buildtools/gradle/NativeImagePlugin> (0x00000000ebb1f568) 
thrown [s\open\src\hotspot\share\oops\constantPool.cpp, line 837]
Event: 95.823 Thread 0x0000029d78821630 Exception <a 'java/lang/NoClassDefFoundError'{0x00000000ebb21650}: org/cyclonedx/gradle/CycloneDxPlugin> (0x00000000ebb21650) 
thrown [s\open\src\hotspot\share\oops\constantPool.cpp, line 837]
Event: 96.061 Thread 0x0000029d78789d00 Exception <a 'java/lang/NoSuchMethodError'{0x00000000eb93e6f8}: 'int java.lang.invoke.DirectMethodHandle$Holder.invokeSpecial(java.lang.Object, java.lang.Object, java.lang.Object, java.lang.Object, java.lang.Object)'> (0x00000000eb93e6f8) 
thrown [s\open\src\hotspot\share\interpreter\linkResolver.cpp, line 759]
Event: 135.888 Thread 0x0000029d7cbafec0 Exception <a 'java/io/IOException'{0x00000000ed76b0d0}> (0x00000000ed76b0d0) 
thrown [s\open\src\hotspot\share\prims\jni.cpp, line 516]
Event: 135.901 Thread 0x0000029d7cbb2740 Exception <a 'java/io/IOException'{0x00000000ed706b58}> (0x00000000ed706b58) 
thrown [s\open\src\hotspot\share\prims\jni.cpp, line 516]
Event: 137.171 Thread 0x0000029d78821630 Implicit null exception at 0x0000029d52775d5b to 0x0000029d52775dec
Event: 137.605 Thread 0x0000029d78821630 Exception <a 'sun/nio/fs/WindowsException'{0x00000000ed4612d0}> (0x00000000ed4612d0) 
thrown [s\open\src\hotspot\share\prims\jni.cpp, line 516]
Event: 137.617 Thread 0x0000029d78821630 Exception <a 'sun/nio/fs/WindowsException'{0x00000000ed462a00}> (0x00000000ed462a00) 
thrown [s\open\src\hotspot\share\prims\jni.cpp, line 516]
Event: 137.627 Thread 0x0000029d78821630 Exception <a 'sun/nio/fs/WindowsException'{0x00000000ed464130}> (0x00000000ed464130) 
thrown [s\open\src\hotspot\share\prims\jni.cpp, line 516]
Event: 137.652 Thread 0x0000029d78821630 Exception <a 'sun/nio/fs/WindowsException'{0x00000000ed465860}> (0x00000000ed465860) 
thrown [s\open\src\hotspot\share\prims\jni.cpp, line 516]
Event: 142.082 Thread 0x0000029d78821630 Exception <a 'java/lang/NoClassDefFoundError'{0x00000000ecdbcb48}: org/jetbrains/kotlin/gradle/plugin/KotlinPluginWrapper> (0x00000000ecdbcb48) 
thrown [s\open\src\hotspot\share\oops\constantPool.cpp, line 837]
Event: 142.082 Thread 0x0000029d78821630 Exception <a 'java/lang/NoClassDefFoundError'{0x00000000ecdbec40}: org/graalvm/buildtools/gradle/NativeImagePlugin> (0x00000000ecdbec40) 
thrown [s\open\src\hotspot\share\oops\constantPool.cpp, line 837]
Event: 142.083 Thread 0x0000029d78821630 Exception <a 'java/lang/NoClassDefFoundError'{0x00000000ecdc0d28}: org/cyclonedx/gradle/CycloneDxPlugin> (0x00000000ecdc0d28) 
thrown [s\open\src\hotspot\share\oops\constantPool.cpp, line 837]

VM Operations (20 events):
Event: 138.824 Executing VM operation: Cleanup
Event: 138.824 Executing VM operation: Cleanup done
Event: 139.834 Executing VM operation: Cleanup
Event: 139.834 Executing VM operation: Cleanup done
Event: 140.841 Executing VM operation: Cleanup
Event: 140.841 Executing VM operation: Cleanup done
Event: 141.845 Executing VM operation: Cleanup
Event: 141.846 Executing VM operation: Cleanup done
Event: 142.853 Executing VM operation: Cleanup
Event: 142.853 Executing VM operation: Cleanup done
Event: 143.856 Executing VM operation: Cleanup
Event: 143.856 Executing VM operation: Cleanup done
Event: 144.869 Executing VM operation: Cleanup
Event: 144.869 Executing VM operation: Cleanup done
Event: 145.879 Executing VM operation: Cleanup
Event: 145.879 Executing VM operation: Cleanup done
Event: 147.895 Executing VM operation: Cleanup
Event: 147.895 Executing VM operation: Cleanup done
Event: 148.905 Executing VM operation: Cleanup
Event: 148.905 Executing VM operation: Cleanup done

Events (20 events):
Event: 144.423 Thread 0x0000029d78ee2060 Thread added: 0x0000029d78ee2060
Event: 144.443 Thread 0x0000029d78821120 Thread added: 0x0000029d78821120
Event: 144.469 Thread 0x0000029d78821b40 Thread added: 0x0000029d78821b40
Event: 144.501 Thread 0x0000029d78822050 Thread added: 0x0000029d78822050
Event: 147.354 Thread 0x0000029d78822560 Thread added: 0x0000029d78822560
Event: 148.387 Thread 0x0000029d77e5d100 Thread added: 0x0000029d77e5d100
Event: 148.500 Thread 0x0000029d77e5cbf0 Thread added: 0x0000029d77e5cbf0
Event: 148.652 Thread 0x0000029d77e5c6e0 Thread added: 0x0000029d77e5c6e0
Event: 148.915 Thread 0x0000029d77e5e030 Thread added: 0x0000029d77e5e030
Event: 152.111 Thread 0x0000029d77e5ad90 Thread added: 0x0000029d77e5ad90
Event: 152.131 Thread 0x0000029d77e5b7b0 Thread added: 0x0000029d77e5b7b0
Event: 152.157 Thread 0x0000029d77e5bcc0 Thread added: 0x0000029d77e5bcc0
Event: 152.180 Thread 0x0000029d77e5d610 Thread added: 0x0000029d77e5d610
Event: 152.198 Thread 0x0000029d77e5db20 Thread added: 0x0000029d77e5db20
Event: 152.212 Thread 0x0000029d77e5b2a0 Thread added: 0x0000029d77e5b2a0
Event: 152.231 Thread 0x0000029d77e5e540 Thread added: 0x0000029d77e5e540
Event: 152.250 Thread 0x0000029d7a670e20 Thread added: 0x0000029d7a670e20
Event: 152.265 Thread 0x0000029d7a66b810 Thread added: 0x0000029d7a66b810
Event: 152.282 Thread 0x0000029d7a66d670 Thread added: 0x0000029d7a66d670
Event: 152.316 Thread 0x0000029d7a66eab0 Thread added: 0x0000029d7a66eab0


Dynamic libraries:
0x00007ff6944e0000 - 0x00007ff6944f0000 	C:\Program Files\Java\jdk-17\bin\java.exe
0x00007ffc1a970000 - 0x00007ffc1ab87000 	C:\Windows\SYSTEM32\ntdll.dll
0x00007ffc19f00000 - 0x00007ffc19fc4000 	C:\Windows\System32\KERNEL32.DLL
0x00007ffc18110000 - 0x00007ffc184bd000 	C:\Windows\System32\KERNELBASE.dll
0x00007ffc17fc0000 - 0x00007ffc180d1000 	C:\Windows\System32\ucrtbase.dll
0x00007ffc0b0c0000 - 0x00007ffc0b0db000 	C:\Program Files\Java\jdk-17\bin\VCRUNTIME140.dll
0x00007ffc0ca40000 - 0x00007ffc0ca59000 	C:\Program Files\Java\jdk-17\bin\jli.dll
0x00007ffc19fe0000 - 0x00007ffc1a092000 	C:\Windows\System32\ADVAPI32.dll
0x00007ffc19890000 - 0x00007ffc19937000 	C:\Windows\System32\msvcrt.dll
0x00007ffc19240000 - 0x00007ffc192e9000 	C:\Windows\System32\sechost.dll
0x00007ffc180e0000 - 0x00007ffc18108000 	C:\Windows\System32\bcrypt.dll
0x00007ffc1a790000 - 0x00007ffc1a8a4000 	C:\Windows\System32\RPCRT4.dll
0x00007ffc19310000 - 0x00007ffc194be000 	C:\Windows\System32\USER32.dll
0x00007ffc18680000 - 0x00007ffc186a6000 	C:\Windows\System32\win32u.dll
0x00007ffc186d0000 - 0x00007ffc186f9000 	C:\Windows\System32\GDI32.dll
0x00007ffc184c0000 - 0x00007ffc185d9000 	C:\Windows\System32\gdi32full.dll
0x00007ffc185e0000 - 0x00007ffc1867a000 	C:\Windows\System32\msvcp_win.dll
0x00007ffbf9f40000 - 0x00007ffbfa1d3000 	C:\Windows\WinSxS\amd64_microsoft.windows.common-controls_6595b64144ccf1df_6.0.22621.3672_none_2713b9d173822955\COMCTL32.dll
0x00007ffc0b180000 - 0x00007ffc0b18a000 	C:\Windows\SYSTEM32\VERSION.dll
0x00007ffc1a700000 - 0x00007ffc1a731000 	C:\Windows\System32\IMM32.DLL
0x00007ffc0f5f0000 - 0x00007ffc0f5fc000 	C:\Program Files\Java\jdk-17\bin\vcruntime140_1.dll
0x00007ffbf85f0000 - 0x00007ffbf867e000 	C:\Program Files\Java\jdk-17\bin\msvcp140.dll
0x00007ffbcf810000 - 0x00007ffbd03f0000 	C:\Program Files\Java\jdk-17\bin\server\jvm.dll
0x00007ffc19fd0000 - 0x00007ffc19fd8000 	C:\Windows\System32\PSAPI.DLL
0x00007ffc0ea30000 - 0x00007ffc0ea64000 	C:\Windows\SYSTEM32\WINMM.dll
0x00007ffbe2f20000 - 0x00007ffbe2f29000 	C:\Windows\SYSTEM32\WSOCK32.dll
0x00007ffc191c0000 - 0x00007ffc19231000 	C:\Windows\System32\WS2_32.dll
0x00007ffc16dc0000 - 0x00007ffc16dd8000 	C:\Windows\SYSTEM32\kernel.appcore.dll
0x00007ffc0ec50000 - 0x00007ffc0ec5a000 	C:\Program Files\Java\jdk-17\bin\jimage.dll
0x00007ffc15550000 - 0x00007ffc15782000 	C:\Windows\SYSTEM32\DBGHELP.DLL
0x00007ffc1a0c0000 - 0x00007ffc1a448000 	C:\Windows\System32\combase.dll
0x00007ffc19940000 - 0x00007ffc19a17000 	C:\Windows\System32\OLEAUT32.dll
0x00007ffc0cfa0000 - 0x00007ffc0cfd2000 	C:\Windows\SYSTEM32\dbgcore.DLL
0x00007ffc17f40000 - 0x00007ffc17fbb000 	C:\Windows\System32\bcryptPrimitives.dll
0x00007ffc0bf80000 - 0x00007ffc0bf8e000 	C:\Program Files\Java\jdk-17\bin\instrument.dll
0x00007ffbfb810000 - 0x00007ffbfb835000 	C:\Program Files\Java\jdk-17\bin\java.dll
0x00007ffbee5c0000 - 0x00007ffbee697000 	C:\Program Files\Java\jdk-17\bin\jsvml.dll
0x00007ffc18960000 - 0x00007ffc191bf000 	C:\Windows\System32\SHELL32.dll
0x00007ffc15c00000 - 0x00007ffc164fc000 	C:\Windows\SYSTEM32\windows.storage.dll
0x00007ffc15ac0000 - 0x00007ffc15bff000 	C:\Windows\SYSTEM32\wintypes.dll
0x00007ffc18860000 - 0x00007ffc18954000 	C:\Windows\System32\SHCORE.dll
0x00007ffc1a6a0000 - 0x00007ffc1a6fe000 	C:\Windows\System32\shlwapi.dll
0x00007ffc17bd0000 - 0x00007ffc17bf1000 	C:\Windows\SYSTEM32\profapi.dll
0x00007ffbfcb50000 - 0x00007ffbfcb68000 	C:\Program Files\Java\jdk-17\bin\zip.dll
0x00007ffbfbac0000 - 0x00007ffbfbad9000 	C:\Program Files\Java\jdk-17\bin\net.dll
0x00007ffc10c20000 - 0x00007ffc10d56000 	C:\Windows\SYSTEM32\WINHTTP.dll
0x00007ffc17230000 - 0x00007ffc17299000 	C:\Windows\system32\mswsock.dll
0x00007ffbfb790000 - 0x00007ffbfb7a6000 	C:\Program Files\Java\jdk-17\bin\nio.dll
0x00007ffc0b230000 - 0x00007ffc0b240000 	C:\Program Files\Java\jdk-17\bin\verify.dll
0x00007ffc0ad60000 - 0x00007ffc0ad87000 	C:\Users\√÷¡ÿ«ı\.gradle\native\c067742578af261105cb4f569cf0c3c89f3d7b1fecec35dd04571415982c5e48\windows-amd64\native-platform.dll
0x00007ffbe7e20000 - 0x00007ffbe7f64000 	C:\Users\√÷¡ÿ«ı\.gradle\native\100fb08df4bc3b14c8652ba06237920a3bd2aa13389f12d3474272988ae205f9\windows-amd64\native-platform-file-events.dll
0x00007ffc0eb40000 - 0x00007ffc0eb4a000 	C:\Program Files\Java\jdk-17\bin\management.dll
0x00007ffc0b4a0000 - 0x00007ffc0b4ab000 	C:\Program Files\Java\jdk-17\bin\management_ext.dll
0x00007ffc17490000 - 0x00007ffc174ab000 	C:\Windows\SYSTEM32\CRYPTSP.dll
0x00007ffc16d20000 - 0x00007ffc16d55000 	C:\Windows\system32\rsaenh.dll
0x00007ffc17330000 - 0x00007ffc17358000 	C:\Windows\SYSTEM32\USERENV.dll
0x00007ffc174b0000 - 0x00007ffc174bc000 	C:\Windows\SYSTEM32\CRYPTBASE.dll
0x00007ffc167d0000 - 0x00007ffc167fd000 	C:\Windows\SYSTEM32\IPHLPAPI.DLL
0x00007ffc1a690000 - 0x00007ffc1a699000 	C:\Windows\System32\NSI.dll
0x00007ffc10b00000 - 0x00007ffc10b19000 	C:\Windows\SYSTEM32\dhcpcsvc6.DLL
0x00007ffc10ae0000 - 0x00007ffc10aff000 	C:\Windows\SYSTEM32\dhcpcsvc.DLL
0x00007ffc16800000 - 0x00007ffc168f8000 	C:\Windows\SYSTEM32\DNSAPI.dll
0x00007ffc0b240000 - 0x00007ffc0b24e000 	C:\Program Files\Java\jdk-17\bin\sunmscapi.dll
0x00007ffc17ca0000 - 0x00007ffc17e07000 	C:\Windows\System32\CRYPT32.dll
0x00007ffc17630000 - 0x00007ffc1765e000 	C:\Windows\SYSTEM32\ncrypt.dll
0x00007ffc175f0000 - 0x00007ffc17627000 	C:\Windows\SYSTEM32\NTASN1.dll
0x00007ffbf6000000 - 0x00007ffbf6008000 	C:\Windows\system32\wshunix.dll

dbghelp: loaded successfully - version: 4.0.5 - missing functions: none
symbol engine: initialized successfully - sym options: 0x614 - pdb path: .;C:\Program Files\Java\jdk-17\bin;C:\Windows\SYSTEM32;C:\Windows\WinSxS\amd64_microsoft.windows.common-controls_6595b64144ccf1df_6.0.22621.3672_none_2713b9d173822955;C:\Program Files\Java\jdk-17\bin\server;C:\Users\√÷¡ÿ«ı\.gradle\native\c067742578af261105cb4f569cf0c3c89f3d7b1fecec35dd04571415982c5e48\windows-am;C:\Users\√÷¡ÿ«ı\.gradle\native\c067742578af261105cb4f569cf0c3c89f3d7b1fecec35dd04571415982c5e48\windows-amd64;C:\Users\√÷¡ÿ«ı\.gradle\native\100fb08df4bc3b14c8652ba06237920a3bd2aa13389f12d3474272988ae205f9\wind;C:\Users\√÷¡ÿ«ı\.gradle\native\100fb08df4bc3b14c8652ba06237920a3bd2aa13389f12d3474272988ae205f9\w;C:\Users\√÷¡ÿ«ı\.gradle\native\100fb08df4bc3b14c8652ba06237920a3bd2aa13389f12d3474272988ae205f;C:\Users\√÷¡ÿ«ı\.gradle\native\100fb08df4bc3b14c8652ba06237920a3bd2aa13389f12d3474272988ae2;C:\Users\√÷¡ÿ«ı\.gradle\native\100fb08df4bc3b14c8652ba06237920a3bd2aa13389f12d3474272988

VM Arguments:
jvm_args: --add-opens=java.base/java.util=ALL-UNNAMED --add-opens=java.base/java.lang=ALL-UNNAMED --add-opens=java.base/java.lang.invoke=ALL-UNNAMED --add-opens=java.prefs/java.util.prefs=ALL-UNNAMED --add-opens=java.base/java.nio.charset=ALL-UNNAMED --add-opens=java.base/java.net=ALL-UNNAMED --add-opens=java.base/java.util.concurrent.atomic=ALL-UNNAMED -XX:MaxMetaspaceSize=384m -XX:+HeapDumpOnOutOfMemoryError -Xms256m -Xmx512m -Dfile.encoding=x-windows-949 -Duser.country=KR -Duser.language=ko -Duser.variant -javaagent:C:\Users\√÷¡ÿ«ı\.gradle\wrapper\dists\gradle-8.8-bin\dl7vupf4psengwqhwktix4v1\gradle-8.8\lib\agents\gradle-instrumentation-agent-8.8.jar 
java_command: org.gradle.launcher.daemon.bootstrap.GradleDaemon 8.8
java_class_path (initial): C:\Users\√÷¡ÿ«ı\.gradle\wrapper\dists\gradle-8.8-bin\dl7vupf4psengwqhwktix4v1\gradle-8.8\lib\gradle-launcher-8.8.jar
Launcher Type: SUN_STANDARD

[Global flags]
     intx CICompilerCount                          = 4                                         {product} {ergonomic}
   size_t CompressedClassSpaceSize                 = 335544320                                 {product} {ergonomic}
     uint ConcGCThreads                            = 3                                         {product} {ergonomic}
     uint G1ConcRefinementThreads                  = 10                                        {product} {ergonomic}
   size_t G1HeapRegionSize                         = 1048576                                   {product} {ergonomic}
    uintx GCDrainStackTargetSize                   = 64                                        {product} {ergonomic}
     bool HeapDumpOnOutOfMemoryError               = true                                   {manageable} {command line}
   size_t InitialHeapSize                          = 268435456                                 {product} {command line}
   size_t MarkStackSize                            = 4194304                                   {product} {ergonomic}
   size_t MaxHeapSize                              = 536870912                                 {product} {command line}
   size_t MaxMetaspaceSize                         = 402653184                                 {product} {command line}
   size_t MaxNewSize                               = 321912832                                 {product} {ergonomic}
   size_t MinHeapDeltaBytes                        = 1048576                                   {product} {ergonomic}
   size_t MinHeapSize                              = 268435456                                 {product} {command line}
    uintx NonNMethodCodeHeapSize                   = 5839372                                {pd product} {ergonomic}
    uintx NonProfiledCodeHeapSize                  = 122909434                              {pd product} {ergonomic}
    uintx ProfiledCodeHeapSize                     = 122909434                              {pd product} {ergonomic}
    uintx ReservedCodeCacheSize                    = 251658240                              {pd product} {ergonomic}
     bool SegmentedCodeCache                       = true                                      {product} {ergonomic}
   size_t SoftMaxHeapSize                          = 536870912                              {manageable} {ergonomic}
     bool UseCompressedClassPointers               = true                           {product lp64_product} {ergonomic}
     bool UseCompressedOops                        = true                           {product lp64_product} {ergonomic}
     bool UseG1GC                                  = true                                      {product} {ergonomic}
     bool UseLargePagesIndividualAllocation        = false                                  {pd product} {ergonomic}

Logging:
Log output configuration:
 #0: stdout all=warning uptime,level,tags
 #1: stderr all=off uptime,level,tags

Environment Variables:
JAVA_HOME=C:\Program Files\Java\jdk-17
PATH=%JAVA_HOME\lib;C:\Program Files\Common Files\Oracle\Java\javapath;C:\Program Files (x86)\VMware\VMware Player\bin\;C:\Windows\system32;C:\Windows;C:\Windows\System32\Wbem;C:\Windows\System32\WindowsPowerShell\v1.0\;C:\Windows\System32\OpenSSH\;C:\Program Files\Bandizip\;C:\Program Files\Git\cmd;C:\Users\√÷¡ÿ«ı\AppData\Local\Microsoft\WindowsApps;C:\Users\√÷¡ÿ«ı\AppData\Local\Programs\Microsoft VS Code\bin;C:\Program Files\JetBrains\IntelliJ IDEA 2024.1.3\bin;
USERNAME=√÷¡ÿ«ı
OS=Windows_NT
PROCESSOR_IDENTIFIER=Intel64 Family 6 Model 154 Stepping 3, GenuineIntel



---------------  S Y S T E M  ---------------

OS:
 Windows 11 , 64 bit Build 22621 (10.0.22621.3672)
OS uptime: 5 days 11:39 hours

CPU: total 12 (initial active 12) (6 cores per cpu, 2 threads per core) family 6 model 154 stepping 3 microcode 0x429, cx8, cmov, fxsr, ht, mmx, 3dnowpref, sse, sse2, sse3, ssse3, sse4.1, sse4.2, popcnt, lzcnt, tsc, tscinvbit, avx, avx2, aes, erms, clmul, bmi1, bmi2, adx, sha, fma, vzeroupper, clflush, clflushopt, clwb

Memory: 4k page, system-wide physical 16076M (110M free)
TotalPageFile size 46487M (AvailPageFile size 705M)
current process WorkingSet (physical memory assigned to process): 345M, peak: 423M
current process commit charge ("private bytes"): 493M, peak: 518M

vm_info: Java HotSpot(TM) 64-Bit Server VM (17.0.11+7-LTS-207) for windows-amd64 JRE (17.0.11+7-LTS-207), built on Mar 11 2024 19:01:50 by "mach5one" with MS VC++ 17.6 (VS2022)

END.
